#
# A fatal error has been detected by the Java Runtime Environment:
#
#  EXCEPTION_ACCESS_VIOLATION (0xc0000005) at pc=0x0000000071d8fda0, pid=3920, tid=3940
#
# JRE version: Java(TM) SE Runtime Environment (8.0_77-b03) (build 1.8.0_77-b03)
# Java VM: Java HotSpot(TM) 64-Bit Server VM (25.77-b03 mixed mode windows-amd64 compressed oops)
# Problematic frame:
# V  [jvm.dll+0xdfda0]
#
# Failed to write core dump. Minidumps are not enabled by default on client versions of Windows
#
# If you would like to submit a bug report, please visit:
#   http://bugreport.java.com/bugreport/crash.jsp
#

---------------  T H R E A D  ---------------

Current thread (0x00000000551f2000):  JavaThread "C1 CompilerThread1" daemon [_thread_in_vm, id=3940, stack(0x00000000563e0000,0x00000000564e0000)]

siginfo: ExceptionCode=0xc0000005, reading address 0x0000000000000005

Registers:
RAX=0x0000000002e9258b, RBX=0x0000000000000011, RCX=0x0000000011c73000, RDX=0x0000000000000005
RSP=0x00000000564deb50, RBP=0x0000000002e88740, RSI=0x0000000002612470, RDI=0x0000000002eaa180
R8 =0x000000000000000b, R9 =0x0000000000000000, R10=0x0000000000000005, R11=0x0000000002e92580
R12=0x0000000000000000, R13=0x000000000007d000, R14=0x0000000002dfe0c0, R15=0x00000000582baac0
RIP=0x0000000071d8fda0, EFLAGS=0x0000000000010206

Top of Stack: (sp=0x00000000564deb50)
0x00000000564deb50:   000000005a851190 0000000000000000
0x00000000564deb60:   000000000000000b 0000000071d901e6
0x00000000564deb70:   0000000000000298 0000000002612470
0x00000000564deb80:   00000000564dedc8 0000000000000000
0x00000000564deb90:   0000000000000298 0000000071d3edc6
0x00000000564deba0:   0000000000000000 0000000000000020
0x00000000564debb0:   00000000564dedc8 000000000261e510
0x00000000564debc0:   0000000000000001 0000000071d4c47b
0x00000000564debd0:   00000000024ef420 00000000024ef420
0x00000000564debe0:   00000000564dedc8 00000000564ded89
0x00000000564debf0:   0000000000000000 00000000582be850
0x00000000564dec00:   00000000ffffffff 00000000000002b0
0x00000000564dec10:   00000000564dec38 0000000000000000
0x00000000564dec20:   000000000000000f 0000000071d9ba2b
0x00000000564dec30:   000002b0ffffffff 00000000722891c8
0x00000000564dec40:   0000000000000000 0000000071d4d735 

Instructions: (pc=0x0000000071d8fda0)
0x0000000071d8fd80:   d9 41 8b f9 4d 8b d6 4d 85 f6 0f 84 0d 01 00 00
0x0000000071d8fd90:   4c 89 6c 24 20 4c 8b 2d 3c c9 6b 00 0f 1f 40 00
0x0000000071d8fda0:   49 8b 12 49 3b d0 72 28 4d 85 db 74 05 48 3b da
0x0000000071d8fdb0:   76 1e 45 84 e4 75 10 48 8b 4e 08 4b 8d 04 02 49 


Register to memory mapping:

RAX=0x0000000002e9258b is an unknown value
RBX=0x0000000000000011 is an unknown value
RCX=0x0000000011c73000 is an unknown value
RDX=0x0000000000000005 is an unknown value
RSP=0x00000000564deb50 is pointing into the stack for thread: 0x00000000551f2000
RBP=0x0000000002e88740 is an unknown value
RSI=0x0000000002612470 is an unknown value
RDI=0x0000000002eaa180 is an unknown value
R8 =0x000000000000000b is an unknown value
R9 =0x0000000000000000 is an unknown value
R10=0x0000000000000005 is an unknown value
R11=0x0000000002e92580 is an unknown value
R12=0x0000000000000000 is an unknown value
R13=0x000000000007d000 is an unknown value
R14=0x0000000002dfe0c0 is an unknown value
R15=0x00000000582baac0 is an unknown value


Stack: [0x00000000563e0000,0x00000000564e0000],  sp=0x00000000564deb50,  free space=1018k
Native frames: (J=compiled Java code, j=interpreted, Vv=VM code, C=native code)
V  [jvm.dll+0xdfda0]
V  [jvm.dll+0xe01e6]
V  [jvm.dll+0x8edc6]
V  [jvm.dll+0x9c47b]
V  [jvm.dll+0x306ae]
V  [jvm.dll+0x408669]
V  [jvm.dll+0x409624]
V  [jvm.dll+0x4097d1]
V  [jvm.dll+0x4099df]
V  [jvm.dll+0xa4ae2]
V  [jvm.dll+0xa541f]
V  [jvm.dll+0x243434]
V  [jvm.dll+0x29a27a]
C  [msvcr100.dll+0x21d9f]
C  [msvcr100.dll+0x21e3b]
C  [kernel32.dll+0x1f56d]
C  [ntdll.dll+0x33281]


Current CompileTask:
C1:10182173 17802       1       com.android.builder.internal.BaseConfigImpl::getMultiDexEnabled (5 bytes)


---------------  P R O C E S S  ---------------

Java Threads: ( => current thread )
  0x000000005a49c000 JavaThread "Daemon worker Thread 3" [_thread_blocked, id=5828, stack(0x0000000060240000,0x0000000060340000)]
  0x0000000057d7f000 JavaThread "Cancel handler" [_thread_blocked, id=6112, stack(0x000000005dd30000,0x000000005de30000)]
  0x0000000057d82000 JavaThread "Handler for socket connection from /127.0.0.1:50957 to /127.0.0.1:52500" [_thread_in_native, id=5948, stack(0x000000005db50000,0x000000005dc50000)]
  0x0000000057d81800 JavaThread "Daemon Thread 3" [_thread_blocked, id=6416, stack(0x000000005d980000,0x000000005da80000)]
  0x0000000057675000 JavaThread "File lock request listener" [_thread_in_native, id=1344, stack(0x0000000059390000,0x0000000059490000)]
  0x0000000057349800 JavaThread "Incoming local TCP Connector on port 50957" [_thread_in_native, id=3804, stack(0x0000000059080000,0x0000000059180000)]
  0x00000000564f8800 JavaThread "Service Thread" daemon [_thread_blocked, id=5904, stack(0x00000000559f0000,0x0000000055af0000)]
=>0x00000000551f2000 JavaThread "C1 CompilerThread1" daemon [_thread_in_vm, id=3940, stack(0x00000000563e0000,0x00000000564e0000)]
  0x00000000551ea800 JavaThread "C2 CompilerThread0" daemon [_thread_blocked, id=4972, stack(0x00000000561d0000,0x00000000562d0000)]
  0x00000000551e9000 JavaThread "Attach Listener" daemon [_thread_blocked, id=588, stack(0x0000000055fc0000,0x00000000560c0000)]
  0x00000000551e7000 JavaThread "Signal Dispatcher" daemon [_thread_blocked, id=4680, stack(0x00000000560c0000,0x00000000561c0000)]
  0x00000000551cf800 JavaThread "Finalizer" daemon [_thread_blocked, id=5580, stack(0x0000000055eb0000,0x0000000055fb0000)]
  0x0000000055186800 JavaThread "Reference Handler" daemon [_thread_blocked, id=5252, stack(0x0000000055cc0000,0x0000000055dc0000)]
  0x000000000261f800 JavaThread "main" [_thread_blocked, id=4524, stack(0x0000000002920000,0x0000000002a20000)]

Other Threads:
  0x000000005517e800 VMThread [stack: 0x0000000055b50000,0x0000000055c50000] [id=4612]
  0x0000000056501000 WatcherThread [stack: 0x00000000569f0000,0x0000000056af0000] [id=5900]

VM state:synchronizing (normal execution)

VM Mutex/Monitor currently owned by a thread:  ([mutex/lock_event])
[0x00000000024ef420] CodeCache_lock - owner thread: 0x00000000551f2000
[0x000000000261db10] Threads_lock - owner thread: 0x000000005517e800
[0x000000000261e510] Compile_lock - owner thread: 0x00000000551f2000
[0x000000000261e610] MethodCompileQueue_lock - owner thread: 0x00000000551f2000

Heap:
 PSYoungGen      total 254976K, used 28523K [0x00000000eab00000, 0x00000000ff800000, 0x0000000100000000)
  eden space 180224K, 14% used [0x00000000eab00000,0x00000000ec54a610,0x00000000f5b00000)
  from space 74752K, 2% used [0x00000000faf00000,0x00000000fb090650,0x00000000ff800000)
  to   space 80384K, 0% used [0x00000000f5b00000,0x00000000f5b00000,0x00000000fa980000)
 ParOldGen       total 336896K, used 253200K [0x00000000c0000000, 0x00000000d4900000, 0x00000000eab00000)
  object space 336896K, 75% used [0x00000000c0000000,0x00000000cf744198,0x00000000d4900000)
 Metaspace       used 77295K, capacity 81152K, committed 83288K, reserved 1120256K
  class space    used 10269K, capacity 11482K, committed 12120K, reserved 1048576K

Card table byte_map: [0x00000000120b0000,0x00000000122c0000] byte_map_base: 0x0000000011ab0000

Marking Bits: (ParMarkBitMap*) 0x00000000724c0600
 Begin Bits: [0x0000000012650000, 0x0000000013650000)
 End Bits:   [0x0000000013650000, 0x0000000014650000)

Polling page: 0x0000000000150000

CodeCache: size=245760Kb used=47278Kb max_used=47985Kb free=198481Kb
 bounds [0x0000000002cf0000, 0x0000000005c10000, 0x0000000011cf0000]
 total_blobs=13327 nmethods=12612 adapters=626
 compilation: enabled

Compilation events (10 events):
Event: 9359.540 Thread 0x00000000551f2000 nmethod 17797 0x0000000003b9de50 code [0x0000000003b9dfa0, 0x0000000003b9e0f0]
Event: 9359.542 Thread 0x00000000551f2000 17799       1       com.google.common.base.Splitter$1$1::separatorEnd (4 bytes)
Event: 9359.543 Thread 0x00000000551f2000 nmethod 17799 0x0000000003585110 code [0x0000000003585260, 0x0000000003585370]
Event: 9359.544 Thread 0x00000000551f2000 17798       3       com.google.common.base.Splitter$SplittingIterator::computeNext (279 bytes)
Event: 9359.546 Thread 0x00000000551f2000 nmethod 17798 0x0000000003947c50 code [0x0000000003947f00, 0x00000000039491a8]
Event: 9359.548 Thread 0x00000000551ea800 17800       4       com.google.common.base.AbstractIterator::hasNext (65 bytes)
Event: 9359.549 Thread 0x00000000551f2000 17801       3       com.google.common.base.Joiner::toString (24 bytes)
Event: 9359.549 Thread 0x00000000551f2000 nmethod 17801 0x00000000043b3f90 code [0x00000000043b4140, 0x00000000043b46f8]
Event: 9359.571 Thread 0x00000000551ea800 nmethod 17800 0x0000000005802610 code [0x00000000058027e0, 0x0000000005803308]
Event: 10179.498 Thread 0x00000000551f2000 17802       1       com.android.builder.internal.BaseConfigImpl::getMultiDexEnabled (5 bytes)

GC Heap History (10 events):
Event: 9339.553 GC heap before
{Heap before GC invocations=62 (full 10):
 PSYoungGen      total 224768K, used 63970K [0x00000000eab00000, 0x0000000100000000, 0x0000000100000000)
  eden space 160768K, 0% used [0x00000000eab00000,0x00000000eab00000,0x00000000f4800000)
  from space 64000K, 99% used [0x00000000fc180000,0x00000000ffff8ba8,0x0000000100000000)
  to   space 94208K, 0% used [0x00000000f4800000,0x00000000f4800000,0x00000000fa400000)
 ParOldGen       total 346112K, used 319896K [0x00000000c0000000, 0x00000000d5200000, 0x00000000eab00000)
  object space 346112K, 92% used [0x00000000c0000000,0x00000000d3866270,0x00000000d5200000)
 Metaspace       used 77740K, capacity 83108K, committed 83288K, reserved 1120256K
  class space    used 10461K, capacity 12107K, committed 12120K, reserved 1048576K
Event: 9342.988 GC heap after
Heap after GC invocations=62 (full 10):
 PSYoungGen      total 224768K, used 0K [0x00000000eab00000, 0x0000000100000000, 0x0000000100000000)
  eden space 160768K, 0% used [0x00000000eab00000,0x00000000eab00000,0x00000000f4800000)
  from space 64000K, 0% used [0x00000000fc180000,0x00000000fc180000,0x0000000100000000)
  to   space 94208K, 0% used [0x00000000f4800000,0x00000000f4800000,0x00000000fa400000)
 ParOldGen       total 336896K, used 222240K [0x00000000c0000000, 0x00000000d4900000, 0x00000000eab00000)
  object space 336896K, 65% used [0x00000000c0000000,0x00000000cd908198,0x00000000d4900000)
 Metaspace       used 76362K, capacity 80190K, committed 83288K, reserved 1120256K
  class space    used 10114K, capacity 11308K, committed 12120K, reserved 1048576K
}
Event: 9343.426 GC heap before
{Heap before GC invocations=63 (full 10):
 PSYoungGen      total 224768K, used 160768K [0x00000000eab00000, 0x0000000100000000, 0x0000000100000000)
  eden space 160768K, 100% used [0x00000000eab00000,0x00000000f4800000,0x00000000f4800000)
  from space 64000K, 0% used [0x00000000fc180000,0x00000000fc180000,0x0000000100000000)
  to   space 94208K, 0% used [0x00000000f4800000,0x00000000f4800000,0x00000000fa400000)
 ParOldGen       total 336896K, used 222240K [0x00000000c0000000, 0x00000000d4900000, 0x00000000eab00000)
  object space 336896K, 65% used [0x00000000c0000000,0x00000000cd908198,0x00000000d4900000)
 Metaspace       used 76368K, capacity 80190K, committed 83288K, reserved 1120256K
  class space    used 10114K, capacity 11308K, committed 12120K, reserved 1048576K
Event: 9343.482 GC heap after
Heap after GC invocations=63 (full 10):
 PSYoungGen      total 254976K, used 14560K [0x00000000eab00000, 0x0000000100000000, 0x0000000100000000)
  eden space 160768K, 0% used [0x00000000eab00000,0x00000000eab00000,0x00000000f4800000)
  from space 94208K, 15% used [0x00000000f4800000,0x00000000f5638000,0x00000000fa400000)
  to   space 89600K, 0% used [0x00000000fa880000,0x00000000fa880000,0x0000000100000000)
 ParOldGen       total 336896K, used 222240K [0x00000000c0000000, 0x00000000d4900000, 0x00000000eab00000)
  object space 336896K, 65% used [0x00000000c0000000,0x00000000cd908198,0x00000000d4900000)
 Metaspace       used 76368K, capacity 80190K, committed 83288K, reserved 1120256K
  class space    used 10114K, capacity 11308K, committed 12120K, reserved 1048576K
}
Event: 9343.887 GC heap before
{Heap before GC invocations=64 (full 10):
 PSYoungGen      total 254976K, used 175328K [0x00000000eab00000, 0x0000000100000000, 0x0000000100000000)
  eden space 160768K, 100% used [0x00000000eab00000,0x00000000f4800000,0x00000000f4800000)
  from space 94208K, 15% used [0x00000000f4800000,0x00000000f5638000,0x00000000fa400000)
  to   space 89600K, 0% used [0x00000000fa880000,0x00000000fa880000,0x0000000100000000)
 ParOldGen       total 336896K, used 222240K [0x00000000c0000000, 0x00000000d4900000, 0x00000000eab00000)
  object space 336896K, 65% used [0x00000000c0000000,0x00000000cd908198,0x00000000d4900000)
 Metaspace       used 76368K, capacity 80190K, committed 83288K, reserved 1120256K
  class space    used 10114K, capacity 11308K, committed 12120K, reserved 1048576K
Event: 9344.015 GC heap after
Heap after GC invocations=64 (full 10):
 PSYoungGen      total 243200K, used 10848K [0x00000000eab00000, 0x00000000ff480000, 0x0000000100000000)
  eden space 165376K, 0% used [0x00000000eab00000,0x00000000eab00000,0x00000000f4c80000)
  from space 77824K, 13% used [0x00000000fa880000,0x00000000fb318000,0x00000000ff480000)
  to   space 86016K, 0% used [0x00000000f4c80000,0x00000000f4c80000,0x00000000fa080000)
 ParOldGen       total 336896K, used 236856K [0x00000000c0000000, 0x00000000d4900000, 0x00000000eab00000)
  object space 336896K, 70% used [0x00000000c0000000,0x00000000ce74e198,0x00000000d4900000)
 Metaspace       used 76368K, capacity 80190K, committed 83288K, reserved 1120256K
  class space    used 10114K, capacity 11308K, committed 12120K, reserved 1048576K
}
Event: 9345.825 GC heap before
{Heap before GC invocations=65 (full 10):
 PSYoungGen      total 243200K, used 176224K [0x00000000eab00000, 0x00000000ff480000, 0x0000000100000000)
  eden space 165376K, 100% used [0x00000000eab00000,0x00000000f4c80000,0x00000000f4c80000)
  from space 77824K, 13% used [0x00000000fa880000,0x00000000fb318000,0x00000000ff480000)
  to   space 86016K, 0% used [0x00000000f4c80000,0x00000000f4c80000,0x00000000fa080000)
 ParOldGen       total 336896K, used 236856K [0x00000000c0000000, 0x00000000d4900000, 0x00000000eab00000)
  object space 336896K, 70% used [0x00000000c0000000,0x00000000ce74e198,0x00000000d4900000)
 Metaspace       used 76548K, capacity 80414K, committed 83288K, reserved 1120256K
  class space    used 10133K, capacity 11340K, committed 12120K, reserved 1048576K
Event: 9345.936 GC heap after
Heap after GC invocations=65 (full 10):
 PSYoungGen      total 251392K, used 8160K [0x00000000eab00000, 0x0000000100000000, 0x0000000100000000)
  eden space 165376K, 0% used [0x00000000eab00000,0x00000000eab00000,0x00000000f4c80000)
  from space 86016K, 9% used [0x00000000f4c80000,0x00000000f5478000,0x00000000fa080000)
  to   space 82944K, 0% used [0x00000000faf00000,0x00000000faf00000,0x0000000100000000)
 ParOldGen       total 336896K, used 247728K [0x00000000c0000000, 0x00000000d4900000, 0x00000000eab00000)
  object space 336896K, 73% used [0x00000000c0000000,0x00000000cf1ec198,0x00000000d4900000)
 Metaspace       used 76548K, capacity 80414K, committed 83288K, reserved 1120256K
  class space    used 10133K, capacity 11340K, committed 12120K, reserved 1048576K
}
Event: 9348.754 GC heap before
{Heap before GC invocations=66 (full 10):
 PSYoungGen      total 251392K, used 173536K [0x00000000eab00000, 0x0000000100000000, 0x0000000100000000)
  eden space 165376K, 100% used [0x00000000eab00000,0x00000000f4c80000,0x00000000f4c80000)
  from space 86016K, 9% used [0x00000000f4c80000,0x00000000f5478000,0x00000000fa080000)
  to   space 82944K, 0% used [0x00000000faf00000,0x00000000faf00000,0x0000000100000000)
 ParOldGen       total 336896K, used 247728K [0x00000000c0000000, 0x00000000d4900000, 0x00000000eab00000)
  object space 336896K, 73% used [0x00000000c0000000,0x00000000cf1ec198,0x00000000d4900000)
 Metaspace       used 77239K, capacity 81030K, committed 83288K, reserved 1120256K
  class space    used 10255K, capacity 11440K, committed 12120K, reserved 1048576K
Event: 9348.818 GC heap after
Heap after GC invocations=66 (full 10):
 PSYoungGen      total 254976K, used 1601K [0x00000000eab00000, 0x00000000ff800000, 0x0000000100000000)
  eden space 180224K, 0% used [0x00000000eab00000,0x00000000eab00000,0x00000000f5b00000)
  from space 74752K, 2% used [0x00000000faf00000,0x00000000fb090650,0x00000000ff800000)
  to   space 80384K, 0% used [0x00000000f5b00000,0x00000000f5b00000,0x00000000fa980000)
 ParOldGen       total 336896K, used 253200K [0x00000000c0000000, 0x00000000d4900000, 0x00000000eab00000)
  object space 336896K, 75% used [0x00000000c0000000,0x00000000cf744198,0x00000000d4900000)
 Metaspace       used 77239K, capacity 81030K, committed 83288K, reserved 1120256K
  class space    used 10255K, capacity 11440K, committed 12120K, reserved 1048576K
}

Deoptimization events (10 events):
Event: 9347.609 Thread 0x000000005a49c000 Uncommon trap: reason=class_check action=maybe_recompile pc=0x0000000005727620 method=proguard.shrink.UsedClassFilter.visitProgramClass(Lproguard/classfile/ProgramClass;)V @ 16
Event: 9347.714 Thread 0x000000005a49c000 Uncommon trap: reason=array_check action=maybe_recompile pc=0x00000000057b1768 method=java.util.ComparableTimSort.mergeLo(IIII)V @ 81
Event: 9347.714 Thread 0x000000005a49c000 Uncommon trap: reason=array_check action=maybe_recompile pc=0x00000000057b1768 method=java.util.ComparableTimSort.mergeLo(IIII)V @ 81
Event: 9347.714 Thread 0x000000005a49c000 Uncommon trap: reason=array_check action=maybe_recompile pc=0x00000000057b1768 method=java.util.ComparableTimSort.mergeLo(IIII)V @ 81
Event: 9347.715 Thread 0x000000005a49c000 Uncommon trap: reason=array_check action=maybe_recompile pc=0x00000000057b1768 method=java.util.ComparableTimSort.mergeLo(IIII)V @ 81
Event: 9347.719 Thread 0x000000005a49c000 Uncommon trap: reason=unstable_if action=reinterpret pc=0x0000000005246dd4 method=proguard.classfile.instruction.ConstantInstruction.requiredConstantIndexSize()I @ 12
Event: 9347.772 Thread 0x000000005a49c000 Uncommon trap: reason=bimorphic action=maybe_recompile pc=0x0000000005724fe8 method=proguard.classfile.util.SimplifiedVisitor.visitLocalVariableTableAttribute(Lproguard/classfile/Clazz;Lproguard/classfile/Method;Lproguard/classfile/attribute/CodeAttribute;4\ãAÂ@
Event: 9347.773 Thread 0x000000005a49c000 Uncommon trap: reason=bimorphic action=maybe_recompile pc=0x0000000005724fe8 method=proguard.classfile.util.SimplifiedVisitor.visitLocalVariableTableAttribute(Lproguard/classfile/Clazz;Lproguard/classfile/Method;Lproguard/classfile/attribute/CodeAttribute;ß÷BããAÂ@
Event: 9347.780 Thread 0x000000005a49c000 Uncommon trap: reason=bimorphic action=maybe_recompile pc=0x0000000005724fe8 method=proguard.classfile.util.SimplifiedVisitor.visitLocalVariableTableAttribute(Lproguard/classfile/Clazz;Lproguard/classfile/Method;Lproguard/classfile/attribute/CodeAttribute;œêÑøãAÂ@
Event: 9347.781 Thread 0x000000005a49c000 Uncommon trap: reason=bimorphic action=maybe_recompile pc=0x0000000005724fe8 method=proguard.classfile.util.SimplifiedVisitor.visitLocalVariableTableAttribute(Lproguard/classfile/Clazz;Lproguard/classfile/Method;Lproguard/classfile/attribute/CodeAttribute;kþaÎAÂ@

Internal exceptions (10 events):
Event: 9313.799 Thread 0x000000005a49c000 Exception <a 'java/lang/ClassNotFoundException': com/google/common/hash/HashingBeanInfo> (0x00000000f2e4be38) thrown at [D:\re\workspace\8-2-build-windows-amd64-cygwin\jdk8u77\6540\hotspot\src\share\vm\classfile\systemDictionary.cpp, line 210]
Event: 9313.800 Thread 0x000000005a49c000 Exception <a 'java/lang/ClassNotFoundException': com/google/common/hash/HashingCustomizer> (0x00000000f2e53fb0) thrown at [D:\re\workspace\8-2-build-windows-amd64-cygwin\jdk8u77\6540\hotspot\src\share\vm\classfile\systemDictionary.cpp, line 210]
Event: 9313.872 Thread 0x000000005a49c000 Exception <a 'java/lang/ClassNotFoundException': com/google/common/io/FilesBeanInfo> (0x00000000f2ead2c0) thrown at [D:\re\workspace\8-2-build-windows-amd64-cygwin\jdk8u77\6540\hotspot\src\share\vm\classfile\systemDictionary.cpp, line 210]
Event: 9313.872 Thread 0x000000005a49c000 Exception <a 'java/lang/ClassNotFoundException': com/google/common/io/FilesCustomizer> (0x00000000f2eb4d48) thrown at [D:\re\workspace\8-2-build-windows-amd64-cygwin\jdk8u77\6540\hotspot\src\share\vm\classfile\systemDictionary.cpp, line 210]
Event: 9313.928 Thread 0x000000005a49c000 Exception <a 'java/lang/ClassNotFoundException': com/google/common/hash/HashCode$BytesHashCodeBeanInfo> (0x00000000f2f24020) thrown at [D:\re\workspace\8-2-build-windows-amd64-cygwin\jdk8u77\6540\hotspot\src\share\vm\classfile\systemDictionary.cpp, line 21ð>íÎö0Â@
Event: 9313.928 Thread 0x000000005a49c000 Exception <a 'java/lang/ClassNotFoundException': com/google/common/hash/HashCodeBeanInfo> (0x00000000f2f2c770) thrown at [D:\re\workspace\8-2-build-windows-amd64-cygwin\jdk8u77\6540\hotspot\src\share\vm\classfile\systemDictionary.cpp, line 210]
Event: 9313.928 Thread 0x000000005a49c000 Exception <a 'java/lang/ClassNotFoundException': com/google/common/hash/HashCodeCustomizer> (0x00000000f2f352c0) thrown at [D:\re\workspace\8-2-build-windows-amd64-cygwin\jdk8u77\6540\hotspot\src\share\vm\classfile\systemDictionary.cpp, line 210]
Event: 9313.929 Thread 0x000000005a49c000 Exception <a 'java/lang/ClassNotFoundException': com/google/common/hash/HashCode$BytesHashCodeCustomizer> (0x00000000f2f46460) thrown at [D:\re\workspace\8-2-build-windows-amd64-cygwin\jdk8u77\6540\hotspot\src\share\vm\classfile\systemDictionary.cpp, line ™†_ÛÆGÂ@
Event: 9359.554 Thread 0x000000005a49c000 Exception <a 'java/lang/ClassNotFoundException': com/google/common/base/CharsetsBeanInfo> (0x00000000eb999888) thrown at [D:\re\workspace\8-2-build-windows-amd64-cygwin\jdk8u77\6540\hotspot\src\share\vm\classfile\systemDictionary.cpp, line 210]
Event: 9359.554 Thread 0x000000005a49c000 Exception <a 'java/lang/ClassNotFoundException': com/google/common/base/CharsetsCustomizer> (0x00000000eb9a1a50) thrown at [D:\re\workspace\8-2-build-windows-amd64-cygwin\jdk8u77\6540\hotspot\src\share\vm\classfile\systemDictionary.cpp, line 210]

Events (10 events):
Event: 9419.829 Thread 0x000000005a4a1800 Thread exited: 0x000000005a4a1800
Event: 10124.541 Executing VM operation: RevokeBias
Event: 10127.631 Executing VM operation: RevokeBias done
Event: 10134.104 Executing VM operation: RevokeBias
Event: 10134.125 Executing VM operation: RevokeBias done
Event: 10134.125 Thread 0x000000005f051000 Thread exited: 0x000000005f051000
Event: 10134.125 Thread 0x000000005f050800 Thread exited: 0x000000005f050800
Event: 10134.587 Executing VM operation: RevokeBias
Event: 10135.372 Executing VM operation: RevokeBias done
Event: 10135.455 Thread 0x000000005a4a2000 Thread exited: 0x000000005a4a2000


Dynamic libraries:
0x000000013fe80000 - 0x000000013feb7000 	C:\Program Files\Java\jdk1.8.0_77\bin\java.exe
0x00000000777e0000 - 0x000000007798b000 	C:\Windows\SYSTEM32\ntdll.dll
0x00000000775c0000 - 0x00000000776df000 	C:\Windows\system32\kernel32.dll
0x000007fefd960000 - 0x000007fefd9cb000 	C:\Windows\system32\KERNELBASE.dll
0x0000000075490000 - 0x0000000075519000 	C:\Windows\System32\SYSFER.DLL
0x000007fefe040000 - 0x000007fefe11b000 	C:\Windows\system32\ADVAPI32.dll
0x000007fefe330000 - 0x000007fefe3cf000 	C:\Windows\system32\msvcrt.dll
0x000007fefe550000 - 0x000007fefe56f000 	C:\Windows\SYSTEM32\sechost.dll
0x000007fefdb10000 - 0x000007fefdc3e000 	C:\Windows\system32\RPCRT4.dll
0x00000000776e0000 - 0x00000000777da000 	C:\Windows\system32\USER32.dll
0x000007fefe4c0000 - 0x000007fefe527000 	C:\Windows\system32\GDI32.dll
0x000007feffae0000 - 0x000007feffaee000 	C:\Windows\system32\LPK.dll
0x000007feff990000 - 0x000007feffa5a000 	C:\Windows\system32\USP10.dll
0x000007fefc190000 - 0x000007fefc384000 	C:\Windows\WinSxS\amd64_microsoft.windows.common-controls_6595b64144ccf1df_6.0.7600.16385_none_fa645303170382f6\COMCTL32.dll
0x000007feffa60000 - 0x000007feffad1000 	C:\Windows\system32\SHLWAPI.dll
0x000007fefe000000 - 0x000007fefe02e000 	C:\Windows\system32\IMM32.DLL
0x000007fefdef0000 - 0x000007fefdff9000 	C:\Windows\system32\MSCTF.dll
0x000000006bcf0000 - 0x000000006bdc2000 	C:\Program Files\Java\jdk1.8.0_77\jre\bin\msvcr100.dll
0x0000000071cb0000 - 0x0000000072540000 	C:\Program Files\Java\jdk1.8.0_77\jre\bin\server\jvm.dll
0x000007fef9c40000 - 0x000007fef9c49000 	C:\Windows\system32\WSOCK32.dll
0x000007fefe570000 - 0x000007fefe5bd000 	C:\Windows\system32\WS2_32.dll
0x000007fefe030000 - 0x000007fefe038000 	C:\Windows\system32\NSI.dll
0x000007fefb510000 - 0x000007fefb54b000 	C:\Windows\system32\WINMM.dll
0x000007fefc930000 - 0x000007fefc93c000 	C:\Windows\system32\VERSION.dll
0x00000000779b0000 - 0x00000000779b7000 	C:\Windows\system32\PSAPI.DLL
0x0000000071bc0000 - 0x0000000071bcf000 	C:\Program Files\Java\jdk1.8.0_77\jre\bin\verify.dll
0x0000000071b90000 - 0x0000000071bb9000 	C:\Program Files\Java\jdk1.8.0_77\jre\bin\java.dll
0x0000000071b70000 - 0x0000000071b86000 	C:\Program Files\Java\jdk1.8.0_77\jre\bin\zip.dll
0x000007fefe7a0000 - 0x000007feff526000 	C:\Windows\system32\SHELL32.dll
0x000007fefe120000 - 0x000007fefe321000 	C:\Windows\system32\ole32.dll
0x000007fefd740000 - 0x000007fefd74f000 	C:\Windows\system32\profapi.dll
0x000007fefcff0000 - 0x000007fefd007000 	C:\Windows\system32\CRYPTSP.dll
0x000007fefccf0000 - 0x000007fefcd37000 	C:\Windows\system32\rsaenh.dll
0x000007fefca70000 - 0x000007fefca8e000 	C:\Windows\system32\USERENV.dll
0x000007fefd630000 - 0x000007fefd63f000 	C:\Windows\system32\CRYPTBASE.dll
0x0000000071440000 - 0x000000007145a000 	C:\Program Files\Java\jdk1.8.0_77\jre\bin\net.dll
0x0000000180000000 - 0x000000018006d000 	C:\Windows\system32\LavasoftTcpService64.dll
0x000007fefcf90000 - 0x000007fefcfe4000 	C:\Windows\system32\MSWSOCK.dll
0x000007fefc950000 - 0x000007fefc977000 	C:\Windows\system32\IPHLPAPI.DLL
0x000007fefc940000 - 0x000007fefc94b000 	C:\Windows\system32\WINNSI.DLL
0x000007fefdce0000 - 0x000007fefddb7000 	C:\Windows\system32\OLEAUT32.dll
0x000007fefd5a0000 - 0x000007fefd5c5000 	C:\Windows\system32\SspiCli.dll
0x000007fefcf80000 - 0x000007fefcf87000 	C:\Windows\System32\wship6.dll
0x000007fefc130000 - 0x000007fefc186000 	C:\Windows\system32\uxtheme.dll
0x000007fefaba0000 - 0x000007fefabb1000 	C:\Windows\system32\dhcpcsvc6.DLL
0x000007fefab80000 - 0x000007fefab98000 	C:\Windows\system32\dhcpcsvc.DLL
0x0000000071330000 - 0x0000000071341000 	C:\Program Files\Java\jdk1.8.0_77\jre\bin\nio.dll
0x000007feee2b0000 - 0x000007feee2c2000 	C:\Users\MansiPatel\AppData\Local\Temp\native-platform2097038895230016587dir\native-platform.dll
0x000007fefe3d0000 - 0x000007fefe469000 	C:\Windows\system32\CLBCatQ.DLL
0x000007fefd720000 - 0x000007fefd734000 	C:\Windows\system32\RpcRtRemote.dll
0x000007fefd680000 - 0x000007fefd712000 	C:\Windows\system32\SXS.DLL
0x000007fefd5d0000 - 0x000007fefd627000 	C:\Windows\system32\apphelp.dll
0x000007feed500000 - 0x000007feed625000 	C:\Windows\system32\dbghelp.dll

VM Arguments:
jvm_args: -XX:MaxPermSize=256m -XX:+HeapDumpOnOutOfMemoryError -Xmx1024m -Dfile.encoding=windows-1252 -Duser.country=US -Duser.language=en -Duser.variant 
java_command: org.gradle.launcher.daemon.bootstrap.GradleDaemon 2.2 C:\Users\MansiPatel\.gradle\daemon 10800000 d4938b3d-ae26-4d22-a452-da001f4395d8 -XX:MaxPermSize=256m -XX:+HeapDumpOnOutOfMemoryError -Xmx1024m -Dfile.encoding=windows-1252 -Duser.country=US -Duser.language=en -Duser.variant
java_class_path (initial): C:\Users\MansiPatel\.gradle\wrapper\dists\gradle-2.2-all\1vevkra640w3rb9hkuw50q5we\gradle-2.2\lib\gradle-launcher-2.2.jar
Launcher Type: SUN_STANDARD

Environment Variables:
JAVA_HOME=C:\Program Files\Java\jdk1.8.0_77
PATH=C:\ProgramData\Oracle\Java\javapath;C:\Windows\system32;C:\Windows;C:\Windows\System32\Wbem;C:\Windows\System32\WindowsPowerShell\v1.0\;C:\Program Files (x86)\Common Files\SYSTEM\MSMAPI\1033;C:\Program Files (x86)\MySQL\MySQL Utilities 1.3.6\;C:\Program Files (x86)\Tesseract-OCR;C:\blp\API\dde;C:\blp\API;D:\AndroidDev\sdk\platform-tools;D:\AndroidDev\sdk\tools;C:\Program Files\SQL Anywhere 16\bin64;C:\Program Files\SQL Anywhere 16\bin32;C:\Program Files\TortoiseSVN\bin;C:\wamp\bin\php\php5.5.12;C:\ProgramData\ComposerSetup\bin;C:\Program Files\SQL Anywhere 16\\BIN32;C:\Program Files\SQL Anywhere 16\\BIN64;C:\Program Files\nodejs\;C:\Program Files\Microsoft\Web Platform Installer\;C:\Program Files (x86)\Skype\Phone\;C:\ProgramData\Oracle\Java\javapath;C:\Windows\system32;C:\Windows;C:\Windows\System32\Wbem;C:\Windows\System32\WindowsPowerShell\v1.0\;C:\Program Files (x86)\Common Files\SYSTEM\MSMAPI\1033;C:\Program Files (x86)\MySQL\MySQL Utilities 1.3.6\;C:\Program Files (x86)\Tesseract-OCR;C:\blp\API\dde;C:\blp\API;D:\AndroidDev\sdk\platform-tools;D:\AndroidDev\sdk\tools;C:\Program Files\SQL Anywhere 16\bin64;C:\Program Files\SQL Anywhere 16\bin32;C:\Program Files\TortoiseSVN\bin;C:\wamp\bin\php\php5.5.12;C:\ProgramData\ComposerSetup\bin;C:\Program Files\SQL Anywhere 16\\BIN32;C:\Program Files\SQL Anywhere 16\\BIN64;C:\Program Files\nodejs\;C:\Program Files\Microsoft\Web Platform Installer\;C:\Program Files (x86)\Skype\Phone\;C:\Git\cmd;C:\Git\mingw64\bin;C:\Git\usr\bin
USERNAME=MansiPatel
OS=Windows_NT
PROCESSOR_IDENTIFIER=Intel64 Family 6 Model 23 Stepping 10, GenuineIntel



---------------  S Y S T E M  ---------------

OS: Windows 7 , 64 bit Build 7600 (6.1.7600.16385)

CPU:total 2 (2 cores per cpu, 1 threads per core) family 6 model 23 stepping 10, cmov, cx8, fxsr, mmx, sse, sse2, sse3, ssse3, tsc

Memory: 4k page, physical 4157944k(2125864k free), swap 8313992k(3442144k free)

vm_info: Java HotSpot(TM) 64-Bit Server VM (25.77-b03) for windows-amd64 JRE (1.8.0_77-b03), built on Mar 20 2016 22:01:33 by "java_re" with MS VC++ 10.0 (VS2010)

time: Wed Nov 15 14:29:19 2017
elapsed time: 10182 seconds (0d 2h 49m 42s)

