#
# There is insufficient memory for the Java Runtime Environment to continue.
# Native memory allocation (malloc) failed to allocate 265289728 bytes for committing reserved memory.
# Possible reasons:
#   The system is out of physical RAM or swap space
#   In 32 bit mode, the process size limit was hit
# Possible solutions:
#   Reduce memory load on the system
#   Increase physical memory or swap space
#   Check if swap backing store is full
#   Use 64 bit Java on a 64 bit OS
#   Decrease Java heap size (-Xmx/-Xms)
#   Decrease number of Java threads
#   Decrease Java thread stack sizes (-Xss)
#   Set larger code cache with -XX:ReservedCodeCacheSize=
# This output file may be truncated or incomplete.
#
#  Out of Memory Error (os_linux.cpp:2809), pid=16233, tid=139825882965760
#
# JRE version: OpenJDK Runtime Environment (7.0_79-b14) (build 1.7.0_79-b14)
# Java VM: OpenJDK 64-Bit Server VM (24.79-b02 mixed mode linux-amd64 compressed oops)
# Derivative: IcedTea 2.5.5
# Distribution: Ubuntu 14.04 LTS, package 7u79-2.5.5-0ubuntu0.14.04.2
# Failed to write core dump. Core dumps have been disabled. To enable core dumping, try "ulimit -c unlimited" before starting Java again
#

---------------  T H R E A D  ---------------

Current thread (0x00007f2bbc071800):  VMThread [stack: 0x00007f2bc005a000,0x00007f2bc015b000] [id=16240]

Stack: [0x00007f2bc005a000,0x00007f2bc015b000],  sp=0x00007f2bc0159490,  free space=1021k
Native frames: (J=compiled Java code, j=interpreted, Vv=VM code, C=native code)
V  [libjvm.so+0x94aec5]  VMError::report_and_die()+0x175
V  [libjvm.so+0x48b9c4]  report_vm_out_of_memory(char const*, int, unsigned long, char const*)+0x74
V  [libjvm.so+0x7c806b]  os::pd_commit_memory(char*, unsigned long, unsigned long, bool)+0xeb
V  [libjvm.so+0x7c2b0f]  os::commit_memory(char*, unsigned long, unsigned long, bool)+0x1f
V  [libjvm.so+0x83500b]  PSVirtualSpace::expand_by(unsigned long)+0x5b
V  [libjvm.so+0x835e60]  PSYoungGen::resize_generation(unsigned long, unsigned long)+0xb0
V  [libjvm.so+0x83654b]  PSYoungGen::resize(unsigned long, unsigned long)+0x1b
V  [libjvm.so+0x832830]  PSScavenge::invoke_no_policy()+0xde0
V  [libjvm.so+0x833008]  PSScavenge::invoke()+0x38
V  [libjvm.so+0x7e96f3]  ParallelScavengeHeap::failed_mem_allocate(unsigned long)+0x63
V  [libjvm.so+0x94c8c4]  VM_ParallelGCFailedAllocation::doit()+0x84
V  [libjvm.so+0x950dc7]  VM_Operation::evaluate()+0x47
V  [libjvm.so+0x94f738]  VMThread::evaluate_operation(VM_Operation*)+0x318
V  [libjvm.so+0x94fb99]  VMThread::loop()+0x219
V  [libjvm.so+0x94ffe2]  VMThread::run()+0x72
V  [libjvm.so+0x7c4f32]  java_start(Thread*)+0xf2

VM_Operation (0x00007f2bc6071f80): ParallelGCFailedAllocation, mode: safepoint, requested by thread 0x00007f2bbc00a800


---------------  P R O C E S S  ---------------

Java Threads: ( => current thread )
  0x00007f2bbc0aa000 JavaThread "Service Thread" daemon [_thread_blocked, id=16246, stack(0x00007f2bb8318000,0x00007f2bb8419000)]
  0x00007f2bbc0a7800 JavaThread "C2 CompilerThread1" daemon [_thread_blocked, id=16245, stack(0x00007f2bb8419000,0x00007f2bb851a000)]
  0x00007f2bbc0a4800 JavaThread "C2 CompilerThread0" daemon [_thread_blocked, id=16244, stack(0x00007f2bb851a000,0x00007f2bb861b000)]
  0x00007f2bbc0a2800 JavaThread "Signal Dispatcher" daemon [_thread_blocked, id=16243, stack(0x00007f2bb861b000,0x00007f2bb871c000)]
  0x00007f2bbc077800 JavaThread "Finalizer" daemon [_thread_blocked, id=16242, stack(0x00007f2bb8dfe000,0x00007f2bb8eff000)]
  0x00007f2bbc075800 JavaThread "Reference Handler" daemon [_thread_blocked, id=16241, stack(0x00007f2bb8eff000,0x00007f2bb9000000)]
  0x00007f2bbc00a800 JavaThread "main" [_thread_blocked, id=16237, stack(0x00007f2bc5f73000,0x00007f2bc6074000)]

Other Threads:
=>0x00007f2bbc071800 VMThread [stack: 0x00007f2bc005a000,0x00007f2bc015b000] [id=16240]
  0x00007f2bbc0b4800 WatcherThread [stack: 0x00007f2bb8217000,0x00007f2bb8318000] [id=16247]

VM state:at safepoint (normal execution)

VM Mutex/Monitor currently owned by a thread:  ([mutex/lock_event])
[0x00007f2bbc006a90] Threads_lock - owner thread: 0x00007f2bbc071800
[0x00007f2bbc006f90] Heap_lock - owner thread: 0x00007f2bbc00a800

Heap
 PSYoungGen      total 1254912K, used 415214K [0x0000000755500000, 0x00000007bf600000, 0x0000000800000000)
  eden space 839680K, 0% used [0x0000000755500000,0x0000000755500000,0x0000000788900000)
  from space 415232K, 99% used [0x0000000788900000,0x00000007a1e7baa8,0x00000007a1e80000)
  to   space 358400K, 0% used [0x00000007a1e80000,0x00000007a1e80000,0x00000007b7c80000)
 ParOldGen       total 609792K, used 532567K [0x0000000600000000, 0x0000000625380000, 0x0000000755500000)
  object space 609792K, 87% used [0x0000000600000000,0x0000000620815e80,0x0000000625380000)
 PSPermGen       total 21504K, used 6929K [0x00000005f5a00000, 0x00000005f6f00000, 0x0000000600000000)
  object space 21504K, 32% used [0x00000005f5a00000,0x00000005f60c4620,0x00000005f6f00000)

Card table byte_map: [0x00007f2bc1b5e000,0x00007f2bc2bb2000] byte_map_base: 0x00007f2bbebb1000

Polling page: 0x00007f2bc608f000

Code Cache  [0x00007f2bb9000000, 0x00007f2bb9460000, 0x00007f2bbc000000)
 total_blobs=1509 nmethods=1277 adapters=186 free_code_cache=44803Kb largest_free_block=45805888

Compilation events (10 events):
Event: 342.534 Thread 0x00007f2bbc0a4800 nmethod 1331 0x00007f2bb944d250 code [0x00007f2bb944d580, 0x00007f2bb944eee0]
Event: 342.534 Thread 0x00007f2bbc0a4800 1332             com.android.dx.dex.code.DalvInsn::getMinimumRegisterRequirement (101 bytes)
Event: 342.540 Thread 0x00007f2bbc0a4800 nmethod 1332 0x00007f2bb9392e10 code [0x00007f2bb9392fc0, 0x00007f2bb93934f8]
Event: 342.540 Thread 0x00007f2bbc0a4800 1333             com.android.dx.dex.code.OutputFinisher::assignAddressesAndFixBranches (15 bytes)
Event: 342.544 Thread 0x00007f2bbc0a4800 nmethod 1333 0x00007f2bb93922d0 code [0x00007f2bb9392480, 0x00007f2bb9392878]
Event: 342.544 Thread 0x00007f2bbc0a4800 1334             com.android.dx.dex.file.Section::getFile (5 bytes)
Event: 342.544 Thread 0x00007f2bbc0a4800 nmethod 1334 0x00007f2bb93920d0 code [0x00007f2bb9392200, 0x00007f2bb9392278]
Event: 342.544 Thread 0x00007f2bbc0a4800 1335             com.android.dx.dex.code.PositionList::<init> (6 bytes)
Event: 342.545 Thread 0x00007f2bbc0a4800 nmethod 1335 0x00007f2bb9393d90 code [0x00007f2bb9393ee0, 0x00007f2bb9394018]
Event: 342.545 Thread 0x00007f2bbc0a4800 1336             com.android.dx.dex.file.CodeItem::place0 (88 bytes)

GC Heap History (10 events):
Event: 165.804 GC heap after
Heap after GC invocations=44 (full 5):
 PSYoungGen      total 946176K, used 249322K [0x0000000755500000, 0x00000007aba00000, 0x0000000800000000)
  eden space 696832K, 0% used [0x0000000755500000,0x0000000755500000,0x000000077fd80000)
  from space 249344K, 99% used [0x000000077fd80000,0x000000078f0fa820,0x000000078f100000)
  to   space 295936K, 0% used [0x0000000799900000,0x0000000799900000,0x00000007aba00000)
 ParOldGen       total 453632K, used 406946K [0x0000000600000000, 0x000000061bb00000, 0x0000000755500000)
  object space 453632K, 89% used [0x0000000600000000,0x0000000618d68a48,0x000000061bb00000)
 PSPermGen       total 21504K, used 6189K [0x00000005f5a00000, 0x00000005f6f00000, 0x0000000600000000)
  object space 21504K, 28% used [0x00000005f5a00000,0x00000005f600b5b8,0x00000005f6f00000)
}
Event: 165.804 GC heap before
{Heap before GC invocations=45 (full 6):
 PSYoungGen      total 946176K, used 249322K [0x0000000755500000, 0x00000007aba00000, 0x0000000800000000)
  eden space 696832K, 0% used [0x0000000755500000,0x0000000755500000,0x000000077fd80000)
  from space 249344K, 99% used [0x000000077fd80000,0x000000078f0fa820,0x000000078f100000)
  to   space 295936K, 0% used [0x0000000799900000,0x0000000799900000,0x00000007aba00000)
 ParOldGen       total 453632K, used 406946K [0x0000000600000000, 0x000000061bb00000, 0x0000000755500000)
  object space 453632K, 89% used [0x0000000600000000,0x0000000618d68a48,0x000000061bb00000)
 PSPermGen       total 21504K, used 6189K [0x00000005f5a00000, 0x00000005f6f00000, 0x0000000600000000)
  object space 21504K, 28% used [0x00000005f5a00000,0x00000005f600b5b8,0x00000005f6f00000)
Event: 182.390 GC heap after
Heap after GC invocations=45 (full 6):
 PSYoungGen      total 946176K, used 189759K [0x0000000755500000, 0x00000007aba00000, 0x0000000800000000)
  eden space 696832K, 0% used [0x0000000755500000,0x0000000755500000,0x000000077fd80000)
  from space 249344K, 76% used [0x000000077fd80000,0x000000078b6cfc78,0x000000078f100000)
  to   space 295936K, 0% used [0x0000000799900000,0x0000000799900000,0x00000007aba00000)
 ParOldGen       total 609792K, used 453624K [0x0000000600000000, 0x0000000625380000, 0x0000000755500000)
  object space 609792K, 74% used [0x0000000600000000,0x000000061bafe180,0x0000000625380000)
 PSPermGen       total 21504K, used 6189K [0x00000005f5a00000, 0x00000005f6f00000, 0x0000000600000000)
  object space 21504K, 28% used [0x00000005f5a00000,0x00000005f600b5b8,0x00000005f6f00000)
}
Event: 185.353 GC heap before
{Heap before GC invocations=46 (full 6):
 PSYoungGen      total 946176K, used 886591K [0x0000000755500000, 0x00000007aba00000, 0x0000000800000000)
  eden space 696832K, 100% used [0x0000000755500000,0x000000077fd80000,0x000000077fd80000)
  from space 249344K, 76% used [0x000000077fd80000,0x000000078b6cfc78,0x000000078f100000)
  to   space 295936K, 0% used [0x0000000799900000,0x0000000799900000,0x00000007aba00000)
 ParOldGen       total 609792K, used 453624K [0x0000000600000000, 0x0000000625380000, 0x0000000755500000)
  object space 609792K, 74% used [0x0000000600000000,0x000000061bafe180,0x0000000625380000)
 PSPermGen       total 21504K, used 6189K [0x00000005f5a00000, 0x00000005f6f00000, 0x0000000600000000)
  object space 21504K, 28% used [0x00000005f5a00000,0x00000005f600b730,0x00000005f6f00000)
Event: 213.737 GC heap after
Heap after GC invocations=46 (full 6):
 PSYoungGen      total 1073664K, used 284907K [0x0000000755500000, 0x00000007b1600000, 0x0000000800000000)
  eden space 777728K, 0% used [0x0000000755500000,0x0000000755500000,0x0000000784c80000)
  from space 295936K, 96% used [0x0000000799900000,0x00000007aaf3af50,0x00000007aba00000)
  to   space 340480K, 0% used [0x0000000784c80000,0x0000000784c80000,0x0000000799900000)
 ParOldGen       total 609792K, used 467143K [0x0000000600000000, 0x0000000625380000, 0x0000000755500000)
  object space 609792K, 76% used [0x0000000600000000,0x000000061c831d10,0x0000000625380000)
 PSPermGen       total 21504K, used 6189K [0x00000005f5a00000, 0x00000005f6f00000, 0x0000000600000000)
  object space 21504K, 28% used [0x00000005f5a00000,0x00000005f600b730,0x00000005f6f00000)
}
Event: 259.048 GC heap before
{Heap before GC invocations=47 (full 6):
 PSYoungGen      total 1073664K, used 1062635K [0x0000000755500000, 0x00000007b1600000, 0x0000000800000000)
  eden space 777728K, 100% used [0x0000000755500000,0x0000000784c80000,0x0000000784c80000)
  from space 295936K, 96% used [0x0000000799900000,0x00000007aaf3af50,0x00000007aba00000)
  to   space 340480K, 0% used [0x0000000784c80000,0x0000000784c80000,0x0000000799900000)
 ParOldGen       total 609792K, used 467143K [0x0000000600000000, 0x0000000625380000, 0x0000000755500000)
  object space 609792K, 76% used [0x0000000600000000,0x000000061c831d10,0x0000000625380000)
 PSPermGen       total 21504K, used 6543K [0x00000005f5a00000, 0x00000005f6f00000, 0x0000000600000000)
  object space 21504K, 30% used [0x00000005f5a00000,0x00000005f6063cc0,0x00000005f6f00000)
Event: 260.050 GC heap after
Heap after GC invocations=47 (full 6):
 PSYoungGen      total 1118208K, used 238353K [0x0000000755500000, 0x00000007b7c80000, 0x0000000800000000)
  eden space 777728K, 0% used [0x0000000755500000,0x0000000755500000,0x0000000784c80000)
  from space 340480K, 70% used [0x0000000784c80000,0x0000000793544580,0x0000000799900000)
  to   space 358400K, 0% used [0x00000007a1e80000,0x00000007a1e80000,0x00000007b7c80000)
 ParOldGen       total 609792K, used 467471K [0x0000000600000000, 0x0000000625380000, 0x0000000755500000)
  object space 609792K, 76% used [0x0000000600000000,0x000000061c883d10,0x0000000625380000)
 PSPermGen       total 21504K, used 6543K [0x00000005f5a00000, 0x00000005f6f00000, 0x0000000600000000)
  object space 21504K, 30% used [0x00000005f5a00000,0x00000005f6063cc0,0x00000005f6f00000)
}
Event: 273.838 GC heap before
{Heap before GC invocations=48 (full 6):
 PSYoungGen      total 1118208K, used 1016081K [0x0000000755500000, 0x00000007b7c80000, 0x0000000800000000)
  eden space 777728K, 100% used [0x0000000755500000,0x0000000784c80000,0x0000000784c80000)
  from space 340480K, 70% used [0x0000000784c80000,0x0000000793544580,0x0000000799900000)
  to   space 358400K, 0% used [0x00000007a1e80000,0x00000007a1e80000,0x00000007b7c80000)
 ParOldGen       total 609792K, used 467471K [0x0000000600000000, 0x0000000625380000, 0x0000000755500000)
  object space 609792K, 76% used [0x0000000600000000,0x000000061c883d10,0x0000000625380000)
 PSPermGen       total 21504K, used 6926K [0x00000005f5a00000, 0x00000005f6f00000, 0x0000000600000000)
  object space 21504K, 32% used [0x00000005f5a00000,0x00000005f60c3ab0,0x00000005f6f00000)
Event: 340.827 GC heap after
Heap after GC invocations=48 (full 6):
 PSYoungGen      total 1198080K, used 355204K [0x0000000755500000, 0x00000007bf600000, 0x0000000800000000)
  eden space 839680K, 0% used [0x0000000755500000,0x0000000755500000,0x0000000788900000)
  from space 358400K, 99% used [0x00000007a1e80000,0x00000007b7961188,0x00000007b7c80000)
  to   space 415232K, 0% used [0x0000000788900000,0x0000000788900000,0x00000007a1e80000)
 ParOldGen       total 609792K, used 471015K [0x0000000600000000, 0x0000000625380000, 0x0000000755500000)
  object space 609792K, 77% used [0x0000000600000000,0x000000061cbf9d10,0x0000000625380000)
 PSPermGen       total 21504K, used 6926K [0x00000005f5a00000, 0x00000005f6f00000, 0x0000000600000000)
  object space 21504K, 32% used [0x00000005f5a00000,0x00000005f60c3ab0,0x00000005f6f00000)
}
Event: 344.466 GC heap before
{Heap before GC invocations=49 (full 6):
 PSYoungGen      total 1198080K, used 1194884K [0x0000000755500000, 0x00000007bf600000, 0x0000000800000000)
  eden space 839680K, 100% used [0x0000000755500000,0x0000000788900000,0x0000000788900000)
  from space 358400K, 99% used [0x00000007a1e80000,0x00000007b7961188,0x00000007b7c80000)
  to   space 415232K, 0% used [0x0000000788900000,0x0000000788900000,0x00000007a1e80000)
 ParOldGen       total 609792K, used 471015K [0x0000000600000000, 0x0000000625380000, 0x0000000755500000)
  object space 609792K, 77% used [0x0000000600000000,0x000000061cbf9d10,0x0000000625380000)
 PSPermGen       total 21504K, used 6929K [0x00000005f5a00000, 0x00000005f6f00000, 0x0000000600000000)
  object space 21504K, 32% used [0x00000005f5a00000,0x00000005f60c4620,0x00000005f6f00000)

Deoptimization events (10 events):
Event: 268.650 Thread 0x00007f2bbc00a800 Uncommon trap: reason=class_check action=maybe_recompile pc=0x00007f2bb90df474 method=java.util.HashMap.<init>(IF)V @ 115
Event: 268.651 Thread 0x00007f2bbc00a800 Uncommon trap: reason=class_check action=maybe_recompile pc=0x00007f2bb92478bc method=java.util.HashMap.resize(I)V @ 35
Event: 268.651 Thread 0x00007f2bbc00a800 Uncommon trap: reason=class_check action=maybe_recompile pc=0x00007f2bb92478bc method=java.util.HashMap.resize(I)V @ 35
Event: 268.651 Thread 0x00007f2bbc00a800 Uncommon trap: reason=class_check action=maybe_recompile pc=0x00007f2bb92478bc method=java.util.HashMap.resize(I)V @ 35
Event: 268.651 Thread 0x00007f2bbc00a800 Uncommon trap: reason=class_check action=maybe_recompile pc=0x00007f2bb90df474 method=java.util.HashMap.<init>(IF)V @ 115
Event: 268.875 Thread 0x00007f2bbc00a800 Uncommon trap: reason=class_check action=maybe_recompile pc=0x00007f2bb92478bc method=java.util.HashMap.resize(I)V @ 35
Event: 271.257 Thread 0x00007f2bbc00a800 Uncommon trap: reason=class_check action=maybe_recompile pc=0x00007f2bb931a30c method=com.android.dx.cf.code.RopperMachine.run(Lcom/android/dx/cf/code/Frame;II)V @ 1024
Event: 272.190 Thread 0x00007f2bbc00a800 Uncommon trap: reason=unreached action=reinterpret pc=0x00007f2bb92e9bf8 method=com.android.dx.dex.code.OutputFinisher.hasLocalInfo(Lcom/android/dx/rop/code/RegisterSpec;)Z @ 1
Event: 272.662 Thread 0x00007f2bbc00a800 Uncommon trap: reason=class_check action=maybe_recompile pc=0x00007f2bb9165584 method=com.android.dx.ssa.SCCP.simulateBranch(Lcom/android/dx/ssa/SsaInsn;)V @ 339
Event: 272.667 Thread 0x00007f2bbc00a800 Uncommon trap: reason=class_check action=maybe_recompile pc=0x00007f2bb9165584 method=com.android.dx.ssa.SCCP.simulateBranch(Lcom/android/dx/ssa/SsaInsn;)V @ 339

Internal exceptions (10 events):
Event: 244.427 Thread 0x00007f2bbc00a800 Threw 0x000000077a8dfa60 at /build/buildd/openjdk-7-7u79-2.5.5/build/openjdk/hotspot/src/share/vm/prims/jvm.cpp:1284
Event: 251.785 Thread 0x00007f2bbc00a800 Threw 0x000000077d676f40 at /build/buildd/openjdk-7-7u79-2.5.5/build/openjdk/hotspot/src/share/vm/prims/jvm.cpp:1284
Event: 258.576 Thread 0x00007f2bbc00a800 Threw 0x00000007845ca0c8 at /build/buildd/openjdk-7-7u79-2.5.5/build/openjdk/hotspot/src/share/vm/prims/jvm.cpp:1284
Event: 258.754 Thread 0x00007f2bbc00a800 Threw 0x00000007845d65a8 at /build/buildd/openjdk-7-7u79-2.5.5/build/openjdk/hotspot/src/share/vm/prims/jvm.cpp:1284
Event: 258.754 Thread 0x00007f2bbc00a800 Threw 0x00000007845d9a78 at /build/buildd/openjdk-7-7u79-2.5.5/build/openjdk/hotspot/src/share/vm/prims/jvm.cpp:1284
Event: 261.600 Thread 0x00007f2bbc00a800 Threw 0x0000000757072350 at /build/buildd/openjdk-7-7u79-2.5.5/build/openjdk/hotspot/src/share/vm/prims/jvm.cpp:1284
Event: 262.315 Thread 0x00007f2bbc00a800 Threw 0x0000000757f52d00 at /build/buildd/openjdk-7-7u79-2.5.5/build/openjdk/hotspot/src/share/vm/prims/jvm.cpp:1284
Event: 262.468 Thread 0x00007f2bbc00a800 Threw 0x0000000757f59018 at /build/buildd/openjdk-7-7u79-2.5.5/build/openjdk/hotspot/src/share/vm/prims/jvm.cpp:1284
Event: 266.066 Thread 0x00007f2bbc00a800 Threw 0x0000000757fbbac0 at /build/buildd/openjdk-7-7u79-2.5.5/build/openjdk/hotspot/src/share/vm/prims/jvm.cpp:1284
Event: 272.190 Thread 0x00007f2bbc00a800 Implicit null exception at 0x00007f2bb92e9bac to 0x00007f2bb92e9be9

Events (10 events):
Event: 272.667 Thread 0x00007f2bbc00a800 DEOPT UNPACKING pc=0x00007f2bb9039045 sp=0x00007f2bc6071fa8 mode 2
Event: 273.838 Executing VM operation: ParallelGCFailedAllocation
Event: 340.830 Executing VM operation: ParallelGCFailedAllocation done
Event: 340.841 Executing VM operation: RevokeBias
Event: 341.274 Executing VM operation: RevokeBias done
Event: 341.366 Thread 0x00007f2bbc0a4800 flushing nmethod 0x00007f2bb91c1010
Event: 341.485 Thread 0x00007f2bbc0a4800 flushing nmethod 0x00007f2bb92babd0
Event: 342.355 Thread 0x00007f2bbc0a4800 flushing nmethod 0x00007f2bb9322350
Event: 342.359 Thread 0x00007f2bbc0a4800 flushing nmethod 0x00007f2bb938b8d0
Event: 344.466 Executing VM operation: ParallelGCFailedAllocation


Dynamic libraries:
00400000-00401000 r-xp 00000000 08:01 3417671                            /usr/lib/jvm/java-7-openjdk-amd64/jre/bin/java
00600000-00601000 r--p 00000000 08:01 3417671                            /usr/lib/jvm/java-7-openjdk-amd64/jre/bin/java
00601000-00602000 rw-p 00001000 08:01 3417671                            /usr/lib/jvm/java-7-openjdk-amd64/jre/bin/java
01af1000-01b12000 rw-p 00000000 00:00 0                                  [heap]
5f5a00000-5f6f00000 rw-p 00000000 00:00 0 
5f6f00000-600000000 rw-p 00000000 00:00 0 
600000000-625380000 rw-p 00000000 00:00 0 
625380000-755500000 rw-p 00000000 00:00 0 
755500000-7bf600000 rw-p 00000000 00:00 0 
7cf300000-800000000 rw-p 00000000 00:00 0 
7f2b74000000-7f2b74021000 rw-p 00000000 00:00 0 
7f2b74021000-7f2b78000000 ---p 00000000 00:00 0 
7f2b7c000000-7f2b7d28a000 rw-p 00000000 00:00 0 
7f2b7d28a000-7f2b80000000 ---p 00000000 00:00 0 
7f2b80000000-7f2b80021000 rw-p 00000000 00:00 0 
7f2b80021000-7f2b84000000 ---p 00000000 00:00 0 
7f2b84000000-7f2b84021000 rw-p 00000000 00:00 0 
7f2b84021000-7f2b88000000 ---p 00000000 00:00 0 
7f2b88000000-7f2b89c28000 rw-p 00000000 00:00 0 
7f2b89c28000-7f2b8c000000 ---p 00000000 00:00 0 
7f2b8c000000-7f2b8c021000 rw-p 00000000 00:00 0 
7f2b8c021000-7f2b90000000 ---p 00000000 00:00 0 
7f2b90000000-7f2b90021000 rw-p 00000000 00:00 0 
7f2b90021000-7f2b94000000 ---p 00000000 00:00 0 
7f2b94000000-7f2b94241000 rw-p 00000000 00:00 0 
7f2b94241000-7f2b98000000 ---p 00000000 00:00 0 
7f2b9bad0000-7f2bac000000 rw-p 00000000 00:00 0 
7f2bac000000-7f2bac021000 rw-p 00000000 00:00 0 
7f2bac021000-7f2bb0000000 ---p 00000000 00:00 0 
7f2bb182f000-7f2bb186c000 r-xp 00000000 08:01 10752044                   /lib/x86_64-linux-gnu/libpcre.so.3.13.1
7f2bb186c000-7f2bb1a6b000 ---p 0003d000 08:01 10752044                   /lib/x86_64-linux-gnu/libpcre.so.3.13.1
7f2bb1a6b000-7f2bb1a6c000 r--p 0003c000 08:01 10752044                   /lib/x86_64-linux-gnu/libpcre.so.3.13.1
7f2bb1a6c000-7f2bb1a6d000 rw-p 0003d000 08:01 10752044                   /lib/x86_64-linux-gnu/libpcre.so.3.13.1
7f2bb1a6d000-7f2bb1a74000 r-xp 00000000 08:01 3416152                    /usr/lib/x86_64-linux-gnu/libffi.so.6.0.1
7f2bb1a74000-7f2bb1c73000 ---p 00007000 08:01 3416152                    /usr/lib/x86_64-linux-gnu/libffi.so.6.0.1
7f2bb1c73000-7f2bb1c74000 r--p 00006000 08:01 3416152                    /usr/lib/x86_64-linux-gnu/libffi.so.6.0.1
7f2bb1c74000-7f2bb1c75000 rw-p 00007000 08:01 3416152                    /usr/lib/x86_64-linux-gnu/libffi.so.6.0.1
7f2bb1c75000-7f2bb1c8c000 r-xp 00000000 08:01 10758127                   /lib/x86_64-linux-gnu/libresolv-2.19.so
7f2bb1c8c000-7f2bb1e8c000 ---p 00017000 08:01 10758127                   /lib/x86_64-linux-gnu/libresolv-2.19.so
7f2bb1e8c000-7f2bb1e8d000 r--p 00017000 08:01 10758127                   /lib/x86_64-linux-gnu/libresolv-2.19.so
7f2bb1e8d000-7f2bb1e8e000 rw-p 00018000 08:01 10758127                   /lib/x86_64-linux-gnu/libresolv-2.19.so
7f2bb1e8e000-7f2bb1e90000 rw-p 00000000 00:00 0 
7f2bb1e90000-7f2bb1eb0000 r-xp 00000000 08:01 10752071                   /lib/x86_64-linux-gnu/libselinux.so.1
7f2bb1eb0000-7f2bb20af000 ---p 00020000 08:01 10752071                   /lib/x86_64-linux-gnu/libselinux.so.1
7f2bb20af000-7f2bb20b0000 r--p 0001f000 08:01 10752071                   /lib/x86_64-linux-gnu/libselinux.so.1
7f2bb20b0000-7f2bb20b1000 rw-p 00020000 08:01 10752071                   /lib/x86_64-linux-gnu/libselinux.so.1
7f2bb20b1000-7f2bb20b3000 rw-p 00000000 00:00 0 
7f2bb20b3000-7f2bb20b6000 r-xp 00000000 08:01 3416265                    /usr/lib/x86_64-linux-gnu/libgmodule-2.0.so.0.4002.0
7f2bb20b6000-7f2bb22b5000 ---p 00003000 08:01 3416265                    /usr/lib/x86_64-linux-gnu/libgmodule-2.0.so.0.4002.0
7f2bb22b5000-7f2bb22b6000 r--p 00002000 08:01 3416265                    /usr/lib/x86_64-linux-gnu/libgmodule-2.0.so.0.4002.0
7f2bb22b6000-7f2bb22b7000 rw-p 00003000 08:01 3416265                    /usr/lib/x86_64-linux-gnu/libgmodule-2.0.so.0.4002.0
7f2bb22b7000-7f2bb23bd000 r-xp 00000000 08:01 10751972                   /lib/x86_64-linux-gnu/libglib-2.0.so.0.4002.0
7f2bb23bd000-7f2bb25bc000 ---p 00106000 08:01 10751972                   /lib/x86_64-linux-gnu/libglib-2.0.so.0.4002.0
7f2bb25bc000-7f2bb25bd000 r--p 00105000 08:01 10751972                   /lib/x86_64-linux-gnu/libglib-2.0.so.0.4002.0
7f2bb25bd000-7f2bb25be000 rw-p 00106000 08:01 10751972                   /lib/x86_64-linux-gnu/libglib-2.0.so.0.4002.0
7f2bb25be000-7f2bb25bf000 rw-p 00000000 00:00 0 
7f2bb25bf000-7f2bb260e000 r-xp 00000000 08:01 3416281                    /usr/lib/x86_64-linux-gnu/libgobject-2.0.so.0.4002.0
7f2bb260e000-7f2bb280e000 ---p 0004f000 08:01 3416281                    /usr/lib/x86_64-linux-gnu/libgobject-2.0.so.0.4002.0
7f2bb280e000-7f2bb280f000 r--p 0004f000 08:01 3416281                    /usr/lib/x86_64-linux-gnu/libgobject-2.0.so.0.4002.0
7f2bb280f000-7f2bb2810000 rw-p 00050000 08:01 3416281                    /usr/lib/x86_64-linux-gnu/libgobject-2.0.so.0.4002.0
7f2bb2810000-7f2bb297c000 r-xp 00000000 08:01 3416253                    /usr/lib/x86_64-linux-gnu/libgio-2.0.so.0.4002.0
7f2bb297c000-7f2bb2b7b000 ---p 0016c000 08:01 3416253                    /usr/lib/x86_64-linux-gnu/libgio-2.0.so.0.4002.0
7f2bb2b7b000-7f2bb2b7f000 r--p 0016b000 08:01 3416253                    /usr/lib/x86_64-linux-gnu/libgio-2.0.so.0.4002.0
7f2bb2b7f000-7f2bb2b81000 rw-p 0016f000 08:01 3416253                    /usr/lib/x86_64-linux-gnu/libgio-2.0.so.0.4002.0
7f2bb2b81000-7f2bb2b83000 rw-p 00000000 00:00 0 
7f2bb2b83000-7f2bb2b9a000 r-xp 00000000 08:01 3417746                    /usr/lib/jvm/java-7-openjdk-amd64/jre/lib/amd64/libnet.so
7f2bb2b9a000-7f2bb2d99000 ---p 00017000 08:01 3417746                    /usr/lib/jvm/java-7-openjdk-amd64/jre/lib/amd64/libnet.so
7f2bb2d99000-7f2bb2d9a000 r--p 00016000 08:01 3417746                    /usr/lib/jvm/java-7-openjdk-amd64/jre/lib/amd64/libnet.so
7f2bb2d9a000-7f2bb2d9b000 rw-p 00017000 08:01 3417746                    /usr/lib/jvm/java-7-openjdk-amd64/jre/lib/amd64/libnet.so
7f2bb2d9b000-7f2bb2dab000 r-xp 00000000 08:01 3417732                    /usr/lib/jvm/java-7-openjdk-amd64/jre/lib/amd64/libnio.so
7f2bb2dab000-7f2bb2fab000 ---p 00010000 08:01 3417732                    /usr/lib/jvm/java-7-openjdk-amd64/jre/lib/amd64/libnio.so
7f2bb2fab000-7f2bb2fac000 r--p 00010000 08:01 3417732                    /usr/lib/jvm/java-7-openjdk-amd64/jre/lib/amd64/libnio.so
7f2bb2fac000-7f2bb2fad000 rw-p 00011000 08:01 3417732                    /usr/lib/jvm/java-7-openjdk-amd64/jre/lib/amd64/libnio.so
7f2bb2fad000-7f2bb4000000 rw-p 00000000 00:00 0 
7f2bb4000000-7f2bb4021000 rw-p 00000000 00:00 0 
7f2bb4021000-7f2bb8000000 ---p 00000000 00:00 0 
7f2bb80b9000-7f2bb80ea000 rw-p 00000000 00:00 0 
7f2bb80ea000-7f2bb8217000 r--s 00dd4000 08:01 2373013                    /home/gautam/AndroidStudioProjects/MLeads9.7.3/mLeads971/build/intermediates/multi-dex/debug/allclasses.jar
7f2bb8217000-7f2bb8218000 ---p 00000000 00:00 0 
7f2bb8218000-7f2bb8318000 rw-p 00000000 00:00 0                          [stack:16247]
7f2bb8318000-7f2bb831b000 ---p 00000000 00:00 0 
7f2bb831b000-7f2bb8419000 rw-p 00000000 00:00 0                          [stack:16246]
7f2bb8419000-7f2bb841c000 ---p 00000000 00:00 0 
7f2bb841c000-7f2bb851a000 rw-p 00000000 00:00 0                          [stack:16245]
7f2bb851a000-7f2bb851d000 ---p 00000000 00:00 0 
7f2bb851d000-7f2bb861b000 rw-p 00000000 00:00 0                          [stack:16244]
7f2bb861b000-7f2bb861e000 ---p 00000000 00:00 0 
7f2bb861e000-7f2bb871c000 rw-p 00000000 00:00 0                          [stack:16243]
7f2bb871c000-7f2bb8dfe000 r--p 00000000 08:01 3414858                    /usr/lib/locale/locale-archive
7f2bb8dfe000-7f2bb8e01000 ---p 00000000 00:00 0 
7f2bb8e01000-7f2bb8eff000 rw-p 00000000 00:00 0                          [stack:16242]
7f2bb8eff000-7f2bb8f02000 ---p 00000000 00:00 0 
7f2bb8f02000-7f2bb9000000 rw-p 00000000 00:00 0                          [stack:16241]
7f2bb9000000-7f2bb9460000 rwxp 00000000 00:00 0 
7f2bb9460000-7f2bbc430000 rw-p 00000000 00:00 0 
7f2bbc430000-7f2bc0000000 ---p 00000000 00:00 0 
7f2bc005a000-7f2bc005b000 ---p 00000000 00:00 0 
7f2bc005b000-7f2bc0b10000 rw-p 00000000 00:00 0                          [stack:16240]
7f2bc0b10000-7f2bc0cc1000 r--s 01d27000 08:01 3417753                    /usr/lib/jvm/java-7-openjdk-amd64/jre/lib/rt.jar
7f2bc0cc1000-7f2bc0e5e000 rw-p 00000000 00:00 0 
7f2bc0e5e000-7f2bc0e5f000 ---p 00000000 00:00 0 
7f2bc0e5f000-7f2bc0f5f000 rw-p 00000000 00:00 0                          [stack:16239]
7f2bc0f5f000-7f2bc0f60000 ---p 00000000 00:00 0 
7f2bc0f60000-7f2bc106b000 rw-p 00000000 00:00 0                          [stack:16238]
7f2bc106b000-7f2bc10b3000 rw-p 00000000 00:00 0 
7f2bc10b3000-7f2bc11dd000 rw-p 00000000 00:00 0 
7f2bc11dd000-7f2bc1b5e000 rw-p 00000000 00:00 0 
7f2bc1b5e000-7f2bc1b69000 rw-p 00000000 00:00 0 
7f2bc1b69000-7f2bc1bb1000 rw-p 00000000 00:00 0 
7f2bc1bb1000-7f2bc1cdb000 rw-p 00000000 00:00 0 
7f2bc1cdb000-7f2bc265b000 rw-p 00000000 00:00 0 
7f2bc265b000-7f2bc29ac000 rw-p 00000000 00:00 0 
7f2bc29ac000-7f2bc2bb1000 rw-p 00000000 00:00 0 
7f2bc2bb1000-7f2bc2bb2000 rw-p 00000000 00:00 0 
7f2bc2bb2000-7f2bc2bba000 r-xp 00000000 08:01 3417728                    /usr/lib/jvm/java-7-openjdk-amd64/jre/lib/amd64/libzip.so
7f2bc2bba000-7f2bc2db9000 ---p 00008000 08:01 3417728                    /usr/lib/jvm/java-7-openjdk-amd64/jre/lib/amd64/libzip.so
7f2bc2db9000-7f2bc2dba000 r--p 00007000 08:01 3417728                    /usr/lib/jvm/java-7-openjdk-amd64/jre/lib/amd64/libzip.so
7f2bc2dba000-7f2bc2dbb000 rw-p 00008000 08:01 3417728                    /usr/lib/jvm/java-7-openjdk-amd64/jre/lib/amd64/libzip.so
7f2bc2dbb000-7f2bc2dc6000 r-xp 00000000 08:01 10758130                   /lib/x86_64-linux-gnu/libnss_files-2.19.so
7f2bc2dc6000-7f2bc2fc5000 ---p 0000b000 08:01 10758130                   /lib/x86_64-linux-gnu/libnss_files-2.19.so
7f2bc2fc5000-7f2bc2fc6000 r--p 0000a000 08:01 10758130                   /lib/x86_64-linux-gnu/libnss_files-2.19.so
7f2bc2fc6000-7f2bc2fc7000 rw-p 0000b000 08:01 10758130                   /lib/x86_64-linux-gnu/libnss_files-2.19.so
7f2bc2fc7000-7f2bc2fd2000 r-xp 00000000 08:01 10758150                   /lib/x86_64-linux-gnu/libnss_nis-2.19.so
7f2bc2fd2000-7f2bc31d1000 ---p 0000b000 08:01 10758150                   /lib/x86_64-linux-gnu/libnss_nis-2.19.so
7f2bc31d1000-7f2bc31d2000 r--p 0000a000 08:01 10758150                   /lib/x86_64-linux-gnu/libnss_nis-2.19.so
7f2bc31d2000-7f2bc31d3000 rw-p 0000b000 08:01 10758150                   /lib/x86_64-linux-gnu/libnss_nis-2.19.so
7f2bc31d3000-7f2bc31ea000 r-xp 00000000 08:01 10758139                   /lib/x86_64-linux-gnu/libnsl-2.19.so
7f2bc31ea000-7f2bc33e9000 ---p 00017000 08:01 10758139                   /lib/x86_64-linux-gnu/libnsl-2.19.so
7f2bc33e9000-7f2bc33ea000 r--p 00016000 08:01 10758139                   /lib/x86_64-linux-gnu/libnsl-2.19.so
7f2bc33ea000-7f2bc33eb000 rw-p 00017000 08:01 10758139                   /lib/x86_64-linux-gnu/libnsl-2.19.so
7f2bc33eb000-7f2bc33ed000 rw-p 00000000 00:00 0 
7f2bc33ed000-7f2bc33f6000 r-xp 00000000 08:01 10758138                   /lib/x86_64-linux-gnu/libnss_compat-2.19.so
7f2bc33f6000-7f2bc35f5000 ---p 00009000 08:01 10758138                   /lib/x86_64-linux-gnu/libnss_compat-2.19.so
7f2bc35f5000-7f2bc35f6000 r--p 00008000 08:01 10758138                   /lib/x86_64-linux-gnu/libnss_compat-2.19.so
7f2bc35f6000-7f2bc35f7000 rw-p 00009000 08:01 10758138                   /lib/x86_64-linux-gnu/libnss_compat-2.19.so
7f2bc35f7000-7f2bc3622000 r-xp 00000000 08:01 3417745                    /usr/lib/jvm/java-7-openjdk-amd64/jre/lib/amd64/libjava.so
7f2bc3622000-7f2bc3822000 ---p 0002b000 08:01 3417745                    /usr/lib/jvm/java-7-openjdk-amd64/jre/lib/amd64/libjava.so
7f2bc3822000-7f2bc3823000 r--p 0002b000 08:01 3417745                    /usr/lib/jvm/java-7-openjdk-amd64/jre/lib/amd64/libjava.so
7f2bc3823000-7f2bc3825000 rw-p 0002c000 08:01 3417745                    /usr/lib/jvm/java-7-openjdk-amd64/jre/lib/amd64/libjava.so
7f2bc3825000-7f2bc3835000 r-xp 00000000 08:01 3417742                    /usr/lib/jvm/java-7-openjdk-amd64/jre/lib/amd64/libverify.so
7f2bc3835000-7f2bc3a34000 ---p 00010000 08:01 3417742                    /usr/lib/jvm/java-7-openjdk-amd64/jre/lib/amd64/libverify.so
7f2bc3a34000-7f2bc3a36000 r--p 0000f000 08:01 3417742                    /usr/lib/jvm/java-7-openjdk-amd64/jre/lib/amd64/libverify.so
7f2bc3a36000-7f2bc3a37000 rw-p 00011000 08:01 3417742                    /usr/lib/jvm/java-7-openjdk-amd64/jre/lib/amd64/libverify.so
7f2bc3a37000-7f2bc3a3e000 r-xp 00000000 08:01 10758147                   /lib/x86_64-linux-gnu/librt-2.19.so
7f2bc3a3e000-7f2bc3c3d000 ---p 00007000 08:01 10758147                   /lib/x86_64-linux-gnu/librt-2.19.so
7f2bc3c3d000-7f2bc3c3e000 r--p 00006000 08:01 10758147                   /lib/x86_64-linux-gnu/librt-2.19.so
7f2bc3c3e000-7f2bc3c3f000 rw-p 00007000 08:01 10758147                   /lib/x86_64-linux-gnu/librt-2.19.so
7f2bc3c3f000-7f2bc3c55000 r-xp 00000000 08:01 10751968                   /lib/x86_64-linux-gnu/libgcc_s.so.1
7f2bc3c55000-7f2bc3e54000 ---p 00016000 08:01 10751968                   /lib/x86_64-linux-gnu/libgcc_s.so.1
7f2bc3e54000-7f2bc3e55000 rw-p 00015000 08:01 10751968                   /lib/x86_64-linux-gnu/libgcc_s.so.1
7f2bc3e55000-7f2bc3f5a000 r-xp 00000000 08:01 10758129                   /lib/x86_64-linux-gnu/libm-2.19.so
7f2bc3f5a000-7f2bc4159000 ---p 00105000 08:01 10758129                   /lib/x86_64-linux-gnu/libm-2.19.so
7f2bc4159000-7f2bc415a000 r--p 00104000 08:01 10758129                   /lib/x86_64-linux-gnu/libm-2.19.so
7f2bc415a000-7f2bc415b000 rw-p 00105000 08:01 10758129                   /lib/x86_64-linux-gnu/libm-2.19.so
7f2bc415b000-7f2bc4241000 r-xp 00000000 08:01 3412138                    /usr/lib/x86_64-linux-gnu/libstdc++.so.6.0.19
7f2bc4241000-7f2bc4440000 ---p 000e6000 08:01 3412138                    /usr/lib/x86_64-linux-gnu/libstdc++.so.6.0.19
7f2bc4440000-7f2bc4448000 r--p 000e5000 08:01 3412138                    /usr/lib/x86_64-linux-gnu/libstdc++.so.6.0.19
7f2bc4448000-7f2bc444a000 rw-p 000ed000 08:01 3412138                    /usr/lib/x86_64-linux-gnu/libstdc++.so.6.0.19
7f2bc444a000-7f2bc445f000 rw-p 00000000 00:00 0 
7f2bc445f000-7f2bc4f77000 r-xp 00000000 08:01 3417751                    /usr/lib/jvm/java-7-openjdk-amd64/jre/lib/amd64/server/libjvm.so
7f2bc4f77000-7f2bc5177000 ---p 00b18000 08:01 3417751                    /usr/lib/jvm/java-7-openjdk-amd64/jre/lib/amd64/server/libjvm.so
7f2bc5177000-7f2bc5211000 r--p 00b18000 08:01 3417751                    /usr/lib/jvm/java-7-openjdk-amd64/jre/lib/amd64/server/libjvm.so
7f2bc5211000-7f2bc5234000 rw-p 00bb2000 08:01 3417751                    /usr/lib/jvm/java-7-openjdk-amd64/jre/lib/amd64/server/libjvm.so
7f2bc5234000-7f2bc5262000 rw-p 00000000 00:00 0 
7f2bc5262000-7f2bc527a000 r-xp 00000000 08:01 10752104                   /lib/x86_64-linux-gnu/libz.so.1.2.8
7f2bc527a000-7f2bc5479000 ---p 00018000 08:01 10752104                   /lib/x86_64-linux-gnu/libz.so.1.2.8
7f2bc5479000-7f2bc547a000 r--p 00017000 08:01 10752104                   /lib/x86_64-linux-gnu/libz.so.1.2.8
7f2bc547a000-7f2bc547b000 rw-p 00018000 08:01 10752104                   /lib/x86_64-linux-gnu/libz.so.1.2.8
7f2bc547b000-7f2bc5494000 r-xp 00000000 08:01 10758145                   /lib/x86_64-linux-gnu/libpthread-2.19.so
7f2bc5494000-7f2bc5693000 ---p 00019000 08:01 10758145                   /lib/x86_64-linux-gnu/libpthread-2.19.so
7f2bc5693000-7f2bc5694000 r--p 00018000 08:01 10758145                   /lib/x86_64-linux-gnu/libpthread-2.19.so
7f2bc5694000-7f2bc5695000 rw-p 00019000 08:01 10758145                   /lib/x86_64-linux-gnu/libpthread-2.19.so
7f2bc5695000-7f2bc5699000 rw-p 00000000 00:00 0 
7f2bc5699000-7f2bc569c000 r-xp 00000000 08:01 10758133                   /lib/x86_64-linux-gnu/libdl-2.19.so
7f2bc569c000-7f2bc589b000 ---p 00003000 08:01 10758133                   /lib/x86_64-linux-gnu/libdl-2.19.so
7f2bc589b000-7f2bc589c000 r--p 00002000 08:01 10758133                   /lib/x86_64-linux-gnu/libdl-2.19.so
7f2bc589c000-7f2bc589d000 rw-p 00003000 08:01 10758133                   /lib/x86_64-linux-gnu/libdl-2.19.so
7f2bc589d000-7f2bc5a58000 r-xp 00000000 08:01 10758144                   /lib/x86_64-linux-gnu/libc-2.19.so
7f2bc5a58000-7f2bc5c57000 ---p 001bb000 08:01 10758144                   /lib/x86_64-linux-gnu/libc-2.19.so
7f2bc5c57000-7f2bc5c5b000 r--p 001ba000 08:01 10758144                   /lib/x86_64-linux-gnu/libc-2.19.so
7f2bc5c5b000-7f2bc5c5d000 rw-p 001be000 08:01 10758144                   /lib/x86_64-linux-gnu/libc-2.19.so
7f2bc5c5d000-7f2bc5c62000 rw-p 00000000 00:00 0 
7f2bc5c62000-7f2bc5c6f000 r-xp 00000000 08:01 3417720                    /usr/lib/jvm/java-7-openjdk-amd64/jre/lib/amd64/jli/libjli.so
7f2bc5c6f000-7f2bc5e6e000 ---p 0000d000 08:01 3417720                    /usr/lib/jvm/java-7-openjdk-amd64/jre/lib/amd64/jli/libjli.so
7f2bc5e6e000-7f2bc5e6f000 r--p 0000c000 08:01 3417720                    /usr/lib/jvm/java-7-openjdk-amd64/jre/lib/amd64/jli/libjli.so
7f2bc5e6f000-7f2bc5e70000 rw-p 0000d000 08:01 3417720                    /usr/lib/jvm/java-7-openjdk-amd64/jre/lib/amd64/jli/libjli.so
7f2bc5e70000-7f2bc5e93000 r-xp 00000000 08:01 10758141                   /lib/x86_64-linux-gnu/ld-2.19.so
7f2bc5e98000-7f2bc5e99000 rw-p 00000000 00:00 0 
7f2bc5e99000-7f2bc5e9e000 r--s 0004d000 08:01 3417772                    /usr/lib/jvm/java-7-openjdk-amd64/jre/lib/jsse.jar
7f2bc5e9e000-7f2bc5ead000 r--s 000dd000 08:01 6686098                    /home/gautam/android-sdk-linux/build-tools/21.1.2/lib/dx.jar
7f2bc5ead000-7f2bc5eaf000 r--s 00012000 08:01 3417762                    /usr/lib/jvm/java-7-openjdk-amd64/jre/lib/ext/zipfs.jar
7f2bc5eaf000-7f2bc5eb2000 r--s 00086000 08:01 3417760                    /usr/lib/jvm/java-7-openjdk-amd64/jre/lib/ext/localedata.jar
7f2bc5eb2000-7f2bc5eb3000 r--s 00002000 08:01 3417758                    /usr/lib/jvm/java-7-openjdk-amd64/jre/lib/ext/dnsns.jar
7f2bc5eb3000-7f2bc5ec5000 rw-p 00000000 00:00 0 
7f2bc5ec5000-7f2bc5f73000 rw-p 00000000 00:00 0 
7f2bc5f73000-7f2bc5f76000 ---p 00000000 00:00 0 
7f2bc5f76000-7f2bc6079000 rw-p 00000000 00:00 0                          [stack:16237]
7f2bc6079000-7f2bc607c000 r--s 0000f000 08:01 3417757                    /usr/lib/jvm/java-7-openjdk-amd64/jre/lib/ext/icedtea-sound.jar
7f2bc607c000-7f2bc6080000 r--s 0003c000 08:01 3417759                    /usr/lib/jvm/java-7-openjdk-amd64/jre/lib/ext/sunpkcs11.jar
7f2bc6080000-7f2bc6084000 r--s 00034000 08:01 3417761                    /usr/lib/jvm/java-7-openjdk-amd64/jre/lib/ext/sunjce_provider.jar
7f2bc6084000-7f2bc6086000 r--s 00006000 08:01 3801190                    /usr/share/java/java-atk-wrapper.jar
7f2bc6086000-7f2bc608e000 rw-s 00000000 08:01 3023073                    /tmp/hsperfdata_gautam/16233
7f2bc608e000-7f2bc608f000 rw-p 00000000 00:00 0 
7f2bc608f000-7f2bc6090000 ---p 00000000 00:00 0 
7f2bc6090000-7f2bc6092000 rw-p 00000000 00:00 0 
7f2bc6092000-7f2bc6093000 r--p 00022000 08:01 10758141                   /lib/x86_64-linux-gnu/ld-2.19.so
7f2bc6093000-7f2bc6094000 rw-p 00023000 08:01 10758141                   /lib/x86_64-linux-gnu/ld-2.19.so
7f2bc6094000-7f2bc6095000 rw-p 00000000 00:00 0 
7fff29816000-7fff29838000 rw-p 00000000 00:00 0                          [stack]
7fff29868000-7fff2986a000 r-xp 00000000 00:00 0                          [vdso]
7fff2986a000-7fff2986c000 r--p 00000000 00:00 0                          [vvar]
ffffffffff600000-ffffffffff601000 r-xp 00000000 00:00 0                  [vsyscall]

VM Arguments:
jvm_args: -Xmx8g -Dfile.encoding=UTF-8 -Duser.country=IN -Duser.language=en -Duser.variant 
java_command: com.android.dx.command.Main --dex --multi-dex --main-dex-list /home/gautam/AndroidStudioProjects/MLeads9.7.3/mLeads971/build/intermediates/multi-dex/debug/maindexlist.txt --set-max-idx-number=50000 --output /home/gautam/AndroidStudioProjects/MLeads9.7.3/mLeads971/build/intermediates/dex/debug /home/gautam/AndroidStudioProjects/MLeads9.7.3/mLeads971/build/intermediates/multi-dex/debug/allclasses.jar
Launcher Type: SUN_STANDARD

Environment Variables:
JAVA_HOME=/usr/lib/jvm/java-7-openjdk-amd64
CLASSPATH=./../lib/bootstrap.jar:./../lib/extensions.jar:./../lib/util.jar:./../lib/jdom.jar:./../lib/log4j.jar:./../lib/trove4j.jar:./../lib/jna.jar:/usr/lib/jvm/java-7-openjdk-amd64/lib/tools.jar
PATH=/usr/local/sbin:/usr/local/bin:/usr/sbin:/usr/bin:/sbin:/bin:/usr/games:/usr/local/games:usr/lib/jvm/java-1.7.0-openjdk-amd64/bin:/home/gautam/bin:/usr/lib/jvm/java-7-openjdk-amd64/bin
LD_LIBRARY_PATH=.:
SHELL=/bin/bash
DISPLAY=:0

Signal Handlers:
SIGSEGV: [libjvm.so+0x94b9a0], sa_mask[0]=0x7ffbfeff, sa_flags=0x10000004
SIGBUS: [libjvm.so+0x94b9a0], sa_mask[0]=0x7ffbfeff, sa_flags=0x10000004
SIGFPE: [libjvm.so+0x7c3880], sa_mask[0]=0x7ffbfeff, sa_flags=0x10000004
SIGPIPE: [libjvm.so+0x7c3880], sa_mask[0]=0x7ffbfeff, sa_flags=0x10000004
SIGXFSZ: [libjvm.so+0x7c3880], sa_mask[0]=0x7ffbfeff, sa_flags=0x10000004
SIGILL: [libjvm.so+0x7c3880], sa_mask[0]=0x7ffbfeff, sa_flags=0x10000004
SIGUSR1: SIG_DFL, sa_mask[0]=0x00000000, sa_flags=0x00000000
SIGUSR2: [libjvm.so+0x7c3720], sa_mask[0]=0x00000004, sa_flags=0x10000004
SIGHUP: [libjvm.so+0x7c3900], sa_mask[0]=0x7ffbfeff, sa_flags=0x10000004
SIGINT: [libjvm.so+0x7c3900], sa_mask[0]=0x7ffbfeff, sa_flags=0x10000004
SIGTERM: [libjvm.so+0x7c3900], sa_mask[0]=0x7ffbfeff, sa_flags=0x10000004
SIGQUIT: [libjvm.so+0x7c3900], sa_mask[0]=0x7ffbfeff, sa_flags=0x10000004
SIGTRAP: SIG_DFL, sa_mask[0]=0x00000000, sa_flags=0x00000000


---------------  S Y S T E M  ---------------

OS:Ubuntu 14.04 (trusty)
uname:Linux 3.16.0-30-generic #40~14.04.1-Ubuntu SMP Thu Jan 15 17:43:14 UTC 2015 x86_64
libc:glibc 2.19 NPTL 2.19 
rlimit: STACK 8192k, CORE 0k, NPROC 15587, NOFILE 4096, AS infinity
load average:9.57 8.34 5.86

/proc/meminfo:
MemTotal:        4011848 kB
MemFree:           93192 kB
MemAvailable:      69476 kB
Buffers:            3864 kB
Cached:           132288 kB
SwapCached:        15352 kB
Active:          2775840 kB
Inactive:         943328 kB
Active(anon):    2728104 kB
Inactive(anon):   915004 kB
Active(file):      47736 kB
Inactive(file):    28324 kB
Unevictable:         520 kB
Mlocked:             520 kB
SwapTotal:       4156412 kB
SwapFree:          87864 kB
Dirty:                36 kB
Writeback:          1120 kB
AnonPages:       3568732 kB
Mapped:            59828 kB
Shmem:             60136 kB
Slab:              78964 kB
SReclaimable:      45448 kB
SUnreclaim:        33516 kB
KernelStack:       10192 kB
PageTables:        62680 kB
NFS_Unstable:          0 kB
Bounce:                0 kB
WritebackTmp:          0 kB
CommitLimit:     6162336 kB
Committed_AS:   14432972 kB
VmallocTotal:   34359738367 kB
VmallocUsed:      544008 kB
VmallocChunk:   34359185252 kB
HardwareCorrupted:     0 kB
AnonHugePages:    874496 kB
HugePages_Total:       0
HugePages_Free:        0
HugePages_Rsvd:        0
HugePages_Surp:        0
Hugepagesize:       2048 kB
DirectMap4k:       43904 kB
DirectMap2M:     4114432 kB


CPU:total 2 (2 cores per cpu, 1 threads per core) family 6 model 23 stepping 10, cmov, cx8, fxsr, mmx, sse, sse2, sse3, ssse3, sse4.1, tsc

/proc/cpuinfo:
processor	: 0
vendor_id	: GenuineIntel
cpu family	: 6
model		: 23
model name	: Intel(R) Core(TM)2 Duo CPU     E7500  @ 2.93GHz
stepping	: 10
microcode	: 0xa07
cpu MHz		: 2933.000
cache size	: 3072 KB
physical id	: 0
siblings	: 2
core id		: 0
cpu cores	: 2
apicid		: 0
initial apicid	: 0
fpu		: yes
fpu_exception	: yes
cpuid level	: 13
wp		: yes
flags		: fpu vme de pse tsc msr pae mce cx8 apic sep mtrr pge mca cmov pat pse36 clflush dts acpi mmx fxsr sse sse2 ss ht tm pbe syscall nx lm constant_tsc arch_perfmon pebs bts rep_good nopl aperfmperf pni dtes64 monitor ds_cpl vmx est tm2 ssse3 cx16 xtpr pdcm sse4_1 xsave lahf_lm dtherm tpr_shadow vnmi flexpriority
bogomips	: 5866.42
clflush size	: 64
cache_alignment	: 64
address sizes	: 36 bits physical, 48 bits virtual
power management:

processor	: 1
vendor_id	: GenuineIntel
cpu family	: 6
model		: 23
model name	: Intel(R) Core(TM)2 Duo CPU     E7500  @ 2.93GHz
stepping	: 10
microcode	: 0xa07
cpu MHz		: 2933.000
cache size	: 3072 KB
physical id	: 0
siblings	: 2
core id		: 1
cpu cores	: 2
apicid		: 1
initial apicid	: 1
fpu		: yes
fpu_exception	: yes
cpuid level	: 13
wp		: yes
flags		: fpu vme de pse tsc msr pae mce cx8 apic sep mtrr pge mca cmov pat pse36 clflush dts acpi mmx fxsr sse sse2 ss ht tm pbe syscall nx lm constant_tsc arch_perfmon pebs bts rep_good nopl aperfmperf pni dtes64 monitor ds_cpl vmx est tm2 ssse3 cx16 xtpr pdcm sse4_1 xsave lahf_lm dtherm tpr_shadow vnmi flexpriority
bogomips	: 5866.42
clflush size	: 64
cache_alignment	: 64
address sizes	: 36 bits physical, 48 bits virtual
power management:



Memory: 4k page, physical 4011848k(93192k free), swap 4156412k(87864k free)

vm_info: OpenJDK 64-Bit Server VM (24.79-b02) for linux-amd64 JRE (1.7.0_79-b14), built on Apr 16 2015 08:21:58 by "buildd" with gcc 4.8.2

time: Thu Apr 28 15:58:23 2016
elapsed time: 374 seconds

