#
# There is insufficient memory for the Java Runtime Environment to continue.
# Native memory allocation (malloc) failed to allocate 170393600 bytes for committing reserved memory.
# Possible reasons:
#   The system is out of physical RAM or swap space
#   In 32 bit mode, the process size limit was hit
# Possible solutions:
#   Reduce memory load on the system
#   Increase physical memory or swap space
#   Check if swap backing store is full
#   Use 64 bit Java on a 64 bit OS
#   Decrease Java heap size (-Xmx/-Xms)
#   Decrease number of Java threads
#   Decrease Java thread stack sizes (-Xss)
#   Set larger code cache with -XX:ReservedCodeCacheSize=
# This output file may be truncated or incomplete.
#
#  Out of Memory Error (os_linux.cpp:2809), pid=24151, tid=140348013106944
#
# JRE version: OpenJDK Runtime Environment (7.0_79-b14) (build 1.7.0_79-b14)
# Java VM: OpenJDK 64-Bit Server VM (24.79-b02 mixed mode linux-amd64 compressed oops)
# Derivative: IcedTea 2.5.5
# Distribution: Ubuntu 14.04 LTS, package 7u79-2.5.5-0ubuntu0.14.04.2
# Failed to write core dump. Core dumps have been disabled. To enable core dumping, try "ulimit -c unlimited" before starting Java again
#

---------------  T H R E A D  ---------------

Current thread (0x00007fa558071800):  VMThread [stack: 0x00007fa551675000,0x00007fa551776000] [id=24159]

Stack: [0x00007fa551675000,0x00007fa551776000],  sp=0x00007fa551774490,  free space=1021k
Native frames: (J=compiled Java code, j=interpreted, Vv=VM code, C=native code)
V  [libjvm.so+0x94aec5]  VMError::report_and_die()+0x175
V  [libjvm.so+0x48b9c4]  report_vm_out_of_memory(char const*, int, unsigned long, char const*)+0x74
V  [libjvm.so+0x7c806b]  os::pd_commit_memory(char*, unsigned long, unsigned long, bool)+0xeb
V  [libjvm.so+0x7c2b0f]  os::commit_memory(char*, unsigned long, unsigned long, bool)+0x1f
V  [libjvm.so+0x83500b]  PSVirtualSpace::expand_by(unsigned long)+0x5b
V  [libjvm.so+0x835e60]  PSYoungGen::resize_generation(unsigned long, unsigned long)+0xb0
V  [libjvm.so+0x83654b]  PSYoungGen::resize(unsigned long, unsigned long)+0x1b
V  [libjvm.so+0x832830]  PSScavenge::invoke_no_policy()+0xde0
V  [libjvm.so+0x833008]  PSScavenge::invoke()+0x38
V  [libjvm.so+0x7e96f3]  ParallelScavengeHeap::failed_mem_allocate(unsigned long)+0x63
V  [libjvm.so+0x94c8c4]  VM_ParallelGCFailedAllocation::doit()+0x84
V  [libjvm.so+0x950dc7]  VM_Operation::evaluate()+0x47
V  [libjvm.so+0x94f738]  VMThread::evaluate_operation(VM_Operation*)+0x318
V  [libjvm.so+0x94fb99]  VMThread::loop()+0x219
V  [libjvm.so+0x94ffe2]  VMThread::run()+0x72
V  [libjvm.so+0x7c4f32]  java_start(Thread*)+0xf2

VM_Operation (0x00007fa55f6fdf40): ParallelGCFailedAllocation, mode: safepoint, requested by thread 0x00007fa55800a800


---------------  P R O C E S S  ---------------

Java Threads: ( => current thread )
  0x00007fa5580aa000 JavaThread "Service Thread" daemon [_thread_blocked, id=24165, stack(0x00007fa55098d000,0x00007fa550a8e000)]
  0x00007fa5580a7800 JavaThread "C2 CompilerThread1" daemon [_thread_blocked, id=24164, stack(0x00007fa550a8e000,0x00007fa550b8f000)]
  0x00007fa5580a4800 JavaThread "C2 CompilerThread0" daemon [_thread_blocked, id=24163, stack(0x00007fa550b8f000,0x00007fa550c90000)]
  0x00007fa5580a2800 JavaThread "Signal Dispatcher" daemon [_thread_blocked, id=24162, stack(0x00007fa550c90000,0x00007fa550d91000)]
  0x00007fa558077800 JavaThread "Finalizer" daemon [_thread_blocked, id=24161, stack(0x00007fa551473000,0x00007fa551574000)]
  0x00007fa558075800 JavaThread "Reference Handler" daemon [_thread_blocked, id=24160, stack(0x00007fa551574000,0x00007fa551675000)]
  0x00007fa55800a800 JavaThread "main" [_thread_blocked, id=24156, stack(0x00007fa55f5ff000,0x00007fa55f700000)]

Other Threads:
=>0x00007fa558071800 VMThread [stack: 0x00007fa551675000,0x00007fa551776000] [id=24159]
  0x00007fa5580b4800 WatcherThread [stack: 0x00007fa55088c000,0x00007fa55098d000] [id=24166]

VM state:at safepoint (normal execution)

VM Mutex/Monitor currently owned by a thread:  ([mutex/lock_event])
[0x00007fa558006a90] Threads_lock - owner thread: 0x00007fa558071800
[0x00007fa558006f90] Heap_lock - owner thread: 0x00007fa55800a800

Heap
 PSYoungGen      total 1238016K, used 439266K [0x0000000755500000, 0x00000007c2180000, 0x0000000800000000)
  eden space 798720K, 0% used [0x0000000755500000,0x0000000755500000,0x0000000786100000)
  from space 439296K, 99% used [0x00000007a7480000,0x00000007c21789a8,0x00000007c2180000)
  to   space 396800K, 0% used [0x0000000786100000,0x0000000786100000,0x000000079e480000)
 ParOldGen       total 611328K, used 462345K [0x0000000600000000, 0x0000000625500000, 0x0000000755500000)
  object space 611328K, 75% used [0x0000000600000000,0x000000061c382510,0x0000000625500000)
 PSPermGen       total 21504K, used 6911K [0x00000005f5a00000, 0x00000005f6f00000, 0x0000000600000000)
  object space 21504K, 32% used [0x00000005f5a00000,0x00000005f60bfd00,0x00000005f6f00000)

Card table byte_map: [0x00007fa553fac000,0x00007fa555000000] byte_map_base: 0x00007fa550fff000

Polling page: 0x00007fa55f71b000

Code Cache  [0x00007fa555000000, 0x00007fa555530000, 0x00007fa558000000)
 total_blobs=1756 nmethods=1524 adapters=186 free_code_cache=44043Kb largest_free_block=44934976

Compilation events (10 events):
Event: 133.169 Thread 0x00007fa5580a4800 1606             java.nio.charset.CharsetEncoder::maxBytesPerChar (5 bytes)
Event: 133.169 Thread 0x00007fa5580a4800 nmethod 1606 0x00007fa55543cc90 code [0x00007fa55543cdc0, 0x00007fa55543ce18]
Event: 133.203 Thread 0x00007fa5580a4800 1607             java.nio.charset.CharsetEncoder::reset (11 bytes)
Event: 133.204 Thread 0x00007fa5580a4800 nmethod 1607 0x00007fa555441190 code [0x00007fa5554412c0, 0x00007fa555441318]
Event: 133.204 Thread 0x00007fa5580a4800 1608             java.nio.charset.CharsetEncoder::implReset (1 bytes)
Event: 133.204 Thread 0x00007fa5580a4800 nmethod 1608 0x00007fa5554e6410 code [0x00007fa5554e6540, 0x00007fa5554e6598]
Event: 133.311 Thread 0x00007fa5580a4800 1609             com.android.dx.util.ByteArray::getByte (14 bytes)
Event: 133.312 Thread 0x00007fa5580a4800 nmethod 1609 0x00007fa5550c5f90 code [0x00007fa5550c60e0, 0x00007fa5550c61b8]
Event: 133.347 Thread 0x00007fa5580a4800 1610             com.android.dx.ssa.SsaMethod$1::visitMoveInsn (17 bytes)
Event: 133.348 Thread 0x00007fa5580a4800 nmethod 1610 0x00007fa55542f7d0 code [0x00007fa55542f920, 0x00007fa55542fa38]

GC Heap History (10 events):
Event: 71.259 GC heap after
Heap after GC invocations=43 (full 5):
 PSYoungGen      total 990720K, used 239603K [0x0000000755500000, 0x00000007ac600000, 0x0000000800000000)
  eden space 751104K, 0% used [0x0000000755500000,0x0000000755500000,0x0000000783280000)
  from space 239616K, 99% used [0x0000000795700000,0x00000007a40fcf60,0x00000007a4100000)
  to   space 299520K, 0% used [0x0000000783280000,0x0000000783280000,0x0000000795700000)
 ParOldGen       total 445952K, used 423500K [0x0000000600000000, 0x000000061b380000, 0x0000000755500000)
  object space 445952K, 94% used [0x0000000600000000,0x0000000619d93298,0x000000061b380000)
 PSPermGen       total 21504K, used 6188K [0x00000005f5a00000, 0x00000005f6f00000, 0x0000000600000000)
  object space 21504K, 28% used [0x00000005f5a00000,0x00000005f600b210,0x00000005f6f00000)
}
Event: 71.259 GC heap before
{Heap before GC invocations=44 (full 6):
 PSYoungGen      total 990720K, used 239603K [0x0000000755500000, 0x00000007ac600000, 0x0000000800000000)
  eden space 751104K, 0% used [0x0000000755500000,0x0000000755500000,0x0000000783280000)
  from space 239616K, 99% used [0x0000000795700000,0x00000007a40fcf60,0x00000007a4100000)
  to   space 299520K, 0% used [0x0000000783280000,0x0000000783280000,0x0000000795700000)
 ParOldGen       total 445952K, used 423500K [0x0000000600000000, 0x000000061b380000, 0x0000000755500000)
  object space 445952K, 94% used [0x0000000600000000,0x0000000619d93298,0x000000061b380000)
 PSPermGen       total 21504K, used 6188K [0x00000005f5a00000, 0x00000005f6f00000, 0x0000000600000000)
  object space 21504K, 28% used [0x00000005f5a00000,0x00000005f600b210,0x00000005f6f00000)
Event: 77.680 GC heap after
Heap after GC invocations=44 (full 6):
 PSYoungGen      total 990720K, used 201831K [0x0000000755500000, 0x00000007ac600000, 0x0000000800000000)
  eden space 751104K, 0% used [0x0000000755500000,0x0000000755500000,0x0000000783280000)
  from space 239616K, 84% used [0x0000000795700000,0x00000007a1c19cb0,0x00000007a4100000)
  to   space 299520K, 0% used [0x0000000783280000,0x0000000783280000,0x0000000795700000)
 ParOldGen       total 611328K, used 445701K [0x0000000600000000, 0x0000000625500000, 0x0000000755500000)
  object space 611328K, 72% used [0x0000000600000000,0x000000061b341570,0x0000000625500000)
 PSPermGen       total 21504K, used 6188K [0x00000005f5a00000, 0x00000005f6f00000, 0x0000000600000000)
  object space 21504K, 28% used [0x00000005f5a00000,0x00000005f600b1f0,0x00000005f6f00000)
}
Event: 98.607 GC heap before
{Heap before GC invocations=45 (full 6):
 PSYoungGen      total 990720K, used 952935K [0x0000000755500000, 0x00000007ac600000, 0x0000000800000000)
  eden space 751104K, 100% used [0x0000000755500000,0x0000000783280000,0x0000000783280000)
  from space 239616K, 84% used [0x0000000795700000,0x00000007a1c19cb0,0x00000007a4100000)
  to   space 299520K, 0% used [0x0000000783280000,0x0000000783280000,0x0000000795700000)
 ParOldGen       total 611328K, used 445701K [0x0000000600000000, 0x0000000625500000, 0x0000000755500000)
  object space 611328K, 72% used [0x0000000600000000,0x000000061b341570,0x0000000625500000)
 PSPermGen       total 21504K, used 6189K [0x00000005f5a00000, 0x00000005f6f00000, 0x0000000600000000)
  object space 21504K, 28% used [0x00000005f5a00000,0x00000005f600b570,0x00000005f6f00000)
Event: 99.352 GC heap after
Heap after GC invocations=45 (full 6):
 PSYoungGen      total 1050624K, used 298498K [0x0000000755500000, 0x00000007b3900000, 0x0000000800000000)
  eden space 751104K, 0% used [0x0000000755500000,0x0000000755500000,0x0000000783280000)
  from space 299520K, 99% used [0x0000000783280000,0x00000007956008c8,0x0000000795700000)
  to   space 348672K, 0% used [0x000000079e480000,0x000000079e480000,0x00000007b3900000)
 ParOldGen       total 611328K, used 445717K [0x0000000600000000, 0x0000000625500000, 0x0000000755500000)
  object space 611328K, 72% used [0x0000000600000000,0x000000061b345570,0x0000000625500000)
 PSPermGen       total 21504K, used 6189K [0x00000005f5a00000, 0x00000005f6f00000, 0x0000000600000000)
  object space 21504K, 28% used [0x00000005f5a00000,0x00000005f600b570,0x00000005f6f00000)
}
Event: 105.268 GC heap before
{Heap before GC invocations=46 (full 6):
 PSYoungGen      total 1050624K, used 1049602K [0x0000000755500000, 0x00000007b3900000, 0x0000000800000000)
  eden space 751104K, 100% used [0x0000000755500000,0x0000000783280000,0x0000000783280000)
  from space 299520K, 99% used [0x0000000783280000,0x00000007956008c8,0x0000000795700000)
  to   space 348672K, 0% used [0x000000079e480000,0x000000079e480000,0x00000007b3900000)
 ParOldGen       total 611328K, used 445717K [0x0000000600000000, 0x0000000625500000, 0x0000000755500000)
  object space 611328K, 72% used [0x0000000600000000,0x000000061b345570,0x0000000625500000)
 PSPermGen       total 21504K, used 6462K [0x00000005f5a00000, 0x00000005f6f00000, 0x0000000600000000)
  object space 21504K, 30% used [0x00000005f5a00000,0x00000005f604fa28,0x00000005f6f00000)
Event: 119.677 GC heap after
Heap after GC invocations=46 (full 6):
 PSYoungGen      total 1147392K, used 321219K [0x0000000755500000, 0x00000007baa80000, 0x0000000800000000)
  eden space 798720K, 0% used [0x0000000755500000,0x0000000755500000,0x0000000786100000)
  from space 348672K, 92% used [0x000000079e480000,0x00000007b1e30eb0,0x00000007b3900000)
  to   space 396800K, 0% used [0x0000000786100000,0x0000000786100000,0x000000079e480000)
 ParOldGen       total 611328K, used 445725K [0x0000000600000000, 0x0000000625500000, 0x0000000755500000)
  object space 611328K, 72% used [0x0000000600000000,0x000000061b347570,0x0000000625500000)
 PSPermGen       total 21504K, used 6462K [0x00000005f5a00000, 0x00000005f6f00000, 0x0000000600000000)
  object space 21504K, 30% used [0x00000005f5a00000,0x00000005f604fa28,0x00000005f6f00000)
}
Event: 128.966 GC heap before
{Heap before GC invocations=47 (full 6):
 PSYoungGen      total 1147392K, used 1119939K [0x0000000755500000, 0x00000007baa80000, 0x0000000800000000)
  eden space 798720K, 100% used [0x0000000755500000,0x0000000786100000,0x0000000786100000)
  from space 348672K, 92% used [0x000000079e480000,0x00000007b1e30eb0,0x00000007b3900000)
  to   space 396800K, 0% used [0x0000000786100000,0x0000000786100000,0x000000079e480000)
 ParOldGen       total 611328K, used 445725K [0x0000000600000000, 0x0000000625500000, 0x0000000755500000)
  object space 611328K, 72% used [0x0000000600000000,0x000000061b347570,0x0000000625500000)
 PSPermGen       total 21504K, used 6909K [0x00000005f5a00000, 0x00000005f6f00000, 0x0000000600000000)
  object space 21504K, 32% used [0x00000005f5a00000,0x00000005f60bf750,0x00000005f6f00000)
Event: 131.705 GC heap after
Heap after GC invocations=47 (full 6):
 PSYoungGen      total 1195520K, used 334289K [0x0000000755500000, 0x00000007c2180000, 0x0000000800000000)
  eden space 798720K, 0% used [0x0000000755500000,0x0000000755500000,0x0000000786100000)
  from space 396800K, 84% used [0x0000000786100000,0x000000079a7746e8,0x000000079e480000)
  to   space 439296K, 0% used [0x00000007a7480000,0x00000007a7480000,0x00000007c2180000)
 ParOldGen       total 611328K, used 453580K [0x0000000600000000, 0x0000000625500000, 0x0000000755500000)
  object space 611328K, 74% used [0x0000000600000000,0x000000061baf32f0,0x0000000625500000)
 PSPermGen       total 21504K, used 6909K [0x00000005f5a00000, 0x00000005f6f00000, 0x0000000600000000)
  object space 21504K, 32% used [0x00000005f5a00000,0x00000005f60bf750,0x00000005f6f00000)
}
Event: 133.723 GC heap before
{Heap before GC invocations=48 (full 6):
 PSYoungGen      total 1195520K, used 1133009K [0x0000000755500000, 0x00000007c2180000, 0x0000000800000000)
  eden space 798720K, 100% used [0x0000000755500000,0x0000000786100000,0x0000000786100000)
  from space 396800K, 84% used [0x0000000786100000,0x000000079a7746e8,0x000000079e480000)
  to   space 439296K, 0% used [0x00000007a7480000,0x00000007a7480000,0x00000007c2180000)
 ParOldGen       total 611328K, used 453580K [0x0000000600000000, 0x0000000625500000, 0x0000000755500000)
  object space 611328K, 74% used [0x0000000600000000,0x000000061baf32f0,0x0000000625500000)
 PSPermGen       total 21504K, used 6911K [0x00000005f5a00000, 0x00000005f6f00000, 0x0000000600000000)
  object space 21504K, 32% used [0x00000005f5a00000,0x00000005f60bfd00,0x00000005f6f00000)

Deoptimization events (10 events):
Event: 126.245 Thread 0x00007fa55800a800 Uncommon trap: reason=class_check action=maybe_recompile pc=0x00007fa555358d7c method=java.util.HashMap.resize(I)V @ 35
Event: 126.245 Thread 0x00007fa55800a800 Uncommon trap: reason=class_check action=maybe_recompile pc=0x00007fa555358d7c method=java.util.HashMap.resize(I)V @ 35
Event: 126.246 Thread 0x00007fa55800a800 Uncommon trap: reason=class_check action=maybe_recompile pc=0x00007fa555358d7c method=java.util.HashMap.resize(I)V @ 35
Event: 126.246 Thread 0x00007fa55800a800 Uncommon trap: reason=class_check action=maybe_recompile pc=0x00007fa5550e3bf4 method=java.util.HashMap.<init>(IF)V @ 115
Event: 126.479 Thread 0x00007fa55800a800 Uncommon trap: reason=class_check action=maybe_recompile pc=0x00007fa555358d7c method=java.util.HashMap.resize(I)V @ 35
Event: 127.349 Thread 0x00007fa55800a800 Uncommon trap: reason=class_check action=maybe_recompile pc=0x00007fa55533d544 method=com.android.dx.cf.code.RopperMachine.run(Lcom/android/dx/cf/code/Frame;II)V @ 1024
Event: 127.802 Thread 0x00007fa55800a800 Uncommon trap: reason=null_check action=make_not_entrant pc=0x00007fa555506cec method=com.android.dx.cf.direct.StdAttributeFactory.enclosingMethod(Lcom/android/dx/cf/direct/DirectClassFile;IILcom/android/dx/cf/iface/ParseObserver;)Lcom/android/dx/cf/iface
Event: 128.014 Thread 0x00007fa55800a800 Uncommon trap: reason=unreached action=reinterpret pc=0x00007fa555357cb8 method=com.android.dx.dex.code.OutputFinisher.hasLocalInfo(Lcom/android/dx/rop/code/RegisterSpec;)Z @ 1
Event: 128.366 Thread 0x00007fa55800a800 Uncommon trap: reason=class_check action=maybe_recompile pc=0x00007fa55518600c method=com.android.dx.ssa.SCCP.simulateBranch(Lcom/android/dx/ssa/SsaInsn;)V @ 339
Event: 128.369 Thread 0x00007fa55800a800 Uncommon trap: reason=class_check action=maybe_recompile pc=0x00007fa55518600c method=com.android.dx.ssa.SCCP.simulateBranch(Lcom/android/dx/ssa/SsaInsn;)V @ 339

Internal exceptions (10 events):
Event: 119.965 Thread 0x00007fa55800a800 Threw 0x0000000757603d28 at /build/buildd/openjdk-7-7u79-2.5.5/build/openjdk/hotspot/src/share/vm/prims/jvm.cpp:1284
Event: 121.188 Thread 0x00007fa55800a800 Threw 0x000000075e4eabc0 at /build/buildd/openjdk-7-7u79-2.5.5/build/openjdk/hotspot/src/share/vm/prims/jvm.cpp:1284
Event: 121.289 Thread 0x00007fa55800a800 Threw 0x000000075e4f70a0 at /build/buildd/openjdk-7-7u79-2.5.5/build/openjdk/hotspot/src/share/vm/prims/jvm.cpp:1284
Event: 121.289 Thread 0x00007fa55800a800 Threw 0x000000075e4fa570 at /build/buildd/openjdk-7-7u79-2.5.5/build/openjdk/hotspot/src/share/vm/prims/jvm.cpp:1284
Event: 121.612 Thread 0x00007fa55800a800 Threw 0x0000000760551dc0 at /build/buildd/openjdk-7-7u79-2.5.5/build/openjdk/hotspot/src/share/vm/prims/jvm.cpp:1284
Event: 121.835 Thread 0x00007fa55800a800 Threw 0x0000000761430f38 at /build/buildd/openjdk-7-7u79-2.5.5/build/openjdk/hotspot/src/share/vm/prims/jvm.cpp:1284
Event: 121.990 Thread 0x00007fa55800a800 Threw 0x0000000761b22610 at /build/buildd/openjdk-7-7u79-2.5.5/build/openjdk/hotspot/src/share/vm/prims/jvm.cpp:1284
Event: 122.680 Thread 0x00007fa55800a800 Threw 0x0000000761b6f3d0 at /build/buildd/openjdk-7-7u79-2.5.5/build/openjdk/hotspot/src/share/vm/prims/jvm.cpp:1284
Event: 127.802 Thread 0x00007fa55800a800 Implicit null exception at 0x00007fa555505bd7 to 0x00007fa555506cdd
Event: 128.014 Thread 0x00007fa55800a800 Implicit null exception at 0x00007fa555357c6c to 0x00007fa555357ca9

Events (10 events):
Event: 128.366 Thread 0x00007fa55800a800 DEOPT UNPACKING pc=0x00007fa555039045 sp=0x00007fa55f6fe028 mode 2
Event: 128.369 Thread 0x00007fa55800a800 Uncommon trap: trap_request=0xffffffde fr.pc=0x00007fa55518600c
Event: 128.369 Thread 0x00007fa55800a800 DEOPT PACKING pc=0x00007fa55518600c sp=0x00007fa55f6fe0a0
Event: 128.369 Thread 0x00007fa55800a800 DEOPT UNPACKING pc=0x00007fa555039045 sp=0x00007fa55f6fe028 mode 2
Event: 128.966 Executing VM operation: ParallelGCFailedAllocation
Event: 131.705 Executing VM operation: ParallelGCFailedAllocation done
Event: 131.710 Executing VM operation: RevokeBias
Event: 131.710 Executing VM operation: RevokeBias done
Event: 131.814 Thread 0x00007fa5580a4800 flushing nmethod 0x00007fa5550c5cd0
Event: 133.723 Executing VM operation: ParallelGCFailedAllocation


Dynamic libraries:
00400000-00401000 r-xp 00000000 08:01 3417671                            /usr/lib/jvm/java-7-openjdk-amd64/jre/bin/java
00600000-00601000 r--p 00000000 08:01 3417671                            /usr/lib/jvm/java-7-openjdk-amd64/jre/bin/java
00601000-00602000 rw-p 00001000 08:01 3417671                            /usr/lib/jvm/java-7-openjdk-amd64/jre/bin/java
021f7000-02218000 rw-p 00000000 00:00 0                                  [heap]
5f5a00000-5f6f00000 rw-p 00000000 00:00 0 
5f6f00000-600000000 rw-p 00000000 00:00 0 
600000000-625500000 rw-p 00000000 00:00 0 
625500000-755500000 rw-p 00000000 00:00 0 
755500000-7c2180000 rw-p 00000000 00:00 0 
7cc400000-800000000 rw-p 00000000 00:00 0 
7fa50c000000-7fa50c021000 rw-p 00000000 00:00 0 
7fa50c021000-7fa510000000 ---p 00000000 00:00 0 
7fa514000000-7fa5152f0000 rw-p 00000000 00:00 0 
7fa5152f0000-7fa518000000 ---p 00000000 00:00 0 
7fa518000000-7fa518021000 rw-p 00000000 00:00 0 
7fa518021000-7fa51c000000 ---p 00000000 00:00 0 
7fa51c000000-7fa51c021000 rw-p 00000000 00:00 0 
7fa51c021000-7fa520000000 ---p 00000000 00:00 0 
7fa520000000-7fa521765000 rw-p 00000000 00:00 0 
7fa521765000-7fa524000000 ---p 00000000 00:00 0 
7fa524000000-7fa524021000 rw-p 00000000 00:00 0 
7fa524021000-7fa528000000 ---p 00000000 00:00 0 
7fa528000000-7fa528021000 rw-p 00000000 00:00 0 
7fa528021000-7fa52c000000 ---p 00000000 00:00 0 
7fa52c000000-7fa52c241000 rw-p 00000000 00:00 0 
7fa52c241000-7fa530000000 ---p 00000000 00:00 0 
7fa533ad0000-7fa544000000 rw-p 00000000 00:00 0 
7fa544000000-7fa544021000 rw-p 00000000 00:00 0 
7fa544021000-7fa548000000 ---p 00000000 00:00 0 
7fa54aefd000-7fa54af3a000 r-xp 00000000 08:01 10752044                   /lib/x86_64-linux-gnu/libpcre.so.3.13.1
7fa54af3a000-7fa54b139000 ---p 0003d000 08:01 10752044                   /lib/x86_64-linux-gnu/libpcre.so.3.13.1
7fa54b139000-7fa54b13a000 r--p 0003c000 08:01 10752044                   /lib/x86_64-linux-gnu/libpcre.so.3.13.1
7fa54b13a000-7fa54b13b000 rw-p 0003d000 08:01 10752044                   /lib/x86_64-linux-gnu/libpcre.so.3.13.1
7fa54b13b000-7fa54b142000 r-xp 00000000 08:01 3416152                    /usr/lib/x86_64-linux-gnu/libffi.so.6.0.1
7fa54b142000-7fa54b341000 ---p 00007000 08:01 3416152                    /usr/lib/x86_64-linux-gnu/libffi.so.6.0.1
7fa54b341000-7fa54b342000 r--p 00006000 08:01 3416152                    /usr/lib/x86_64-linux-gnu/libffi.so.6.0.1
7fa54b342000-7fa54b343000 rw-p 00007000 08:01 3416152                    /usr/lib/x86_64-linux-gnu/libffi.so.6.0.1
7fa54b343000-7fa54b35a000 r-xp 00000000 08:01 10758127                   /lib/x86_64-linux-gnu/libresolv-2.19.so
7fa54b35a000-7fa54b55a000 ---p 00017000 08:01 10758127                   /lib/x86_64-linux-gnu/libresolv-2.19.so
7fa54b55a000-7fa54b55b000 r--p 00017000 08:01 10758127                   /lib/x86_64-linux-gnu/libresolv-2.19.so
7fa54b55b000-7fa54b55c000 rw-p 00018000 08:01 10758127                   /lib/x86_64-linux-gnu/libresolv-2.19.so
7fa54b55c000-7fa54b55e000 rw-p 00000000 00:00 0 
7fa54b55e000-7fa54b57e000 r-xp 00000000 08:01 10752071                   /lib/x86_64-linux-gnu/libselinux.so.1
7fa54b57e000-7fa54b77d000 ---p 00020000 08:01 10752071                   /lib/x86_64-linux-gnu/libselinux.so.1
7fa54b77d000-7fa54b77e000 r--p 0001f000 08:01 10752071                   /lib/x86_64-linux-gnu/libselinux.so.1
7fa54b77e000-7fa54b77f000 rw-p 00020000 08:01 10752071                   /lib/x86_64-linux-gnu/libselinux.so.1
7fa54b77f000-7fa54b781000 rw-p 00000000 00:00 0 
7fa54b781000-7fa54b784000 r-xp 00000000 08:01 3416265                    /usr/lib/x86_64-linux-gnu/libgmodule-2.0.so.0.4002.0
7fa54b784000-7fa54b983000 ---p 00003000 08:01 3416265                    /usr/lib/x86_64-linux-gnu/libgmodule-2.0.so.0.4002.0
7fa54b983000-7fa54b984000 r--p 00002000 08:01 3416265                    /usr/lib/x86_64-linux-gnu/libgmodule-2.0.so.0.4002.0
7fa54b984000-7fa54b985000 rw-p 00003000 08:01 3416265                    /usr/lib/x86_64-linux-gnu/libgmodule-2.0.so.0.4002.0
7fa54b985000-7fa54ba8b000 r-xp 00000000 08:01 10751972                   /lib/x86_64-linux-gnu/libglib-2.0.so.0.4002.0
7fa54ba8b000-7fa54bc8a000 ---p 00106000 08:01 10751972                   /lib/x86_64-linux-gnu/libglib-2.0.so.0.4002.0
7fa54bc8a000-7fa54bc8b000 r--p 00105000 08:01 10751972                   /lib/x86_64-linux-gnu/libglib-2.0.so.0.4002.0
7fa54bc8b000-7fa54bc8c000 rw-p 00106000 08:01 10751972                   /lib/x86_64-linux-gnu/libglib-2.0.so.0.4002.0
7fa54bc8c000-7fa54bc8d000 rw-p 00000000 00:00 0 
7fa54bc8d000-7fa54bdf9000 r-xp 00000000 08:01 3416253                    /usr/lib/x86_64-linux-gnu/libgio-2.0.so.0.4002.0
7fa54bdf9000-7fa54bff8000 ---p 0016c000 08:01 3416253                    /usr/lib/x86_64-linux-gnu/libgio-2.0.so.0.4002.0
7fa54bff8000-7fa54bffc000 r--p 0016b000 08:01 3416253                    /usr/lib/x86_64-linux-gnu/libgio-2.0.so.0.4002.0
7fa54bffc000-7fa54bffe000 rw-p 0016f000 08:01 3416253                    /usr/lib/x86_64-linux-gnu/libgio-2.0.so.0.4002.0
7fa54bffe000-7fa54c000000 rw-p 00000000 00:00 0 
7fa54c000000-7fa54c021000 rw-p 00000000 00:00 0 
7fa54c021000-7fa550000000 ---p 00000000 00:00 0 
7fa550086000-7fa5500b7000 rw-p 00000000 00:00 0 
7fa5500b7000-7fa550106000 r-xp 00000000 08:01 3416281                    /usr/lib/x86_64-linux-gnu/libgobject-2.0.so.0.4002.0
7fa550106000-7fa550306000 ---p 0004f000 08:01 3416281                    /usr/lib/x86_64-linux-gnu/libgobject-2.0.so.0.4002.0
7fa550306000-7fa550307000 r--p 0004f000 08:01 3416281                    /usr/lib/x86_64-linux-gnu/libgobject-2.0.so.0.4002.0
7fa550307000-7fa550308000 rw-p 00050000 08:01 3416281                    /usr/lib/x86_64-linux-gnu/libgobject-2.0.so.0.4002.0
7fa550308000-7fa55031f000 r-xp 00000000 08:01 3417746                    /usr/lib/jvm/java-7-openjdk-amd64/jre/lib/amd64/libnet.so
7fa55031f000-7fa55051e000 ---p 00017000 08:01 3417746                    /usr/lib/jvm/java-7-openjdk-amd64/jre/lib/amd64/libnet.so
7fa55051e000-7fa55051f000 r--p 00016000 08:01 3417746                    /usr/lib/jvm/java-7-openjdk-amd64/jre/lib/amd64/libnet.so
7fa55051f000-7fa550520000 rw-p 00017000 08:01 3417746                    /usr/lib/jvm/java-7-openjdk-amd64/jre/lib/amd64/libnet.so
7fa550520000-7fa550530000 r-xp 00000000 08:01 3417732                    /usr/lib/jvm/java-7-openjdk-amd64/jre/lib/amd64/libnio.so
7fa550530000-7fa550730000 ---p 00010000 08:01 3417732                    /usr/lib/jvm/java-7-openjdk-amd64/jre/lib/amd64/libnio.so
7fa550730000-7fa550731000 r--p 00010000 08:01 3417732                    /usr/lib/jvm/java-7-openjdk-amd64/jre/lib/amd64/libnio.so
7fa550731000-7fa550732000 rw-p 00011000 08:01 3417732                    /usr/lib/jvm/java-7-openjdk-amd64/jre/lib/amd64/libnio.so
7fa550760000-7fa55088c000 r--s 00dd3000 08:01 4473867                    /home/gautam/AndroidStudioProjects/MLeads9.7.3/mLeads971/build/intermediates/multi-dex/debug/allclasses.jar
7fa55088c000-7fa55088d000 ---p 00000000 00:00 0 
7fa55088d000-7fa55098d000 rw-p 00000000 00:00 0                          [stack:24166]
7fa55098d000-7fa550990000 ---p 00000000 00:00 0 
7fa550990000-7fa550a8e000 rw-p 00000000 00:00 0                          [stack:24165]
7fa550a8e000-7fa550a91000 ---p 00000000 00:00 0 
7fa550a91000-7fa550b8f000 rw-p 00000000 00:00 0                          [stack:24164]
7fa550b8f000-7fa550b92000 ---p 00000000 00:00 0 
7fa550b92000-7fa550c90000 rw-p 00000000 00:00 0                          [stack:24163]
7fa550c90000-7fa550c93000 ---p 00000000 00:00 0 
7fa550c93000-7fa550d91000 rw-p 00000000 00:00 0                          [stack:24162]
7fa550d91000-7fa551473000 r--p 00000000 08:01 3414858                    /usr/lib/locale/locale-archive
7fa551473000-7fa551476000 ---p 00000000 00:00 0 
7fa551476000-7fa551574000 rw-p 00000000 00:00 0                          [stack:24161]
7fa551574000-7fa551577000 ---p 00000000 00:00 0 
7fa551577000-7fa551675000 rw-p 00000000 00:00 0                          [stack:24160]
7fa551675000-7fa551676000 ---p 00000000 00:00 0 
7fa551676000-7fa55212b000 rw-p 00000000 00:00 0                          [stack:24159]
7fa55212b000-7fa5522dc000 r--s 01d27000 08:01 3417753                    /usr/lib/jvm/java-7-openjdk-amd64/jre/lib/rt.jar
7fa5522dc000-7fa553400000 rw-p 00000000 00:00 0 
7fa553400000-7fa553401000 ---p 00000000 00:00 0 
7fa553401000-7fa55362c000 rw-p 00000000 00:00 0                          [stack:24158]
7fa55362c000-7fa553fac000 rw-p 00000000 00:00 0 
7fa553fac000-7fa553fb7000 rw-p 00000000 00:00 0 
7fa553fb7000-7fa553fff000 rw-p 00000000 00:00 0 
7fa553fff000-7fa55412a000 rw-p 00000000 00:00 0 
7fa55412a000-7fa554aa9000 rw-p 00000000 00:00 0 
7fa554aa9000-7fa554e10000 rw-p 00000000 00:00 0 
7fa554e10000-7fa554fff000 rw-p 00000000 00:00 0 
7fa554fff000-7fa555000000 rw-p 00000000 00:00 0 
7fa555000000-7fa555530000 rwxp 00000000 00:00 0 
7fa555530000-7fa558403000 rw-p 00000000 00:00 0 
7fa558403000-7fa55c000000 ---p 00000000 00:00 0 
7fa55c01e000-7fa55c0ea000 rw-p 00000000 00:00 0 
7fa55c0ea000-7fa55c0eb000 ---p 00000000 00:00 0 
7fa55c0eb000-7fa55c1f6000 rw-p 00000000 00:00 0                          [stack:24157]
7fa55c1f6000-7fa55c23e000 rw-p 00000000 00:00 0 
7fa55c23e000-7fa55c246000 r-xp 00000000 08:01 3417728                    /usr/lib/jvm/java-7-openjdk-amd64/jre/lib/amd64/libzip.so
7fa55c246000-7fa55c445000 ---p 00008000 08:01 3417728                    /usr/lib/jvm/java-7-openjdk-amd64/jre/lib/amd64/libzip.so
7fa55c445000-7fa55c446000 r--p 00007000 08:01 3417728                    /usr/lib/jvm/java-7-openjdk-amd64/jre/lib/amd64/libzip.so
7fa55c446000-7fa55c447000 rw-p 00008000 08:01 3417728                    /usr/lib/jvm/java-7-openjdk-amd64/jre/lib/amd64/libzip.so
7fa55c447000-7fa55c452000 r-xp 00000000 08:01 10758130                   /lib/x86_64-linux-gnu/libnss_files-2.19.so
7fa55c452000-7fa55c651000 ---p 0000b000 08:01 10758130                   /lib/x86_64-linux-gnu/libnss_files-2.19.so
7fa55c651000-7fa55c652000 r--p 0000a000 08:01 10758130                   /lib/x86_64-linux-gnu/libnss_files-2.19.so
7fa55c652000-7fa55c653000 rw-p 0000b000 08:01 10758130                   /lib/x86_64-linux-gnu/libnss_files-2.19.so
7fa55c653000-7fa55c65e000 r-xp 00000000 08:01 10758150                   /lib/x86_64-linux-gnu/libnss_nis-2.19.so
7fa55c65e000-7fa55c85d000 ---p 0000b000 08:01 10758150                   /lib/x86_64-linux-gnu/libnss_nis-2.19.so
7fa55c85d000-7fa55c85e000 r--p 0000a000 08:01 10758150                   /lib/x86_64-linux-gnu/libnss_nis-2.19.so
7fa55c85e000-7fa55c85f000 rw-p 0000b000 08:01 10758150                   /lib/x86_64-linux-gnu/libnss_nis-2.19.so
7fa55c85f000-7fa55c876000 r-xp 00000000 08:01 10758139                   /lib/x86_64-linux-gnu/libnsl-2.19.so
7fa55c876000-7fa55ca75000 ---p 00017000 08:01 10758139                   /lib/x86_64-linux-gnu/libnsl-2.19.so
7fa55ca75000-7fa55ca76000 r--p 00016000 08:01 10758139                   /lib/x86_64-linux-gnu/libnsl-2.19.so
7fa55ca76000-7fa55ca77000 rw-p 00017000 08:01 10758139                   /lib/x86_64-linux-gnu/libnsl-2.19.so
7fa55ca77000-7fa55ca79000 rw-p 00000000 00:00 0 
7fa55ca79000-7fa55ca82000 r-xp 00000000 08:01 10758138                   /lib/x86_64-linux-gnu/libnss_compat-2.19.so
7fa55ca82000-7fa55cc81000 ---p 00009000 08:01 10758138                   /lib/x86_64-linux-gnu/libnss_compat-2.19.so
7fa55cc81000-7fa55cc82000 r--p 00008000 08:01 10758138                   /lib/x86_64-linux-gnu/libnss_compat-2.19.so
7fa55cc82000-7fa55cc83000 rw-p 00009000 08:01 10758138                   /lib/x86_64-linux-gnu/libnss_compat-2.19.so
7fa55cc83000-7fa55ccae000 r-xp 00000000 08:01 3417745                    /usr/lib/jvm/java-7-openjdk-amd64/jre/lib/amd64/libjava.so
7fa55ccae000-7fa55ceae000 ---p 0002b000 08:01 3417745                    /usr/lib/jvm/java-7-openjdk-amd64/jre/lib/amd64/libjava.so
7fa55ceae000-7fa55ceaf000 r--p 0002b000 08:01 3417745                    /usr/lib/jvm/java-7-openjdk-amd64/jre/lib/amd64/libjava.so
7fa55ceaf000-7fa55ceb1000 rw-p 0002c000 08:01 3417745                    /usr/lib/jvm/java-7-openjdk-amd64/jre/lib/amd64/libjava.so
7fa55ceb1000-7fa55cec1000 r-xp 00000000 08:01 3417742                    /usr/lib/jvm/java-7-openjdk-amd64/jre/lib/amd64/libverify.so
7fa55cec1000-7fa55d0c0000 ---p 00010000 08:01 3417742                    /usr/lib/jvm/java-7-openjdk-amd64/jre/lib/amd64/libverify.so
7fa55d0c0000-7fa55d0c2000 r--p 0000f000 08:01 3417742                    /usr/lib/jvm/java-7-openjdk-amd64/jre/lib/amd64/libverify.so
7fa55d0c2000-7fa55d0c3000 rw-p 00011000 08:01 3417742                    /usr/lib/jvm/java-7-openjdk-amd64/jre/lib/amd64/libverify.so
7fa55d0c3000-7fa55d0ca000 r-xp 00000000 08:01 10758147                   /lib/x86_64-linux-gnu/librt-2.19.so
7fa55d0ca000-7fa55d2c9000 ---p 00007000 08:01 10758147                   /lib/x86_64-linux-gnu/librt-2.19.so
7fa55d2c9000-7fa55d2ca000 r--p 00006000 08:01 10758147                   /lib/x86_64-linux-gnu/librt-2.19.so
7fa55d2ca000-7fa55d2cb000 rw-p 00007000 08:01 10758147                   /lib/x86_64-linux-gnu/librt-2.19.so
7fa55d2cb000-7fa55d2e1000 r-xp 00000000 08:01 10751968                   /lib/x86_64-linux-gnu/libgcc_s.so.1
7fa55d2e1000-7fa55d4e0000 ---p 00016000 08:01 10751968                   /lib/x86_64-linux-gnu/libgcc_s.so.1
7fa55d4e0000-7fa55d4e1000 rw-p 00015000 08:01 10751968                   /lib/x86_64-linux-gnu/libgcc_s.so.1
7fa55d4e1000-7fa55d5e6000 r-xp 00000000 08:01 10758129                   /lib/x86_64-linux-gnu/libm-2.19.so
7fa55d5e6000-7fa55d7e5000 ---p 00105000 08:01 10758129                   /lib/x86_64-linux-gnu/libm-2.19.so
7fa55d7e5000-7fa55d7e6000 r--p 00104000 08:01 10758129                   /lib/x86_64-linux-gnu/libm-2.19.so
7fa55d7e6000-7fa55d7e7000 rw-p 00105000 08:01 10758129                   /lib/x86_64-linux-gnu/libm-2.19.so
7fa55d7e7000-7fa55d8cd000 r-xp 00000000 08:01 3412138                    /usr/lib/x86_64-linux-gnu/libstdc++.so.6.0.19
7fa55d8cd000-7fa55dacc000 ---p 000e6000 08:01 3412138                    /usr/lib/x86_64-linux-gnu/libstdc++.so.6.0.19
7fa55dacc000-7fa55dad4000 r--p 000e5000 08:01 3412138                    /usr/lib/x86_64-linux-gnu/libstdc++.so.6.0.19
7fa55dad4000-7fa55dad6000 rw-p 000ed000 08:01 3412138                    /usr/lib/x86_64-linux-gnu/libstdc++.so.6.0.19
7fa55dad6000-7fa55daeb000 rw-p 00000000 00:00 0 
7fa55daeb000-7fa55e603000 r-xp 00000000 08:01 3417751                    /usr/lib/jvm/java-7-openjdk-amd64/jre/lib/amd64/server/libjvm.so
7fa55e603000-7fa55e803000 ---p 00b18000 08:01 3417751                    /usr/lib/jvm/java-7-openjdk-amd64/jre/lib/amd64/server/libjvm.so
7fa55e803000-7fa55e89d000 r--p 00b18000 08:01 3417751                    /usr/lib/jvm/java-7-openjdk-amd64/jre/lib/amd64/server/libjvm.so
7fa55e89d000-7fa55e8c0000 rw-p 00bb2000 08:01 3417751                    /usr/lib/jvm/java-7-openjdk-amd64/jre/lib/amd64/server/libjvm.so
7fa55e8c0000-7fa55e8ee000 rw-p 00000000 00:00 0 
7fa55e8ee000-7fa55e906000 r-xp 00000000 08:01 10752104                   /lib/x86_64-linux-gnu/libz.so.1.2.8
7fa55e906000-7fa55eb05000 ---p 00018000 08:01 10752104                   /lib/x86_64-linux-gnu/libz.so.1.2.8
7fa55eb05000-7fa55eb06000 r--p 00017000 08:01 10752104                   /lib/x86_64-linux-gnu/libz.so.1.2.8
7fa55eb06000-7fa55eb07000 rw-p 00018000 08:01 10752104                   /lib/x86_64-linux-gnu/libz.so.1.2.8
7fa55eb07000-7fa55eb20000 r-xp 00000000 08:01 10758145                   /lib/x86_64-linux-gnu/libpthread-2.19.so
7fa55eb20000-7fa55ed1f000 ---p 00019000 08:01 10758145                   /lib/x86_64-linux-gnu/libpthread-2.19.so
7fa55ed1f000-7fa55ed20000 r--p 00018000 08:01 10758145                   /lib/x86_64-linux-gnu/libpthread-2.19.so
7fa55ed20000-7fa55ed21000 rw-p 00019000 08:01 10758145                   /lib/x86_64-linux-gnu/libpthread-2.19.so
7fa55ed21000-7fa55ed25000 rw-p 00000000 00:00 0 
7fa55ed25000-7fa55ed28000 r-xp 00000000 08:01 10758133                   /lib/x86_64-linux-gnu/libdl-2.19.so
7fa55ed28000-7fa55ef27000 ---p 00003000 08:01 10758133                   /lib/x86_64-linux-gnu/libdl-2.19.so
7fa55ef27000-7fa55ef28000 r--p 00002000 08:01 10758133                   /lib/x86_64-linux-gnu/libdl-2.19.so
7fa55ef28000-7fa55ef29000 rw-p 00003000 08:01 10758133                   /lib/x86_64-linux-gnu/libdl-2.19.so
7fa55ef29000-7fa55f0e4000 r-xp 00000000 08:01 10758144                   /lib/x86_64-linux-gnu/libc-2.19.so
7fa55f0e4000-7fa55f2e3000 ---p 001bb000 08:01 10758144                   /lib/x86_64-linux-gnu/libc-2.19.so
7fa55f2e3000-7fa55f2e7000 r--p 001ba000 08:01 10758144                   /lib/x86_64-linux-gnu/libc-2.19.so
7fa55f2e7000-7fa55f2e9000 rw-p 001be000 08:01 10758144                   /lib/x86_64-linux-gnu/libc-2.19.so
7fa55f2e9000-7fa55f2ee000 rw-p 00000000 00:00 0 
7fa55f2ee000-7fa55f2fb000 r-xp 00000000 08:01 3417720                    /usr/lib/jvm/java-7-openjdk-amd64/jre/lib/amd64/jli/libjli.so
7fa55f2fb000-7fa55f4fa000 ---p 0000d000 08:01 3417720                    /usr/lib/jvm/java-7-openjdk-amd64/jre/lib/amd64/jli/libjli.so
7fa55f4fa000-7fa55f4fb000 r--p 0000c000 08:01 3417720                    /usr/lib/jvm/java-7-openjdk-amd64/jre/lib/amd64/jli/libjli.so
7fa55f4fb000-7fa55f4fc000 rw-p 0000d000 08:01 3417720                    /usr/lib/jvm/java-7-openjdk-amd64/jre/lib/amd64/jli/libjli.so
7fa55f4fc000-7fa55f51f000 r-xp 00000000 08:01 10758141                   /lib/x86_64-linux-gnu/ld-2.19.so
7fa55f524000-7fa55f525000 rw-p 00000000 00:00 0 
7fa55f525000-7fa55f52a000 r--s 0004d000 08:01 3417772                    /usr/lib/jvm/java-7-openjdk-amd64/jre/lib/jsse.jar
7fa55f52a000-7fa55f539000 r--s 000dd000 08:01 6686098                    /home/gautam/android-sdk-linux/build-tools/21.1.2/lib/dx.jar
7fa55f539000-7fa55f53b000 r--s 00012000 08:01 3417762                    /usr/lib/jvm/java-7-openjdk-amd64/jre/lib/ext/zipfs.jar
7fa55f53b000-7fa55f53e000 r--s 00086000 08:01 3417760                    /usr/lib/jvm/java-7-openjdk-amd64/jre/lib/ext/localedata.jar
7fa55f53e000-7fa55f53f000 r--s 00002000 08:01 3417758                    /usr/lib/jvm/java-7-openjdk-amd64/jre/lib/ext/dnsns.jar
7fa55f53f000-7fa55f554000 rw-p 00000000 00:00 0 
7fa55f554000-7fa55f5ff000 rw-p 00000000 00:00 0 
7fa55f5ff000-7fa55f602000 ---p 00000000 00:00 0 
7fa55f602000-7fa55f705000 rw-p 00000000 00:00 0                          [stack:24156]
7fa55f705000-7fa55f708000 r--s 0000f000 08:01 3417757                    /usr/lib/jvm/java-7-openjdk-amd64/jre/lib/ext/icedtea-sound.jar
7fa55f708000-7fa55f70c000 r--s 0003c000 08:01 3417759                    /usr/lib/jvm/java-7-openjdk-amd64/jre/lib/ext/sunpkcs11.jar
7fa55f70c000-7fa55f710000 r--s 00034000 08:01 3417761                    /usr/lib/jvm/java-7-openjdk-amd64/jre/lib/ext/sunjce_provider.jar
7fa55f710000-7fa55f712000 r--s 00006000 08:01 3801190                    /usr/share/java/java-atk-wrapper.jar
7fa55f712000-7fa55f71a000 rw-s 00000000 08:01 3023239                    /tmp/hsperfdata_gautam/24151
7fa55f71a000-7fa55f71b000 rw-p 00000000 00:00 0 
7fa55f71b000-7fa55f71c000 ---p 00000000 00:00 0 
7fa55f71c000-7fa55f71e000 rw-p 00000000 00:00 0 
7fa55f71e000-7fa55f71f000 r--p 00022000 08:01 10758141                   /lib/x86_64-linux-gnu/ld-2.19.so
7fa55f71f000-7fa55f720000 rw-p 00023000 08:01 10758141                   /lib/x86_64-linux-gnu/ld-2.19.so
7fa55f720000-7fa55f721000 rw-p 00000000 00:00 0 
7fffd2ce8000-7fffd2d0a000 rw-p 00000000 00:00 0                          [stack]
7fffd2dfc000-7fffd2dfe000 r-xp 00000000 00:00 0                          [vdso]
7fffd2dfe000-7fffd2e00000 r--p 00000000 00:00 0                          [vvar]
ffffffffff600000-ffffffffff601000 r-xp 00000000 00:00 0                  [vsyscall]

VM Arguments:
jvm_args: -Xmx8g -Dfile.encoding=UTF-8 -Duser.country=IN -Duser.language=en -Duser.variant 
java_command: com.android.dx.command.Main --dex --multi-dex --main-dex-list /home/gautam/AndroidStudioProjects/MLeads9.7.3/mLeads971/build/intermediates/multi-dex/debug/maindexlist.txt --set-max-idx-number=50000 --output /home/gautam/AndroidStudioProjects/MLeads9.7.3/mLeads971/build/intermediates/dex/debug /home/gautam/AndroidStudioProjects/MLeads9.7.3/mLeads971/build/intermediates/multi-dex/debug/allclasses.jar
Launcher Type: SUN_STANDARD

Environment Variables:
JAVA_HOME=/usr/lib/jvm/java-7-openjdk-amd64
CLASSPATH=./../lib/bootstrap.jar:./../lib/extensions.jar:./../lib/util.jar:./../lib/jdom.jar:./../lib/log4j.jar:./../lib/trove4j.jar:./../lib/jna.jar:/usr/lib/jvm/java-7-openjdk-amd64/lib/tools.jar
PATH=/usr/local/sbin:/usr/local/bin:/usr/sbin:/usr/bin:/sbin:/bin:/usr/games:/usr/local/games:usr/lib/jvm/java-1.7.0-openjdk-amd64/bin:/home/gautam/bin:/usr/lib/jvm/java-7-openjdk-amd64/bin
LD_LIBRARY_PATH=.:
SHELL=/bin/bash
DISPLAY=:0

Signal Handlers:
SIGSEGV: [libjvm.so+0x94b9a0], sa_mask[0]=0x7ffbfeff, sa_flags=0x10000004
SIGBUS: [libjvm.so+0x94b9a0], sa_mask[0]=0x7ffbfeff, sa_flags=0x10000004
SIGFPE: [libjvm.so+0x7c3880], sa_mask[0]=0x7ffbfeff, sa_flags=0x10000004
SIGPIPE: [libjvm.so+0x7c3880], sa_mask[0]=0x7ffbfeff, sa_flags=0x10000004
SIGXFSZ: [libjvm.so+0x7c3880], sa_mask[0]=0x7ffbfeff, sa_flags=0x10000004
SIGILL: [libjvm.so+0x7c3880], sa_mask[0]=0x7ffbfeff, sa_flags=0x10000004
SIGUSR1: SIG_DFL, sa_mask[0]=0x00000000, sa_flags=0x00000000
SIGUSR2: [libjvm.so+0x7c3720], sa_mask[0]=0x00000004, sa_flags=0x10000004
SIGHUP: [libjvm.so+0x7c3900], sa_mask[0]=0x7ffbfeff, sa_flags=0x10000004
SIGINT: [libjvm.so+0x7c3900], sa_mask[0]=0x7ffbfeff, sa_flags=0x10000004
SIGTERM: [libjvm.so+0x7c3900], sa_mask[0]=0x7ffbfeff, sa_flags=0x10000004
SIGQUIT: [libjvm.so+0x7c3900], sa_mask[0]=0x7ffbfeff, sa_flags=0x10000004
SIGTRAP: SIG_DFL, sa_mask[0]=0x00000000, sa_flags=0x00000000


---------------  S Y S T E M  ---------------

OS:Ubuntu 14.04 (trusty)
uname:Linux 3.16.0-30-generic #40~14.04.1-Ubuntu SMP Thu Jan 15 17:43:14 UTC 2015 x86_64
libc:glibc 2.19 NPTL 2.19 
rlimit: STACK 8192k, CORE 0k, NPROC 15587, NOFILE 4096, AS infinity
load average:5.97 2.81 1.42

/proc/meminfo:
MemTotal:        4011848 kB
MemFree:           86028 kB
MemAvailable:      46212 kB
Buffers:            1412 kB
Cached:            88828 kB
SwapCached:        39884 kB
Active:          2781964 kB
Inactive:         951188 kB
Active(anon):    2758900 kB
Inactive(anon):   928024 kB
Active(file):      23064 kB
Inactive(file):    23164 kB
Unevictable:         204 kB
Mlocked:             204 kB
SwapTotal:       4156412 kB
SwapFree:          64288 kB
Dirty:                68 kB
Writeback:          4464 kB
AnonPages:       3610116 kB
Mapped:            47140 kB
Shmem:             44004 kB
Slab:              76036 kB
SReclaimable:      43076 kB
SUnreclaim:        32960 kB
KernelStack:       10624 kB
PageTables:        60864 kB
NFS_Unstable:          0 kB
Bounce:                0 kB
WritebackTmp:          0 kB
CommitLimit:     6162336 kB
Committed_AS:   13758812 kB
VmallocTotal:   34359738367 kB
VmallocUsed:      544040 kB
VmallocChunk:   34359184668 kB
HardwareCorrupted:     0 kB
AnonHugePages:   1081344 kB
HugePages_Total:       0
HugePages_Free:        0
HugePages_Rsvd:        0
HugePages_Surp:        0
Hugepagesize:       2048 kB
DirectMap4k:       43904 kB
DirectMap2M:     4114432 kB


CPU:total 2 (2 cores per cpu, 1 threads per core) family 6 model 23 stepping 10, cmov, cx8, fxsr, mmx, sse, sse2, sse3, ssse3, sse4.1, tsc

/proc/cpuinfo:
processor	: 0
vendor_id	: GenuineIntel
cpu family	: 6
model		: 23
model name	: Intel(R) Core(TM)2 Duo CPU     E7500  @ 2.93GHz
stepping	: 10
microcode	: 0xa07
cpu MHz		: 2933.000
cache size	: 3072 KB
physical id	: 0
siblings	: 2
core id		: 0
cpu cores	: 2
apicid		: 0
initial apicid	: 0
fpu		: yes
fpu_exception	: yes
cpuid level	: 13
wp		: yes
flags		: fpu vme de pse tsc msr pae mce cx8 apic sep mtrr pge mca cmov pat pse36 clflush dts acpi mmx fxsr sse sse2 ss ht tm pbe syscall nx lm constant_tsc arch_perfmon pebs bts rep_good nopl aperfmperf pni dtes64 monitor ds_cpl vmx est tm2 ssse3 cx16 xtpr pdcm sse4_1 xsave lahf_lm dtherm tpr_shadow vnmi flexpriority
bogomips	: 5866.19
clflush size	: 64
cache_alignment	: 64
address sizes	: 36 bits physical, 48 bits virtual
power management:

processor	: 1
vendor_id	: GenuineIntel
cpu family	: 6
model		: 23
model name	: Intel(R) Core(TM)2 Duo CPU     E7500  @ 2.93GHz
stepping	: 10
microcode	: 0xa07
cpu MHz		: 2933.000
cache size	: 3072 KB
physical id	: 0
siblings	: 2
core id		: 1
cpu cores	: 2
apicid		: 1
initial apicid	: 1
fpu		: yes
fpu_exception	: yes
cpuid level	: 13
wp		: yes
flags		: fpu vme de pse tsc msr pae mce cx8 apic sep mtrr pge mca cmov pat pse36 clflush dts acpi mmx fxsr sse sse2 ss ht tm pbe syscall nx lm constant_tsc arch_perfmon pebs bts rep_good nopl aperfmperf pni dtes64 monitor ds_cpl vmx est tm2 ssse3 cx16 xtpr pdcm sse4_1 xsave lahf_lm dtherm tpr_shadow vnmi flexpriority
bogomips	: 5866.19
clflush size	: 64
cache_alignment	: 64
address sizes	: 36 bits physical, 48 bits virtual
power management:



Memory: 4k page, physical 4011848k(86028k free), swap 4156412k(64288k free)

vm_info: OpenJDK 64-Bit Server VM (24.79-b02) for linux-amd64 JRE (1.7.0_79-b14), built on Apr 16 2015 08:21:58 by "buildd" with gcc 4.8.2

time: Wed Mar 30 19:31:11 2016
elapsed time: 152 seconds

