#
# There is insufficient memory for the Java Runtime Environment to continue.
# Native memory allocation (malloc) failed to allocate 480247808 bytes for committing reserved memory.
# Possible reasons:
#   The system is out of physical RAM or swap space
#   In 32 bit mode, the process size limit was hit
# Possible solutions:
#   Reduce memory load on the system
#   Increase physical memory or swap space
#   Check if swap backing store is full
#   Use 64 bit Java on a 64 bit OS
#   Decrease Java heap size (-Xmx/-Xms)
#   Decrease number of Java threads
#   Decrease Java thread stack sizes (-Xss)
#   Set larger code cache with -XX:ReservedCodeCacheSize=
# This output file may be truncated or incomplete.
#
#  Out of Memory Error (os_linux.cpp:2809), pid=15502, tid=140579285464832
#
# JRE version: OpenJDK Runtime Environment (7.0_79-b14) (build 1.7.0_79-b14)
# Java VM: OpenJDK 64-Bit Server VM (24.79-b02 mixed mode linux-amd64 compressed oops)
# Derivative: IcedTea 2.5.5
# Distribution: Ubuntu 14.04 LTS, package 7u79-2.5.5-0ubuntu0.14.04.2
# Failed to write core dump. Core dumps have been disabled. To enable core dumping, try "ulimit -c unlimited" before starting Java again
#

---------------  T H R E A D  ---------------

Current thread (0x00007fdb34071800):  VMThread [stack: 0x00007fdb2a4f7000,0x00007fdb2a5f8000] [id=15509]

Stack: [0x00007fdb2a4f7000,0x00007fdb2a5f8000],  sp=0x00007fdb2a5f6490,  free space=1021k
Native frames: (J=compiled Java code, j=interpreted, Vv=VM code, C=native code)
V  [libjvm.so+0x94aec5]  VMError::report_and_die()+0x175
V  [libjvm.so+0x48b9c4]  report_vm_out_of_memory(char const*, int, unsigned long, char const*)+0x74
V  [libjvm.so+0x7c806b]  os::pd_commit_memory(char*, unsigned long, unsigned long, bool)+0xeb
V  [libjvm.so+0x7c2b0f]  os::commit_memory(char*, unsigned long, unsigned long, bool)+0x1f
V  [libjvm.so+0x83500b]  PSVirtualSpace::expand_by(unsigned long)+0x5b
V  [libjvm.so+0x835e60]  PSYoungGen::resize_generation(unsigned long, unsigned long)+0xb0
V  [libjvm.so+0x83654b]  PSYoungGen::resize(unsigned long, unsigned long)+0x1b
V  [libjvm.so+0x832830]  PSScavenge::invoke_no_policy()+0xde0
V  [libjvm.so+0x833008]  PSScavenge::invoke()+0x38
V  [libjvm.so+0x7e96f3]  ParallelScavengeHeap::failed_mem_allocate(unsigned long)+0x63
V  [libjvm.so+0x94c8c4]  VM_ParallelGCFailedAllocation::doit()+0x84
V  [libjvm.so+0x950dc7]  VM_Operation::evaluate()+0x47
V  [libjvm.so+0x94f738]  VMThread::evaluate_operation(VM_Operation*)+0x318
V  [libjvm.so+0x94fb99]  VMThread::loop()+0x219
V  [libjvm.so+0x94ffe2]  VMThread::run()+0x72
V  [libjvm.so+0x7c4f32]  java_start(Thread*)+0xf2

VM_Operation (0x00007fdb3c57ff90): ParallelGCFailedAllocation, mode: safepoint, requested by thread 0x00007fdb3400a800


---------------  P R O C E S S  ---------------

Java Threads: ( => current thread )
  0x00007fdb340aa000 JavaThread "Service Thread" daemon [_thread_blocked, id=15515, stack(0x00007fdb2980f000,0x00007fdb29910000)]
  0x00007fdb340a7800 JavaThread "C2 CompilerThread1" daemon [_thread_blocked, id=15514, stack(0x00007fdb29910000,0x00007fdb29a11000)]
  0x00007fdb340a4800 JavaThread "C2 CompilerThread0" daemon [_thread_blocked, id=15513, stack(0x00007fdb29a11000,0x00007fdb29b12000)]
  0x00007fdb340a2800 JavaThread "Signal Dispatcher" daemon [_thread_blocked, id=15512, stack(0x00007fdb29b12000,0x00007fdb29c13000)]
  0x00007fdb34077800 JavaThread "Finalizer" daemon [_thread_blocked, id=15511, stack(0x00007fdb2a2f5000,0x00007fdb2a3f6000)]
  0x00007fdb34075800 JavaThread "Reference Handler" daemon [_thread_blocked, id=15510, stack(0x00007fdb2a3f6000,0x00007fdb2a4f7000)]
  0x00007fdb3400a800 JavaThread "main" [_thread_blocked, id=15506, stack(0x00007fdb3c481000,0x00007fdb3c582000)]

Other Threads:
=>0x00007fdb34071800 VMThread [stack: 0x00007fdb2a4f7000,0x00007fdb2a5f8000] [id=15509]
  0x00007fdb340b4800 WatcherThread [stack: 0x00007fdb2970e000,0x00007fdb2980f000] [id=15516]

VM state:at safepoint (normal execution)

VM Mutex/Monitor currently owned by a thread:  ([mutex/lock_event])
[0x00007fdb34006a90] Threads_lock - owner thread: 0x00007fdb34071800
[0x00007fdb34006f90] Heap_lock - owner thread: 0x00007fdb3400a800

Heap
 PSYoungGen      total 1654272K, used 199148K [0x0000000755500000, 0x00000007c6700000, 0x0000000800000000)
  eden space 1455104K, 0% used [0x0000000755500000,0x0000000755500000,0x00000007ae200000)
  from space 199168K, 99% used [0x00000007ae200000,0x00000007ba47b028,0x00000007ba480000)
  to   space 157184K, 0% used [0x00000007ba500000,0x00000007ba500000,0x00000007c3e80000)
 ParOldGen       total 875008K, used 874541K [0x0000000600000000, 0x0000000635680000, 0x0000000755500000)
  object space 875008K, 99% used [0x0000000600000000,0x000000063560b448,0x0000000635680000)
 PSPermGen       total 21504K, used 6903K [0x00000005f5a00000, 0x00000005f6f00000, 0x0000000600000000)
  object space 21504K, 32% used [0x00000005f5a00000,0x00000005f60bdcc8,0x00000005f6f00000)

Card table byte_map: [0x00007fdb3806c000,0x00007fdb390c0000] byte_map_base: 0x00007fdb350bf000

Polling page: 0x00007fdb3c59d000

Code Cache  [0x00007fdb31000000, 0x00007fdb314e0000, 0x00007fdb34000000)
 total_blobs=1716 nmethods=1484 adapters=186 free_code_cache=44322Kb largest_free_block=45283456

Compilation events (10 events):
Event: 110.462 Thread 0x00007fdb340a4800 1548             java.util.ArrayDeque::poll (5 bytes)
Event: 110.463 Thread 0x00007fdb340a4800 nmethod 1548 0x00007fdb313d2590 code [0x00007fdb313d26e0, 0x00007fdb313d27b8]
Event: 110.463 Thread 0x00007fdb340a4800 1549             java.util.ArrayDeque::pollFirst (42 bytes)
Event: 110.464 Thread 0x00007fdb340a4800 nmethod 1549 0x00007fdb313fb510 code [0x00007fdb313fb660, 0x00007fdb313fb738]
Event: 110.465 Thread 0x00007fdb340a7800 1551             java.util.ArrayDeque::addLast (53 bytes)
Event: 110.466 Thread 0x00007fdb340a7800 nmethod 1551 0x00007fdb313d2190 code [0x00007fdb313d22e0, 0x00007fdb313d2448]
Event: 110.466 Thread 0x00007fdb340a4800 1550             java.util.ArrayDeque::add (7 bytes)
Event: 110.468 Thread 0x00007fdb340a4800 nmethod 1550 0x00007fdb313d1d50 code [0x00007fdb313d1ea0, 0x00007fdb313d2008]
Event: 111.127 Thread 0x00007fdb340a7800 1553   !         java.util.zip.ZipFile$ZipFileInputStream::read (125 bytes)
Event: 111.130 Thread 0x00007fdb340a7800 nmethod 1553 0x00007fdb3138ee90 code [0x00007fdb3138f000, 0x00007fdb3138f458]

GC Heap History (10 events):
Event: 73.222 GC heap after
Heap after GC invocations=34 (full 5):
 PSYoungGen      total 1360384K, used 1360365K [0x0000000755500000, 0x00000007b5980000, 0x0000000800000000)
  eden space 1247744K, 100% used [0x0000000755500000,0x00000007a1780000,0x00000007a1780000)
  from space 112640K, 99% used [0x00000007aa780000,0x00000007b157b500,0x00000007b1580000)
  to   space 147456K, 99% used [0x00000007a1780000,0x00000007aa77ac50,0x00000007aa780000)
 ParOldGen       total 493568K, used 493141K [0x0000000600000000, 0x000000061e200000, 0x0000000755500000)
  object space 493568K, 99% used [0x0000000600000000,0x000000061e195600,0x000000061e200000)
 PSPermGen       total 21504K, used 6179K [0x00000005f5a00000, 0x00000005f6f00000, 0x0000000600000000)
  object space 21504K, 28% used [0x00000005f5a00000,0x00000005f6008f58,0x00000005f6f00000)
}
Event: 73.222 GC heap before
{Heap before GC invocations=35 (full 6):
 PSYoungGen      total 1360384K, used 1360365K [0x0000000755500000, 0x00000007b5980000, 0x0000000800000000)
  eden space 1247744K, 100% used [0x0000000755500000,0x00000007a1780000,0x00000007a1780000)
  from space 112640K, 99% used [0x00000007aa780000,0x00000007b157b500,0x00000007b1580000)
  to   space 147456K, 99% used [0x00000007a1780000,0x00000007aa77ac50,0x00000007aa780000)
 ParOldGen       total 493568K, used 493141K [0x0000000600000000, 0x000000061e200000, 0x0000000755500000)
  object space 493568K, 99% used [0x0000000600000000,0x000000061e195600,0x000000061e200000)
 PSPermGen       total 21504K, used 6179K [0x00000005f5a00000, 0x00000005f6f00000, 0x0000000600000000)
  object space 21504K, 28% used [0x00000005f5a00000,0x00000005f6008f58,0x00000005f6f00000)
Event: 77.219 GC heap after
Heap after GC invocations=35 (full 6):
 PSYoungGen      total 1360384K, used 154064K [0x0000000755500000, 0x00000007b5980000, 0x0000000800000000)
  eden space 1247744K, 12% used [0x0000000755500000,0x000000075eb742b0,0x00000007a1780000)
  from space 112640K, 0% used [0x00000007aa780000,0x00000007aa780000,0x00000007b1580000)
  to   space 147456K, 0% used [0x00000007a1780000,0x00000007a1780000,0x00000007aa780000)
 ParOldGen       total 624640K, used 493487K [0x0000000600000000, 0x0000000626200000, 0x0000000755500000)
  object space 624640K, 79% used [0x0000000600000000,0x000000061e1ebe18,0x0000000626200000)
 PSPermGen       total 21504K, used 6179K [0x00000005f5a00000, 0x00000005f6f00000, 0x0000000600000000)
  object space 21504K, 28% used [0x00000005f5a00000,0x00000005f6008e78,0x00000005f6f00000)
}
Event: 82.640 GC heap before
{Heap before GC invocations=36 (full 6):
 PSYoungGen      total 1360384K, used 1247744K [0x0000000755500000, 0x00000007b5980000, 0x0000000800000000)
  eden space 1247744K, 100% used [0x0000000755500000,0x00000007a1780000,0x00000007a1780000)
  from space 112640K, 0% used [0x00000007aa780000,0x00000007aa780000,0x00000007b1580000)
  to   space 147456K, 0% used [0x00000007a1780000,0x00000007a1780000,0x00000007aa780000)
 ParOldGen       total 624640K, used 493487K [0x0000000600000000, 0x0000000626200000, 0x0000000755500000)
  object space 624640K, 79% used [0x0000000600000000,0x000000061e1ebe18,0x0000000626200000)
 PSPermGen       total 21504K, used 6181K [0x00000005f5a00000, 0x00000005f6f00000, 0x0000000600000000)
  object space 21504K, 28% used [0x00000005f5a00000,0x00000005f60096e8,0x00000005f6f00000)
Event: 83.599 GC heap after
Heap after GC invocations=36 (full 6):
 PSYoungGen      total 1395200K, used 105258K [0x0000000755500000, 0x00000007c3e80000, 0x0000000800000000)
  eden space 1247744K, 0% used [0x0000000755500000,0x0000000755500000,0x00000007a1780000)
  from space 147456K, 71% used [0x00000007a1780000,0x00000007a7e4abd0,0x00000007aa780000)
  to   space 157184K, 0% used [0x00000007ba500000,0x00000007ba500000,0x00000007c3e80000)
 ParOldGen       total 645120K, used 644673K [0x0000000600000000, 0x0000000627600000, 0x0000000755500000)
  object space 645120K, 99% used [0x0000000600000000,0x00000006275907a8,0x0000000627600000)
 PSPermGen       total 21504K, used 6181K [0x00000005f5a00000, 0x00000005f6f00000, 0x0000000600000000)
  object space 21504K, 28% used [0x00000005f5a00000,0x00000005f60096e8,0x00000005f6f00000)
}
Event: 83.599 GC heap before
{Heap before GC invocations=37 (full 7):
 PSYoungGen      total 1395200K, used 105258K [0x0000000755500000, 0x00000007c3e80000, 0x0000000800000000)
  eden space 1247744K, 0% used [0x0000000755500000,0x0000000755500000,0x00000007a1780000)
  from space 147456K, 71% used [0x00000007a1780000,0x00000007a7e4abd0,0x00000007aa780000)
  to   space 157184K, 0% used [0x00000007ba500000,0x00000007ba500000,0x00000007c3e80000)
 ParOldGen       total 645120K, used 644673K [0x0000000600000000, 0x0000000627600000, 0x0000000755500000)
  object space 645120K, 99% used [0x0000000600000000,0x00000006275907a8,0x0000000627600000)
 PSPermGen       total 21504K, used 6181K [0x00000005f5a00000, 0x00000005f6f00000, 0x0000000600000000)
  object space 21504K, 28% used [0x00000005f5a00000,0x00000005f60096e8,0x00000005f6f00000)
Event: 88.112 GC heap after
Heap after GC invocations=37 (full 7):
 PSYoungGen      total 1395200K, used 53314K [0x0000000755500000, 0x00000007c3e80000, 0x0000000800000000)
  eden space 1247744K, 0% used [0x0000000755500000,0x0000000755500000,0x00000007a1780000)
  from space 147456K, 36% used [0x00000007a1780000,0x00000007a4b909b8,0x00000007aa780000)
  to   space 157184K, 0% used [0x00000007ba500000,0x00000007ba500000,0x00000007c3e80000)
 ParOldGen       total 830976K, used 644628K [0x0000000600000000, 0x0000000632b80000, 0x0000000755500000)
  object space 830976K, 77% used [0x0000000600000000,0x0000000627585310,0x0000000632b80000)
 PSPermGen       total 21504K, used 6181K [0x00000005f5a00000, 0x00000005f6f00000, 0x0000000600000000)
  object space 21504K, 28% used [0x00000005f5a00000,0x00000005f60096e8,0x00000005f6f00000)
}
Event: 101.541 GC heap before
{Heap before GC invocations=38 (full 7):
 PSYoungGen      total 1395200K, used 1301058K [0x0000000755500000, 0x00000007c3e80000, 0x0000000800000000)
  eden space 1247744K, 100% used [0x0000000755500000,0x00000007a1780000,0x00000007a1780000)
  from space 147456K, 36% used [0x00000007a1780000,0x00000007a4b909b8,0x00000007aa780000)
  to   space 157184K, 0% used [0x00000007ba500000,0x00000007ba500000,0x00000007c3e80000)
 ParOldGen       total 830976K, used 644628K [0x0000000600000000, 0x0000000632b80000, 0x0000000755500000)
  object space 830976K, 77% used [0x0000000600000000,0x0000000627585310,0x0000000632b80000)
 PSPermGen       total 21504K, used 6897K [0x00000005f5a00000, 0x00000005f6f00000, 0x0000000600000000)
  object space 21504K, 32% used [0x00000005f5a00000,0x00000005f60bc778,0x00000005f6f00000)
Event: 106.185 GC heap after
Heap after GC invocations=38 (full 7):
 PSYoungGen      total 1612288K, used 157160K [0x0000000755500000, 0x00000007c6700000, 0x0000000800000000)
  eden space 1455104K, 0% used [0x0000000755500000,0x0000000755500000,0x00000007ae200000)
  from space 157184K, 99% used [0x00000007ba500000,0x00000007c3e7a248,0x00000007c3e80000)
  to   space 199168K, 0% used [0x00000007ae200000,0x00000007ae200000,0x00000007ba480000)
 ParOldGen       total 830976K, used 687500K [0x0000000600000000, 0x0000000632b80000, 0x0000000755500000)
  object space 830976K, 82% used [0x0000000600000000,0x0000000629f63138,0x0000000632b80000)
 PSPermGen       total 21504K, used 6897K [0x00000005f5a00000, 0x00000005f6f00000, 0x0000000600000000)
  object space 21504K, 32% used [0x00000005f5a00000,0x00000005f60bc778,0x00000005f6f00000)
}
Event: 111.205 GC heap before
{Heap before GC invocations=39 (full 7):
 PSYoungGen      total 1612288K, used 1612264K [0x0000000755500000, 0x00000007c6700000, 0x0000000800000000)
  eden space 1455104K, 100% used [0x0000000755500000,0x00000007ae200000,0x00000007ae200000)
  from space 157184K, 99% used [0x00000007ba500000,0x00000007c3e7a248,0x00000007c3e80000)
  to   space 199168K, 0% used [0x00000007ae200000,0x00000007ae200000,0x00000007ba480000)
 ParOldGen       total 830976K, used 687500K [0x0000000600000000, 0x0000000632b80000, 0x0000000755500000)
  object space 830976K, 82% used [0x0000000600000000,0x0000000629f63138,0x0000000632b80000)
 PSPermGen       total 21504K, used 6903K [0x00000005f5a00000, 0x00000005f6f00000, 0x0000000600000000)
  object space 21504K, 32% used [0x00000005f5a00000,0x00000005f60bdcc8,0x00000005f6f00000)

Deoptimization events (10 events):
Event: 98.479 Thread 0x00007fdb3400a800 Uncommon trap: reason=unreached action=reinterpret pc=0x00007fdb31370bc8 method=java.lang.ref.Reference.<init>(Ljava/lang/Object;Ljava/lang/ref/ReferenceQueue;)V @ 11
Event: 98.585 Thread 0x00007fdb3400a800 Uncommon trap: reason=unreached action=reinterpret pc=0x00007fdb310927ec method=java.util.Arrays.copyOf([Ljava/lang/Object;ILjava/lang/Class;)[Ljava/lang/Object; @ 4
Event: 99.956 Thread 0x00007fdb3400a800 Uncommon trap: reason=class_check action=maybe_recompile pc=0x00007fdb310e78f4 method=java.util.HashMap.<init>(IF)V @ 115
Event: 99.956 Thread 0x00007fdb3400a800 Uncommon trap: reason=class_check action=maybe_recompile pc=0x00007fdb31179050 method=java.util.HashMap.resize(I)V @ 35
Event: 99.956 Thread 0x00007fdb3400a800 Uncommon trap: reason=class_check action=maybe_recompile pc=0x00007fdb31179050 method=java.util.HashMap.resize(I)V @ 35
Event: 99.956 Thread 0x00007fdb3400a800 Uncommon trap: reason=class_check action=maybe_recompile pc=0x00007fdb31179050 method=java.util.HashMap.resize(I)V @ 35
Event: 99.957 Thread 0x00007fdb3400a800 Uncommon trap: reason=class_check action=maybe_recompile pc=0x00007fdb310e78f4 method=java.util.HashMap.<init>(IF)V @ 115
Event: 100.148 Thread 0x00007fdb3400a800 Uncommon trap: reason=class_check action=maybe_recompile pc=0x00007fdb31179050 method=java.util.HashMap.resize(I)V @ 35
Event: 106.548 Thread 0x00007fdb34077800 Uncommon trap: reason=bimorphic action=maybe_recompile pc=0x00007fdb31125780 method=java.lang.System$2.invokeFinalize(Ljava/lang/Object;)V @ 1
Event: 106.838 Thread 0x00007fdb3400a800 Uncommon trap: reason=unloaded action=reinterpret pc=0x00007fdb312a79ec method=com.android.dx.ssa.SCCP.replaceBranches()V @ 110

Internal exceptions (10 events):
Event: 94.434 Thread 0x00007fdb3400a800 Threw 0x0000000780064f68 at /build/buildd/openjdk-7-7u79-2.5.5/build/openjdk/hotspot/src/share/vm/prims/jvm.cpp:1284
Event: 95.163 Thread 0x00007fdb3400a800 Implicit null exception at 0x00007fdb31409039 to 0x00007fdb314093cd
Event: 95.744 Thread 0x00007fdb3400a800 Threw 0x0000000786fa1dc0 at /build/buildd/openjdk-7-7u79-2.5.5/build/openjdk/hotspot/src/share/vm/prims/jvm.cpp:1284
Event: 95.878 Thread 0x00007fdb3400a800 Threw 0x0000000786fae380 at /build/buildd/openjdk-7-7u79-2.5.5/build/openjdk/hotspot/src/share/vm/prims/jvm.cpp:1284
Event: 95.878 Thread 0x00007fdb3400a800 Threw 0x0000000786fb1860 at /build/buildd/openjdk-7-7u79-2.5.5/build/openjdk/hotspot/src/share/vm/prims/jvm.cpp:1284
Event: 96.265 Thread 0x00007fdb3400a800 Threw 0x00000007890933b8 at /build/buildd/openjdk-7-7u79-2.5.5/build/openjdk/hotspot/src/share/vm/prims/jvm.cpp:1284
Event: 96.577 Thread 0x00007fdb3400a800 Threw 0x0000000789f87f48 at /build/buildd/openjdk-7-7u79-2.5.5/build/openjdk/hotspot/src/share/vm/prims/jvm.cpp:1284
Event: 96.638 Thread 0x00007fdb3400a800 Threw 0x000000078a683850 at /build/buildd/openjdk-7-7u79-2.5.5/build/openjdk/hotspot/src/share/vm/prims/jvm.cpp:1284
Event: 96.659 Thread 0x00007fdb3400a800 Implicit null exception at 0x00007fdb31483f74 to 0x00007fdb31484435
Event: 97.334 Thread 0x00007fdb3400a800 Threw 0x000000078a6cb238 at /build/buildd/openjdk-7-7u79-2.5.5/build/openjdk/hotspot/src/share/vm/prims/jvm.cpp:1284

Events (10 events):
Event: 106.812 Executing VM operation: RevokeBias done
Event: 106.838 Thread 0x00007fdb3400a800 Uncommon trap: trap_request=0x00000060 fr.pc=0x00007fdb312a79ec
Event: 106.838 Thread 0x00007fdb3400a800 DEOPT PACKING pc=0x00007fdb312a79ec sp=0x00007fdb3c580160
Event: 106.838 Thread 0x00007fdb3400a800 DEOPT UNPACKING pc=0x00007fdb31039045 sp=0x00007fdb3c580098 mode 2
Event: 109.265 Thread 0x00007fdb340a7800 flushing nmethod 0x00007fdb3133e850
Event: 109.265 Thread 0x00007fdb340a7800 flushing nmethod 0x00007fdb313428d0
Event: 109.266 Thread 0x00007fdb340a7800 flushing nmethod 0x00007fdb3138ea50
Event: 109.732 Thread 0x00007fdb340a4800 flushing nmethod 0x00007fdb313fe010
Event: 109.733 Thread 0x00007fdb340a4800 flushing nmethod 0x00007fdb31408e90
Event: 111.205 Executing VM operation: ParallelGCFailedAllocation


Dynamic libraries:
00400000-00401000 r-xp 00000000 08:01 3417671                            /usr/lib/jvm/java-7-openjdk-amd64/jre/bin/java
00600000-00601000 r--p 00000000 08:01 3417671                            /usr/lib/jvm/java-7-openjdk-amd64/jre/bin/java
00601000-00602000 rw-p 00001000 08:01 3417671                            /usr/lib/jvm/java-7-openjdk-amd64/jre/bin/java
01e76000-01e97000 rw-p 00000000 00:00 0                                  [heap]
5f5a00000-5f6f00000 rw-p 00000000 00:00 0 
5f6f00000-600000000 rw-p 00000000 00:00 0 
600000000-635680000 rw-p 00000000 00:00 0 
635680000-755500000 rw-p 00000000 00:00 0 
755500000-7c6700000 rw-p 00000000 00:00 0 
7e3100000-800000000 rw-p 00000000 00:00 0 
7fdaf0000000-7fdaf0021000 rw-p 00000000 00:00 0 
7fdaf0021000-7fdaf4000000 ---p 00000000 00:00 0 
7fdaf4000000-7fdaf5e0b000 rw-p 00000000 00:00 0 
7fdaf5e0b000-7fdaf8000000 ---p 00000000 00:00 0 
7fdaf8000000-7fdaf8021000 rw-p 00000000 00:00 0 
7fdaf8021000-7fdafc000000 ---p 00000000 00:00 0 
7fdafc000000-7fdafc021000 rw-p 00000000 00:00 0 
7fdafc021000-7fdb00000000 ---p 00000000 00:00 0 
7fdb00000000-7fdb01110000 rw-p 00000000 00:00 0 
7fdb01110000-7fdb04000000 ---p 00000000 00:00 0 
7fdb04000000-7fdb04021000 rw-p 00000000 00:00 0 
7fdb04021000-7fdb08000000 ---p 00000000 00:00 0 
7fdb08000000-7fdb08021000 rw-p 00000000 00:00 0 
7fdb08021000-7fdb0c000000 ---p 00000000 00:00 0 
7fdb0c000000-7fdb0c241000 rw-p 00000000 00:00 0 
7fdb0c241000-7fdb10000000 ---p 00000000 00:00 0 
7fdb13892000-7fdb138cf000 r-xp 00000000 08:01 10752044                   /lib/x86_64-linux-gnu/libpcre.so.3.13.1
7fdb138cf000-7fdb13ace000 ---p 0003d000 08:01 10752044                   /lib/x86_64-linux-gnu/libpcre.so.3.13.1
7fdb13ace000-7fdb13acf000 r--p 0003c000 08:01 10752044                   /lib/x86_64-linux-gnu/libpcre.so.3.13.1
7fdb13acf000-7fdb13ad0000 rw-p 0003d000 08:01 10752044                   /lib/x86_64-linux-gnu/libpcre.so.3.13.1
7fdb13ad0000-7fdb24000000 rw-p 00000000 00:00 0 
7fdb24000000-7fdb2405b000 rw-p 00000000 00:00 0 
7fdb2405b000-7fdb28000000 ---p 00000000 00:00 0 
7fdb28042000-7fdb28073000 rw-p 00000000 00:00 0 
7fdb28073000-7fdb2807a000 r-xp 00000000 08:01 3416152                    /usr/lib/x86_64-linux-gnu/libffi.so.6.0.1
7fdb2807a000-7fdb28279000 ---p 00007000 08:01 3416152                    /usr/lib/x86_64-linux-gnu/libffi.so.6.0.1
7fdb28279000-7fdb2827a000 r--p 00006000 08:01 3416152                    /usr/lib/x86_64-linux-gnu/libffi.so.6.0.1
7fdb2827a000-7fdb2827b000 rw-p 00007000 08:01 3416152                    /usr/lib/x86_64-linux-gnu/libffi.so.6.0.1
7fdb2827b000-7fdb28292000 r-xp 00000000 08:01 10758127                   /lib/x86_64-linux-gnu/libresolv-2.19.so
7fdb28292000-7fdb28492000 ---p 00017000 08:01 10758127                   /lib/x86_64-linux-gnu/libresolv-2.19.so
7fdb28492000-7fdb28493000 r--p 00017000 08:01 10758127                   /lib/x86_64-linux-gnu/libresolv-2.19.so
7fdb28493000-7fdb28494000 rw-p 00018000 08:01 10758127                   /lib/x86_64-linux-gnu/libresolv-2.19.so
7fdb28494000-7fdb28496000 rw-p 00000000 00:00 0 
7fdb28496000-7fdb284b6000 r-xp 00000000 08:01 10752071                   /lib/x86_64-linux-gnu/libselinux.so.1
7fdb284b6000-7fdb286b5000 ---p 00020000 08:01 10752071                   /lib/x86_64-linux-gnu/libselinux.so.1
7fdb286b5000-7fdb286b6000 r--p 0001f000 08:01 10752071                   /lib/x86_64-linux-gnu/libselinux.so.1
7fdb286b6000-7fdb286b7000 rw-p 00020000 08:01 10752071                   /lib/x86_64-linux-gnu/libselinux.so.1
7fdb286b7000-7fdb286b9000 rw-p 00000000 00:00 0 
7fdb286b9000-7fdb286bc000 r-xp 00000000 08:01 3416265                    /usr/lib/x86_64-linux-gnu/libgmodule-2.0.so.0.4002.0
7fdb286bc000-7fdb288bb000 ---p 00003000 08:01 3416265                    /usr/lib/x86_64-linux-gnu/libgmodule-2.0.so.0.4002.0
7fdb288bb000-7fdb288bc000 r--p 00002000 08:01 3416265                    /usr/lib/x86_64-linux-gnu/libgmodule-2.0.so.0.4002.0
7fdb288bc000-7fdb288bd000 rw-p 00003000 08:01 3416265                    /usr/lib/x86_64-linux-gnu/libgmodule-2.0.so.0.4002.0
7fdb288bd000-7fdb289c3000 r-xp 00000000 08:01 10751972                   /lib/x86_64-linux-gnu/libglib-2.0.so.0.4002.0
7fdb289c3000-7fdb28bc2000 ---p 00106000 08:01 10751972                   /lib/x86_64-linux-gnu/libglib-2.0.so.0.4002.0
7fdb28bc2000-7fdb28bc3000 r--p 00105000 08:01 10751972                   /lib/x86_64-linux-gnu/libglib-2.0.so.0.4002.0
7fdb28bc3000-7fdb28bc4000 rw-p 00106000 08:01 10751972                   /lib/x86_64-linux-gnu/libglib-2.0.so.0.4002.0
7fdb28bc4000-7fdb28bc5000 rw-p 00000000 00:00 0 
7fdb28bc5000-7fdb28c14000 r-xp 00000000 08:01 3416281                    /usr/lib/x86_64-linux-gnu/libgobject-2.0.so.0.4002.0
7fdb28c14000-7fdb28e14000 ---p 0004f000 08:01 3416281                    /usr/lib/x86_64-linux-gnu/libgobject-2.0.so.0.4002.0
7fdb28e14000-7fdb28e15000 r--p 0004f000 08:01 3416281                    /usr/lib/x86_64-linux-gnu/libgobject-2.0.so.0.4002.0
7fdb28e15000-7fdb28e16000 rw-p 00050000 08:01 3416281                    /usr/lib/x86_64-linux-gnu/libgobject-2.0.so.0.4002.0
7fdb28e16000-7fdb28f82000 r-xp 00000000 08:01 3416253                    /usr/lib/x86_64-linux-gnu/libgio-2.0.so.0.4002.0
7fdb28f82000-7fdb29181000 ---p 0016c000 08:01 3416253                    /usr/lib/x86_64-linux-gnu/libgio-2.0.so.0.4002.0
7fdb29181000-7fdb29185000 r--p 0016b000 08:01 3416253                    /usr/lib/x86_64-linux-gnu/libgio-2.0.so.0.4002.0
7fdb29185000-7fdb29187000 rw-p 0016f000 08:01 3416253                    /usr/lib/x86_64-linux-gnu/libgio-2.0.so.0.4002.0
7fdb29187000-7fdb29189000 rw-p 00000000 00:00 0 
7fdb29189000-7fdb291a0000 r-xp 00000000 08:01 3417746                    /usr/lib/jvm/java-7-openjdk-amd64/jre/lib/amd64/libnet.so
7fdb291a0000-7fdb2939f000 ---p 00017000 08:01 3417746                    /usr/lib/jvm/java-7-openjdk-amd64/jre/lib/amd64/libnet.so
7fdb2939f000-7fdb293a0000 r--p 00016000 08:01 3417746                    /usr/lib/jvm/java-7-openjdk-amd64/jre/lib/amd64/libnet.so
7fdb293a0000-7fdb293a1000 rw-p 00017000 08:01 3417746                    /usr/lib/jvm/java-7-openjdk-amd64/jre/lib/amd64/libnet.so
7fdb293a1000-7fdb293b1000 r-xp 00000000 08:01 3417732                    /usr/lib/jvm/java-7-openjdk-amd64/jre/lib/amd64/libnio.so
7fdb293b1000-7fdb295b1000 ---p 00010000 08:01 3417732                    /usr/lib/jvm/java-7-openjdk-amd64/jre/lib/amd64/libnio.so
7fdb295b1000-7fdb295b2000 r--p 00010000 08:01 3417732                    /usr/lib/jvm/java-7-openjdk-amd64/jre/lib/amd64/libnio.so
7fdb295b2000-7fdb295b3000 rw-p 00011000 08:01 3417732                    /usr/lib/jvm/java-7-openjdk-amd64/jre/lib/amd64/libnio.so
7fdb295e1000-7fdb2970e000 r--s 00de9000 08:01 2107274                    /home/gautam/AndroidStudioProjects/MLeads9.7.3/mLeads971/build/intermediates/multi-dex/debug/allclasses.jar
7fdb2970e000-7fdb2970f000 ---p 00000000 00:00 0 
7fdb2970f000-7fdb2980f000 rw-p 00000000 00:00 0                          [stack:15516]
7fdb2980f000-7fdb29812000 ---p 00000000 00:00 0 
7fdb29812000-7fdb29910000 rw-p 00000000 00:00 0                          [stack:15515]
7fdb29910000-7fdb29913000 ---p 00000000 00:00 0 
7fdb29913000-7fdb29a11000 rw-p 00000000 00:00 0                          [stack:15514]
7fdb29a11000-7fdb29a14000 ---p 00000000 00:00 0 
7fdb29a14000-7fdb29b12000 rw-p 00000000 00:00 0                          [stack:15513]
7fdb29b12000-7fdb29b15000 ---p 00000000 00:00 0 
7fdb29b15000-7fdb29c13000 rw-p 00000000 00:00 0                          [stack:15512]
7fdb29c13000-7fdb2a2f5000 r--p 00000000 08:01 3414858                    /usr/lib/locale/locale-archive
7fdb2a2f5000-7fdb2a2f8000 ---p 00000000 00:00 0 
7fdb2a2f8000-7fdb2a3f6000 rw-p 00000000 00:00 0                          [stack:15511]
7fdb2a3f6000-7fdb2a3f9000 ---p 00000000 00:00 0 
7fdb2a3f9000-7fdb2a4f7000 rw-p 00000000 00:00 0                          [stack:15510]
7fdb2a4f7000-7fdb2a4f8000 ---p 00000000 00:00 0 
7fdb2a4f8000-7fdb2c000000 rw-p 00000000 00:00 0                          [stack:15509]
7fdb2c000000-7fdb2c4e1000 rw-p 00000000 00:00 0 
7fdb2c4e1000-7fdb30000000 ---p 00000000 00:00 0 
7fdb30005000-7fdb301b6000 r--s 01d27000 08:01 3417753                    /usr/lib/jvm/java-7-openjdk-amd64/jre/lib/rt.jar
7fdb301b6000-7fdb30353000 rw-p 00000000 00:00 0 
7fdb30353000-7fdb30354000 ---p 00000000 00:00 0 
7fdb30354000-7fdb30454000 rw-p 00000000 00:00 0                          [stack:15508]
7fdb30454000-7fdb30455000 ---p 00000000 00:00 0 
7fdb30455000-7fdb30701000 rw-p 00000000 00:00 0                          [stack:15507]
7fdb30701000-7fdb31000000 rw-p 00000000 00:00 0 
7fdb31000000-7fdb314e0000 rwxp 00000000 00:00 0 
7fdb314e0000-7fdb34440000 rw-p 00000000 00:00 0 
7fdb34440000-7fdb38000000 ---p 00000000 00:00 0 
7fdb38019000-7fdb38024000 rw-p 00000000 00:00 0 
7fdb38024000-7fdb3806c000 rw-p 00000000 00:00 0 
7fdb3806c000-7fdb38077000 rw-p 00000000 00:00 0 
7fdb38077000-7fdb380bf000 rw-p 00000000 00:00 0 
7fdb380bf000-7fdb3826b000 rw-p 00000000 00:00 0 
7fdb3826b000-7fdb38b69000 rw-p 00000000 00:00 0 
7fdb38b69000-7fdb38ef3000 rw-p 00000000 00:00 0 
7fdb38ef3000-7fdb390bf000 rw-p 00000000 00:00 0 
7fdb390bf000-7fdb390c0000 rw-p 00000000 00:00 0 
7fdb390c0000-7fdb390c8000 r-xp 00000000 08:01 3417728                    /usr/lib/jvm/java-7-openjdk-amd64/jre/lib/amd64/libzip.so
7fdb390c8000-7fdb392c7000 ---p 00008000 08:01 3417728                    /usr/lib/jvm/java-7-openjdk-amd64/jre/lib/amd64/libzip.so
7fdb392c7000-7fdb392c8000 r--p 00007000 08:01 3417728                    /usr/lib/jvm/java-7-openjdk-amd64/jre/lib/amd64/libzip.so
7fdb392c8000-7fdb392c9000 rw-p 00008000 08:01 3417728                    /usr/lib/jvm/java-7-openjdk-amd64/jre/lib/amd64/libzip.so
7fdb392c9000-7fdb392d4000 r-xp 00000000 08:01 10758130                   /lib/x86_64-linux-gnu/libnss_files-2.19.so
7fdb392d4000-7fdb394d3000 ---p 0000b000 08:01 10758130                   /lib/x86_64-linux-gnu/libnss_files-2.19.so
7fdb394d3000-7fdb394d4000 r--p 0000a000 08:01 10758130                   /lib/x86_64-linux-gnu/libnss_files-2.19.so
7fdb394d4000-7fdb394d5000 rw-p 0000b000 08:01 10758130                   /lib/x86_64-linux-gnu/libnss_files-2.19.so
7fdb394d5000-7fdb394e0000 r-xp 00000000 08:01 10758150                   /lib/x86_64-linux-gnu/libnss_nis-2.19.so
7fdb394e0000-7fdb396df000 ---p 0000b000 08:01 10758150                   /lib/x86_64-linux-gnu/libnss_nis-2.19.so
7fdb396df000-7fdb396e0000 r--p 0000a000 08:01 10758150                   /lib/x86_64-linux-gnu/libnss_nis-2.19.so
7fdb396e0000-7fdb396e1000 rw-p 0000b000 08:01 10758150                   /lib/x86_64-linux-gnu/libnss_nis-2.19.so
7fdb396e1000-7fdb396f8000 r-xp 00000000 08:01 10758139                   /lib/x86_64-linux-gnu/libnsl-2.19.so
7fdb396f8000-7fdb398f7000 ---p 00017000 08:01 10758139                   /lib/x86_64-linux-gnu/libnsl-2.19.so
7fdb398f7000-7fdb398f8000 r--p 00016000 08:01 10758139                   /lib/x86_64-linux-gnu/libnsl-2.19.so
7fdb398f8000-7fdb398f9000 rw-p 00017000 08:01 10758139                   /lib/x86_64-linux-gnu/libnsl-2.19.so
7fdb398f9000-7fdb398fb000 rw-p 00000000 00:00 0 
7fdb398fb000-7fdb39904000 r-xp 00000000 08:01 10758138                   /lib/x86_64-linux-gnu/libnss_compat-2.19.so
7fdb39904000-7fdb39b03000 ---p 00009000 08:01 10758138                   /lib/x86_64-linux-gnu/libnss_compat-2.19.so
7fdb39b03000-7fdb39b04000 r--p 00008000 08:01 10758138                   /lib/x86_64-linux-gnu/libnss_compat-2.19.so
7fdb39b04000-7fdb39b05000 rw-p 00009000 08:01 10758138                   /lib/x86_64-linux-gnu/libnss_compat-2.19.so
7fdb39b05000-7fdb39b30000 r-xp 00000000 08:01 3417745                    /usr/lib/jvm/java-7-openjdk-amd64/jre/lib/amd64/libjava.so
7fdb39b30000-7fdb39d30000 ---p 0002b000 08:01 3417745                    /usr/lib/jvm/java-7-openjdk-amd64/jre/lib/amd64/libjava.so
7fdb39d30000-7fdb39d31000 r--p 0002b000 08:01 3417745                    /usr/lib/jvm/java-7-openjdk-amd64/jre/lib/amd64/libjava.so
7fdb39d31000-7fdb39d33000 rw-p 0002c000 08:01 3417745                    /usr/lib/jvm/java-7-openjdk-amd64/jre/lib/amd64/libjava.so
7fdb39d33000-7fdb39d43000 r-xp 00000000 08:01 3417742                    /usr/lib/jvm/java-7-openjdk-amd64/jre/lib/amd64/libverify.so
7fdb39d43000-7fdb39f42000 ---p 00010000 08:01 3417742                    /usr/lib/jvm/java-7-openjdk-amd64/jre/lib/amd64/libverify.so
7fdb39f42000-7fdb39f44000 r--p 0000f000 08:01 3417742                    /usr/lib/jvm/java-7-openjdk-amd64/jre/lib/amd64/libverify.so
7fdb39f44000-7fdb39f45000 rw-p 00011000 08:01 3417742                    /usr/lib/jvm/java-7-openjdk-amd64/jre/lib/amd64/libverify.so
7fdb39f45000-7fdb39f4c000 r-xp 00000000 08:01 10758147                   /lib/x86_64-linux-gnu/librt-2.19.so
7fdb39f4c000-7fdb3a14b000 ---p 00007000 08:01 10758147                   /lib/x86_64-linux-gnu/librt-2.19.so
7fdb3a14b000-7fdb3a14c000 r--p 00006000 08:01 10758147                   /lib/x86_64-linux-gnu/librt-2.19.so
7fdb3a14c000-7fdb3a14d000 rw-p 00007000 08:01 10758147                   /lib/x86_64-linux-gnu/librt-2.19.so
7fdb3a14d000-7fdb3a163000 r-xp 00000000 08:01 10751968                   /lib/x86_64-linux-gnu/libgcc_s.so.1
7fdb3a163000-7fdb3a362000 ---p 00016000 08:01 10751968                   /lib/x86_64-linux-gnu/libgcc_s.so.1
7fdb3a362000-7fdb3a363000 rw-p 00015000 08:01 10751968                   /lib/x86_64-linux-gnu/libgcc_s.so.1
7fdb3a363000-7fdb3a468000 r-xp 00000000 08:01 10758129                   /lib/x86_64-linux-gnu/libm-2.19.so
7fdb3a468000-7fdb3a667000 ---p 00105000 08:01 10758129                   /lib/x86_64-linux-gnu/libm-2.19.so
7fdb3a667000-7fdb3a668000 r--p 00104000 08:01 10758129                   /lib/x86_64-linux-gnu/libm-2.19.so
7fdb3a668000-7fdb3a669000 rw-p 00105000 08:01 10758129                   /lib/x86_64-linux-gnu/libm-2.19.so
7fdb3a669000-7fdb3a74f000 r-xp 00000000 08:01 3412138                    /usr/lib/x86_64-linux-gnu/libstdc++.so.6.0.19
7fdb3a74f000-7fdb3a94e000 ---p 000e6000 08:01 3412138                    /usr/lib/x86_64-linux-gnu/libstdc++.so.6.0.19
7fdb3a94e000-7fdb3a956000 r--p 000e5000 08:01 3412138                    /usr/lib/x86_64-linux-gnu/libstdc++.so.6.0.19
7fdb3a956000-7fdb3a958000 rw-p 000ed000 08:01 3412138                    /usr/lib/x86_64-linux-gnu/libstdc++.so.6.0.19
7fdb3a958000-7fdb3a96d000 rw-p 00000000 00:00 0 
7fdb3a96d000-7fdb3b485000 r-xp 00000000 08:01 3417751                    /usr/lib/jvm/java-7-openjdk-amd64/jre/lib/amd64/server/libjvm.so
7fdb3b485000-7fdb3b685000 ---p 00b18000 08:01 3417751                    /usr/lib/jvm/java-7-openjdk-amd64/jre/lib/amd64/server/libjvm.so
7fdb3b685000-7fdb3b71f000 r--p 00b18000 08:01 3417751                    /usr/lib/jvm/java-7-openjdk-amd64/jre/lib/amd64/server/libjvm.so
7fdb3b71f000-7fdb3b742000 rw-p 00bb2000 08:01 3417751                    /usr/lib/jvm/java-7-openjdk-amd64/jre/lib/amd64/server/libjvm.so
7fdb3b742000-7fdb3b770000 rw-p 00000000 00:00 0 
7fdb3b770000-7fdb3b788000 r-xp 00000000 08:01 10752104                   /lib/x86_64-linux-gnu/libz.so.1.2.8
7fdb3b788000-7fdb3b987000 ---p 00018000 08:01 10752104                   /lib/x86_64-linux-gnu/libz.so.1.2.8
7fdb3b987000-7fdb3b988000 r--p 00017000 08:01 10752104                   /lib/x86_64-linux-gnu/libz.so.1.2.8
7fdb3b988000-7fdb3b989000 rw-p 00018000 08:01 10752104                   /lib/x86_64-linux-gnu/libz.so.1.2.8
7fdb3b989000-7fdb3b9a2000 r-xp 00000000 08:01 10758145                   /lib/x86_64-linux-gnu/libpthread-2.19.so
7fdb3b9a2000-7fdb3bba1000 ---p 00019000 08:01 10758145                   /lib/x86_64-linux-gnu/libpthread-2.19.so
7fdb3bba1000-7fdb3bba2000 r--p 00018000 08:01 10758145                   /lib/x86_64-linux-gnu/libpthread-2.19.so
7fdb3bba2000-7fdb3bba3000 rw-p 00019000 08:01 10758145                   /lib/x86_64-linux-gnu/libpthread-2.19.so
7fdb3bba3000-7fdb3bba7000 rw-p 00000000 00:00 0 
7fdb3bba7000-7fdb3bbaa000 r-xp 00000000 08:01 10758133                   /lib/x86_64-linux-gnu/libdl-2.19.so
7fdb3bbaa000-7fdb3bda9000 ---p 00003000 08:01 10758133                   /lib/x86_64-linux-gnu/libdl-2.19.so
7fdb3bda9000-7fdb3bdaa000 r--p 00002000 08:01 10758133                   /lib/x86_64-linux-gnu/libdl-2.19.so
7fdb3bdaa000-7fdb3bdab000 rw-p 00003000 08:01 10758133                   /lib/x86_64-linux-gnu/libdl-2.19.so
7fdb3bdab000-7fdb3bf66000 r-xp 00000000 08:01 10758144                   /lib/x86_64-linux-gnu/libc-2.19.so
7fdb3bf66000-7fdb3c165000 ---p 001bb000 08:01 10758144                   /lib/x86_64-linux-gnu/libc-2.19.so
7fdb3c165000-7fdb3c169000 r--p 001ba000 08:01 10758144                   /lib/x86_64-linux-gnu/libc-2.19.so
7fdb3c169000-7fdb3c16b000 rw-p 001be000 08:01 10758144                   /lib/x86_64-linux-gnu/libc-2.19.so
7fdb3c16b000-7fdb3c170000 rw-p 00000000 00:00 0 
7fdb3c170000-7fdb3c17d000 r-xp 00000000 08:01 3417720                    /usr/lib/jvm/java-7-openjdk-amd64/jre/lib/amd64/jli/libjli.so
7fdb3c17d000-7fdb3c37c000 ---p 0000d000 08:01 3417720                    /usr/lib/jvm/java-7-openjdk-amd64/jre/lib/amd64/jli/libjli.so
7fdb3c37c000-7fdb3c37d000 r--p 0000c000 08:01 3417720                    /usr/lib/jvm/java-7-openjdk-amd64/jre/lib/amd64/jli/libjli.so
7fdb3c37d000-7fdb3c37e000 rw-p 0000d000 08:01 3417720                    /usr/lib/jvm/java-7-openjdk-amd64/jre/lib/amd64/jli/libjli.so
7fdb3c37e000-7fdb3c3a1000 r-xp 00000000 08:01 10758141                   /lib/x86_64-linux-gnu/ld-2.19.so
7fdb3c3a7000-7fdb3c3a8000 rw-p 00000000 00:00 0 
7fdb3c3a8000-7fdb3c3ad000 r--s 0004d000 08:01 3417772                    /usr/lib/jvm/java-7-openjdk-amd64/jre/lib/jsse.jar
7fdb3c3ad000-7fdb3c3bb000 r--s 000dc000 08:01 12847943                   /home/gautam/android-sdk-linux/build-tools/21.1.1/lib/dx.jar
7fdb3c3bb000-7fdb3c3bd000 r--s 00012000 08:01 3417762                    /usr/lib/jvm/java-7-openjdk-amd64/jre/lib/ext/zipfs.jar
7fdb3c3bd000-7fdb3c3c0000 r--s 00086000 08:01 3417760                    /usr/lib/jvm/java-7-openjdk-amd64/jre/lib/ext/localedata.jar
7fdb3c3c0000-7fdb3c3c1000 r--s 00002000 08:01 3417758                    /usr/lib/jvm/java-7-openjdk-amd64/jre/lib/ext/dnsns.jar
7fdb3c3c1000-7fdb3c3d5000 rw-p 00000000 00:00 0 
7fdb3c3d5000-7fdb3c481000 rw-p 00000000 00:00 0 
7fdb3c481000-7fdb3c484000 ---p 00000000 00:00 0 
7fdb3c484000-7fdb3c587000 rw-p 00000000 00:00 0                          [stack:15506]
7fdb3c587000-7fdb3c58a000 r--s 0000f000 08:01 3417757                    /usr/lib/jvm/java-7-openjdk-amd64/jre/lib/ext/icedtea-sound.jar
7fdb3c58a000-7fdb3c58e000 r--s 0003c000 08:01 3417759                    /usr/lib/jvm/java-7-openjdk-amd64/jre/lib/ext/sunpkcs11.jar
7fdb3c58e000-7fdb3c592000 r--s 00034000 08:01 3417761                    /usr/lib/jvm/java-7-openjdk-amd64/jre/lib/ext/sunjce_provider.jar
7fdb3c592000-7fdb3c594000 r--s 00006000 08:01 3801190                    /usr/share/java/java-atk-wrapper.jar
7fdb3c594000-7fdb3c59c000 rw-s 00000000 08:01 3014941                    /tmp/hsperfdata_gautam/15502
7fdb3c59c000-7fdb3c59d000 rw-p 00000000 00:00 0 
7fdb3c59d000-7fdb3c59e000 ---p 00000000 00:00 0 
7fdb3c59e000-7fdb3c5a0000 rw-p 00000000 00:00 0 
7fdb3c5a0000-7fdb3c5a1000 r--p 00022000 08:01 10758141                   /lib/x86_64-linux-gnu/ld-2.19.so
7fdb3c5a1000-7fdb3c5a2000 rw-p 00023000 08:01 10758141                   /lib/x86_64-linux-gnu/ld-2.19.so
7fdb3c5a2000-7fdb3c5a3000 rw-p 00000000 00:00 0 
7fff4a75c000-7fff4a77e000 rw-p 00000000 00:00 0                          [stack]
7fff4a7fc000-7fff4a7fe000 r-xp 00000000 00:00 0                          [vdso]
7fff4a7fe000-7fff4a800000 r--p 00000000 00:00 0                          [vvar]
ffffffffff600000-ffffffffff601000 r-xp 00000000 00:00 0                  [vsyscall]

VM Arguments:
jvm_args: -Xmx8g -Dfile.encoding=UTF-8 -Duser.country=IN -Duser.language=en -Duser.variant 
java_command: com.android.dx.command.Main --dex --multi-dex --main-dex-list /home/gautam/AndroidStudioProjects/MLeads9.7.3/mLeads971/build/intermediates/multi-dex/debug/maindexlist.txt --set-max-idx-number=50000 --output /home/gautam/AndroidStudioProjects/MLeads9.7.3/mLeads971/build/intermediates/dex/debug /home/gautam/AndroidStudioProjects/MLeads9.7.3/mLeads971/build/intermediates/multi-dex/debug/allclasses.jar
Launcher Type: SUN_STANDARD

Environment Variables:
JAVA_HOME=/usr/lib/jvm/java-7-openjdk-amd64
CLASSPATH=./../lib/bootstrap.jar:./../lib/extensions.jar:./../lib/util.jar:./../lib/jdom.jar:./../lib/log4j.jar:./../lib/trove4j.jar:./../lib/jna.jar:/usr/lib/jvm/java-7-openjdk-amd64/lib/tools.jar
PATH=/usr/local/sbin:/usr/local/bin:/usr/sbin:/usr/bin:/sbin:/bin:/usr/games:/usr/local/games:usr/lib/jvm/java-1.7.0-openjdk-amd64/bin:/home/gautam/bin:/usr/lib/jvm/java-7-openjdk-amd64/bin
LD_LIBRARY_PATH=.:
SHELL=/bin/bash
DISPLAY=:0

Signal Handlers:
SIGSEGV: [libjvm.so+0x94b9a0], sa_mask[0]=0x7ffbfeff, sa_flags=0x10000004
SIGBUS: [libjvm.so+0x94b9a0], sa_mask[0]=0x7ffbfeff, sa_flags=0x10000004
SIGFPE: [libjvm.so+0x7c3880], sa_mask[0]=0x7ffbfeff, sa_flags=0x10000004
SIGPIPE: [libjvm.so+0x7c3880], sa_mask[0]=0x7ffbfeff, sa_flags=0x10000004
SIGXFSZ: [libjvm.so+0x7c3880], sa_mask[0]=0x7ffbfeff, sa_flags=0x10000004
SIGILL: [libjvm.so+0x7c3880], sa_mask[0]=0x7ffbfeff, sa_flags=0x10000004
SIGUSR1: SIG_DFL, sa_mask[0]=0x00000000, sa_flags=0x00000000
SIGUSR2: [libjvm.so+0x7c3720], sa_mask[0]=0x00000004, sa_flags=0x10000004
SIGHUP: [libjvm.so+0x7c3900], sa_mask[0]=0x7ffbfeff, sa_flags=0x10000004
SIGINT: [libjvm.so+0x7c3900], sa_mask[0]=0x7ffbfeff, sa_flags=0x10000004
SIGTERM: [libjvm.so+0x7c3900], sa_mask[0]=0x7ffbfeff, sa_flags=0x10000004
SIGQUIT: [libjvm.so+0x7c3900], sa_mask[0]=0x7ffbfeff, sa_flags=0x10000004
SIGTRAP: SIG_DFL, sa_mask[0]=0x00000000, sa_flags=0x00000000


---------------  S Y S T E M  ---------------

OS:Ubuntu 14.04 (trusty)
uname:Linux 3.16.0-30-generic #40~14.04.1-Ubuntu SMP Thu Jan 15 17:43:14 UTC 2015 x86_64
libc:glibc 2.19 NPTL 2.19 
rlimit: STACK 8192k, CORE 0k, NPROC 15587, NOFILE 4096, AS infinity
load average:5.38 3.52 2.49

/proc/meminfo:
MemTotal:        4011848 kB
MemFree:          152972 kB
MemAvailable:     110676 kB
Buffers:            1056 kB
Cached:            64692 kB
SwapCached:        47716 kB
Active:          2727696 kB
Inactive:         933880 kB
Active(anon):    2707936 kB
Inactive(anon):   915652 kB
Active(file):      19760 kB
Inactive(file):    18228 kB
Unevictable:         432 kB
Mlocked:             432 kB
SwapTotal:       4156412 kB
SwapFree:         259628 kB
Dirty:                36 kB
Writeback:          2128 kB
AnonPages:       3557848 kB
Mapped:            34956 kB
Shmem:             27456 kB
Slab:              79744 kB
SReclaimable:      46360 kB
SUnreclaim:        33384 kB
KernelStack:        9840 kB
PageTables:        61064 kB
NFS_Unstable:          0 kB
Bounce:                0 kB
WritebackTmp:          0 kB
CommitLimit:     6162336 kB
Committed_AS:   12905772 kB
VmallocTotal:   34359738367 kB
VmallocUsed:      544008 kB
VmallocChunk:   34359183932 kB
HardwareCorrupted:     0 kB
AnonHugePages:   1032192 kB
HugePages_Total:       0
HugePages_Free:        0
HugePages_Rsvd:        0
HugePages_Surp:        0
Hugepagesize:       2048 kB
DirectMap4k:       41856 kB
DirectMap2M:     4116480 kB


CPU:total 2 (2 cores per cpu, 1 threads per core) family 6 model 23 stepping 10, cmov, cx8, fxsr, mmx, sse, sse2, sse3, ssse3, sse4.1, tsc

/proc/cpuinfo:
processor	: 0
vendor_id	: GenuineIntel
cpu family	: 6
model		: 23
model name	: Intel(R) Core(TM)2 Duo CPU     E7500  @ 2.93GHz
stepping	: 10
microcode	: 0xa07
cpu MHz		: 2933.000
cache size	: 3072 KB
physical id	: 0
siblings	: 2
core id		: 0
cpu cores	: 2
apicid		: 0
initial apicid	: 0
fpu		: yes
fpu_exception	: yes
cpuid level	: 13
wp		: yes
flags		: fpu vme de pse tsc msr pae mce cx8 apic sep mtrr pge mca cmov pat pse36 clflush dts acpi mmx fxsr sse sse2 ss ht tm pbe syscall nx lm constant_tsc arch_perfmon pebs bts rep_good nopl aperfmperf pni dtes64 monitor ds_cpl vmx est tm2 ssse3 cx16 xtpr pdcm sse4_1 xsave lahf_lm dtherm tpr_shadow vnmi flexpriority
bogomips	: 5866.77
clflush size	: 64
cache_alignment	: 64
address sizes	: 36 bits physical, 48 bits virtual
power management:

processor	: 1
vendor_id	: GenuineIntel
cpu family	: 6
model		: 23
model name	: Intel(R) Core(TM)2 Duo CPU     E7500  @ 2.93GHz
stepping	: 10
microcode	: 0xa07
cpu MHz		: 2933.000
cache size	: 3072 KB
physical id	: 0
siblings	: 2
core id		: 1
cpu cores	: 2
apicid		: 1
initial apicid	: 1
fpu		: yes
fpu_exception	: yes
cpuid level	: 13
wp		: yes
flags		: fpu vme de pse tsc msr pae mce cx8 apic sep mtrr pge mca cmov pat pse36 clflush dts acpi mmx fxsr sse sse2 ss ht tm pbe syscall nx lm constant_tsc arch_perfmon pebs bts rep_good nopl aperfmperf pni dtes64 monitor ds_cpl vmx est tm2 ssse3 cx16 xtpr pdcm sse4_1 xsave lahf_lm dtherm tpr_shadow vnmi flexpriority
bogomips	: 5866.77
clflush size	: 64
cache_alignment	: 64
address sizes	: 36 bits physical, 48 bits virtual
power management:



Memory: 4k page, physical 4011848k(152972k free), swap 4156412k(259628k free)

vm_info: OpenJDK 64-Bit Server VM (24.79-b02) for linux-amd64 JRE (1.7.0_79-b14), built on Apr 16 2015 08:21:58 by "buildd" with gcc 4.8.2

time: Fri Dec 11 16:55:39 2015
elapsed time: 120 seconds

